【登录信息】
*af75cc75e91933b02640c226238c1012*
`登陆天数: 23天 / 1412天
等级: 133
石头: 111
呼符: 14
体力: 19.950000000000003 / 139
友情点: 60 / 1202905`
_2024-03-31 19:34:29_
--------
*abc026429421bc613b47d71381f48072*
`登陆天数: 24天 / 2665天
等级: 167
石头: 170
呼符: 8
体力: 50.68000000000001 / 146
友情点: 0 / 2570425`
*連続ログイン3日目
※ログインが途切れるか、7日到達すると
1日目から再開されます*
`叡智の業火 X 1
4月交換券(2024) X 1
`*Fate/Grand Order 春の新米マスター応援キャンペーン2024！
特別ログインボーナス*
*開催期間中、1日1回 最大7回 回数ログインボーナスをプレゼント！*
`聖晶石 X 1
`_2024-03-31 19:34:37_
--------
*8e4325a8da78dc6b19d6911a1e803d30*
`登陆天数: 94天 / 799天
等级: 138
石头: 241
呼符: 29
体力: 24.596666666666664 / 140
友情点: 220 / 995100`
*連続ログイン3日目
※ログインが途切れるか、7日到達すると
1日目から再開されます*
`叡智の業火 X 1
4月交換券(2024) X 1
`*Fate/Grand Order 春の新米マスター応援キャンペーン2024！
特別ログインボーナス*
*開催期間中、1日1回 最大7回 回数ログインボーナスをプレゼント！*
`聖晶石 X 1
`_2024-03-31 19:34:47_
--------
*216fc160119ce734295777f23a6deca0*
`登陆天数: 54天 / 1444天
等级: 143
石头: 1378
呼符: 102
体力: 18.27666666666667 / 141
友情点: 140 / 2389660`
*連続ログイン5日目
※ログインが途切れるか、7日到達すると
1日目から再開されます*
`叡智の業火 X 2
4月交換券(2024) X 1
`*Fate/Grand Order 春の新米マスター応援キャンペーン2024！
特別ログインボーナス*
*開催期間中、1日1回 最大7回 回数ログインボーナスをプレゼント！*
`聖晶石 X 1
`_2024-03-31 19:34:56_
--------
*d679950706562a7c71e3a5ab4f53a2cf*
`登陆天数: 54天 / 981天
等级: 133
石头: 317
呼符: 31
体力: 32.0 / 139
友情点: 120 / 774935`
*連続ログイン5日目
※ログインが途切れるか、7日到達すると
1日目から再開されます*
`叡智の業火 X 2
4月交換券(2024) X 1
`*Fate/Grand Order 春の新米マスター応援キャンペーン2024！
特別ログインボーナス*
*開催期間中、1日1回 最大7回 回数ログインボーナスをプレゼント！*
`聖晶石 X 1
`_2024-03-31 19:35:08_
--------
*bd5dad2e34e30589543305c48da9558a*
`登陆天数: 23天 / 37天
等级: 120
石头: 775
呼符: 13
体力: 883.49 / 135
友情点: 0 / 72695`
*連続ログイン2日目
※ログインが途切れるか、7日到達すると
1日目から再開されます*
`聖晶石 X 1
4月交換券(2024) X 1
`*「Fate/Dream Striker」リリース記念 初回ログインボーナス*
*開催期間中、初回ログインで「聖晶石×10」をプレゼント！*
`聖晶石 X 10
`_2024-03-31 19:35:16_
--------
*cbd11d2d7e06a1c2b2f1f789757cd0ac*
`登陆天数: 23天 / 1177天
等级: 132
石头: 314
呼符: 25
体力: 52706.426666666666 / 138
友情点: 160 / 1128095`
*連続ログイン2日目
※ログインが途切れるか、7日到達すると
1日目から再開されます*
`聖晶石 X 1
4月交換券(2024) X 1
`*「Fate/Dream Striker」リリース記念 初回ログインボーナス*
*開催期間中、初回ログインで「聖晶石×10」をプレゼント！*
`聖晶石 X 10
`_2024-03-31 19:35:24_
--------
*3b4a081645437bf262d528642bcf9a58*
`登陆天数: 23天 / 959天
等级: 127
石头: 422
呼符: 1
体力: 6111.136666666666 / 137
友情点: 100 / 707350`
*連続ログイン2日目
※ログインが途切れるか、7日到達すると
1日目から再開されます*
`聖晶石 X 1
4月交換券(2024) X 1
`*「Fate/Dream Striker」リリース記念 初回ログインボーナス*
*開催期間中、初回ログインで「聖晶石×10」をプレゼント！*
`聖晶石 X 10
`_2024-03-31 19:35:33_
--------
*f63f20327d7c1cebab4aa0591334ecbc*
`登陆天数: 22天 / 241天
等级: 131
石头: 377
呼符: 19
体力: 24.50666666666666 / 138
友情点: 180 / 6634685`
*連続ログイン1日目
※ログインが途切れるか、7日到達すると
1日目から再開されます*
`フレンドポイント X 2000
4月交換券(2024) X 1
`*Fate/Grand Order 春の新米マスター応援キャンペーン2024！
特別ログインボーナス*
*開催期間中、1日1回 最大7回 回数ログインボーナスをプレゼント！*
`聖晶石 X 1
`_2024-03-31 19:35:41_
--------
