【登录信息】
*af75cc75e91933b02640c226238c1012*
`登陆天数: 24天 / 1413天
等级: 133
石头: 111
呼符: 14
体力: 108.10333333333332 / 139
友情点: 40 / 1203265`
*連続ログイン3日目
※ログインが途切れるか、7日到達すると
1日目から再開されます*
`叡智の業火 X 1
4月交換券(2024) X 1
`*Fate/Grand Order 春の新米マスター応援キャンペーン2024！
特別ログインボーナス*
*開催期間中、1日1回 最大7回 回数ログインボーナスをプレゼント！*
`聖晶石 X 1
`_2024-04-01 19:35:15_
--------
*abc026429421bc613b47d71381f48072*
`登陆天数: 25天 / 2666天
等级: 167
石头: 170
呼符: 8
体力: 58.83333333333333 / 146
友情点: 0 / 2570775`
*連続ログイン4日目
※ログインが途切れるか、7日到達すると
1日目から再開されます*
`聖晶石 X 1
4月交換券(2024) X 1
`*Fate/Grand Order 春の新米マスター応援キャンペーン2024！
特別ログインボーナス*
*開催期間中、1日1回 最大7回 回数ログインボーナスをプレゼント！*
`聖晶石 X 1
`_2024-04-01 19:35:23_
--------
*8e4325a8da78dc6b19d6911a1e803d30*
`登陆天数: 95天 / 800天
等级: 138
石头: 241
呼符: 29
体力: 18.74666666666667 / 140
友情点: 260 / 996400`
*連続ログイン4日目
※ログインが途切れるか、7日到達すると
1日目から再開されます*
`聖晶石 X 1
4月交換券(2024) X 1
`*Fate/Grand Order 春の新米マスター応援キャンペーン2024！
特別ログインボーナス*
*開催期間中、1日1回 最大7回 回数ログインボーナスをプレゼント！*
`聖晶石 X 1
`_2024-04-01 19:35:33_
--------
*216fc160119ce734295777f23a6deca0*
`登陆天数: 55天 / 1445天
等级: 143
石头: 1378
呼符: 102
体力: 12.426666666666677 / 141
友情点: 280 / 2390850`
*連続ログイン6日目
※ログインが途切れるか、7日到達すると
1日目から再開されます*
`聖晶石 X 2
4月交換券(2024) X 1
`*Fate/Grand Order 春の新米マスター応援キャンペーン2024！
特別ログインボーナス*
*開催期間中、1日1回 最大7回 回数ログインボーナスをプレゼント！*
`聖晶石 X 1
`_2024-04-01 19:35:41_
--------
*d679950706562a7c71e3a5ab4f53a2cf*
`登陆天数: 55天 / 982天
等级: 133
石头: 317
呼符: 31
体力: 40.150000000000006 / 139
友情点: 140 / 775545`
*連続ログイン6日目
※ログインが途切れるか、7日到達すると
1日目から再開されます*
`聖晶石 X 2
4月交換券(2024) X 1
`*Fate/Grand Order 春の新米マスター応援キャンペーン2024！
特別ログインボーナス*
*開催期間中、1日1回 最大7回 回数ログインボーナスをプレゼント！*
`聖晶石 X 1
`_2024-04-01 19:35:53_
--------
*bd5dad2e34e30589543305c48da9558a*
`登陆天数: 24天 / 38天
等级: 120
石头: 775
呼符: 13
体力: 1171.6366666666668 / 135
友情点: 0 / 72695`
*連続ログイン3日目
※ログインが途切れるか、7日到達すると
1日目から再開されます*
`叡智の業火 X 1
4月交換券(2024) X 1
`*Fate/Grand Order 春の新米マスター応援キャンペーン2024！
特別ログインボーナス*
*開催期間中、1日1回 最大7回 回数ログインボーナスをプレゼント！*
`聖晶石 X 1
`_2024-04-01 19:36:01_
--------
*cbd11d2d7e06a1c2b2f1f789757cd0ac*
`登陆天数: 24天 / 1178天
等级: 132
石头: 314
呼符: 25
体力: 52994.573333333334 / 138
友情点: 100 / 1128195`
*連続ログイン3日目
※ログインが途切れるか、7日到達すると
1日目から再開されます*
`叡智の業火 X 1
4月交換券(2024) X 1
`*Fate/Grand Order 春の新米マスター応援キャンペーン2024！
特別ログインボーナス*
*開催期間中、1日1回 最大7回 回数ログインボーナスをプレゼント！*
`聖晶石 X 1
`_2024-04-01 19:36:09_
--------
*3b4a081645437bf262d528642bcf9a58*
`登陆天数: 24天 / 960天
等级: 127
石头: 422
呼符: 1
体力: 6399.283333333334 / 137
友情点: 60 / 707410`
*連続ログイン3日目
※ログインが途切れるか、7日到達すると
1日目から再開されます*
`叡智の業火 X 1
4月交換券(2024) X 1
`*Fate/Grand Order 春の新米マスター応援キャンペーン2024！
特別ログインボーナス*
*開催期間中、1日1回 最大7回 回数ログインボーナスをプレゼント！*
`聖晶石 X 1
`_2024-04-01 19:36:17_
--------
*f63f20327d7c1cebab4aa0591334ecbc*
`登陆天数: 23天 / 242天
等级: 131
石头: 381
呼符: 19
体力: 21.656666666666666 / 138
友情点: 100 / 6635765`
*連続ログイン2日目
※ログインが途切れるか、7日到達すると
1日目から再開されます*
`聖晶石 X 1
4月交換券(2024) X 1
`*Fate/Grand Order 春の新米マスター応援キャンペーン2024！
特別ログインボーナス*
*開催期間中、1日1回 最大7回 回数ログインボーナスをプレゼント！*
`聖晶石 X 1
`_2024-04-01 19:36:26_
--------
