【登录信息】
*af75cc75e91933b02640c226238c1012*
`登陆天数: 25天 / 1414天
等级: 133
石头: 111
呼符: 14
体力: 96.05 / 139
友情点: 20 / 1204905`
*連続ログイン4日目
※ログインが途切れるか、7日到達すると
1日目から再開されます*
`聖晶石 X 1
4月交換券(2024) X 1
`*Fate/Grand Order 春の新米マスター応援キャンペーン2024！
特別ログインボーナス*
*開催期間中、1日1回 最大7回 回数ログインボーナスをプレゼント！*
`聖晶石 X 1
`_2024-04-02 19:34:59_
--------
*abc026429421bc613b47d71381f48072*
`登陆天数: 26天 / 2667天
等级: 167
石头: 170
呼符: 8
体力: 66.78 / 146
友情点: 0 / 2571125`
*連続ログイン5日目
※ログインが途切れるか、7日到達すると
1日目から再開されます*
`叡智の業火 X 2
4月交換券(2024) X 1
`*Fate/Grand Order 春の新米マスター応援キャンペーン2024！
特別ログインボーナス*
*開催期間中、1日1回 最大7回 回数ログインボーナスをプレゼント！*
`聖晶石 X 1
`_2024-04-02 19:35:07_
--------
*8e4325a8da78dc6b19d6911a1e803d30*
`登陆天数: 96天 / 801天
等级: 138
石头: 241
呼符: 29
体力: 12.696666666666673 / 140
友情点: 140 / 998600`
_2024-04-02 19:35:17_
--------
*216fc160119ce734295777f23a6deca0*
`登陆天数: 56天 / 1446天
等级: 143
石头: 1378
呼符: 102
体力: 6.376666666666665 / 141
友情点: 200 / 2392200`
_2024-04-02 19:35:27_
--------
*d679950706562a7c71e3a5ab4f53a2cf*
`登陆天数: 56天 / 983天
等级: 133
石头: 317
呼符: 31
体力: 8.099999999999994 / 139
友情点: 80 / 776235`
_2024-04-02 19:35:38_
--------
*bd5dad2e34e30589543305c48da9558a*
`登陆天数: 25天 / 39天
等级: 120
石头: 775
呼符: 13
体力: 1459.59 / 135
友情点: 0 / 72695`
*連続ログイン4日目
※ログインが途切れるか、7日到達すると
1日目から再開されます*
`聖晶石 X 1
4月交換券(2024) X 1
`*Fate/Grand Order 春の新米マスター応援キャンペーン2024！
特別ログインボーナス*
*開催期間中、1日1回 最大7回 回数ログインボーナスをプレゼント！*
`聖晶石 X 1
`_2024-04-02 19:35:46_
--------
*cbd11d2d7e06a1c2b2f1f789757cd0ac*
`登陆天数: 25天 / 1179天
等级: 132
石头: 314
呼符: 25
体力: 53282.52333333333 / 138
友情点: 180 / 1128375`
*連続ログイン4日目
※ログインが途切れるか、7日到達すると
1日目から再開されます*
`聖晶石 X 1
4月交換券(2024) X 1
`*Fate/Grand Order 春の新米マスター応援キャンペーン2024！
特別ログインボーナス*
*開催期間中、1日1回 最大7回 回数ログインボーナスをプレゼント！*
`聖晶石 X 1
`_2024-04-02 19:35:54_
--------
*3b4a081645437bf262d528642bcf9a58*
`登陆天数: 25天 / 961天
等级: 127
石头: 422
呼符: 1
体力: 6687.233333333334 / 137
友情点: 80 / 707490`
*連続ログイン4日目
※ログインが途切れるか、7日到達すると
1日目から再開されます*
`聖晶石 X 1
4月交換券(2024) X 1
`*Fate/Grand Order 春の新米マスター応援キャンペーン2024！
特別ログインボーナス*
*開催期間中、1日1回 最大7回 回数ログインボーナスをプレゼント！*
`聖晶石 X 1
`_2024-04-02 19:36:03_
--------
*f63f20327d7c1cebab4aa0591334ecbc*
`登陆天数: 24天 / 243天
等级: 131
石头: 384
呼符: 19
体力: 15.60666666666667 / 138
友情点: 20 / 6639875`
_2024-04-02 19:36:11_
--------
