【登录信息】
*af75cc75e91933b02640c226238c1012*
`登陆天数: 26天 / 1415天
等级: 133
石头: 111
呼符: 14
体力: 83.97999999999999 / 139
友情点: 0 / 1205655`
*連続ログイン5日目
※ログインが途切れるか、7日到達すると
1日目から再開されます*
`叡智の業火 X 2
4月交換券(2024) X 1
`*日替りログインボーナス*
*開催期間中、1日1回 2週間日替りでログインボーナスをプレゼント！*
`聖晶石 X 1
巡霊の葉 X 50
`_2024-04-03 19:34:38_
--------
*abc026429421bc613b47d71381f48072*
`登陆天数: 27天 / 2668天
等级: 167
石头: 203
呼符: 15
体力: 61.709999999999994 / 146
友情点: 0 / 2573675`
*連続ログイン6日目
※ログインが途切れるか、7日到達すると
1日目から再開されます*
`聖晶石 X 2
4月交換券(2024) X 1
`*日替りログインボーナス*
*開催期間中、1日1回 2週間日替りでログインボーナスをプレゼント！*
`聖晶石 X 1
巡霊の葉 X 50
`_2024-04-03 19:34:46_
--------
*8e4325a8da78dc6b19d6911a1e803d30*
`登陆天数: 97天 / 802天
等级: 138
石头: 241
呼符: 29
体力: 111.62666666666667 / 140
友情点: 20 / 999510`
*連続ログイン6日目
※ログインが途切れるか、7日到達すると
1日目から再開されます*
`聖晶石 X 2
4月交換券(2024) X 1
`*日替りログインボーナス*
*開催期間中、1日1回 2週間日替りでログインボーナスをプレゼント！*
`聖晶石 X 1
巡霊の葉 X 50
`_2024-04-03 19:34:56_
--------
*216fc160119ce734295777f23a6deca0*
`登陆天数: 57天 / 1447天
等级: 143
石头: 1378
呼符: 102
体力: 105.30666666666667 / 141
友情点: 220 / 2393670`
*連続ログイン1日目
※ログインが途切れるか、7日到達すると
1日目から再開されます*
`フレンドポイント X 2000
4月交換券(2024) X 1
`*日替りログインボーナス*
*開催期間中、1日1回 2週間日替りでログインボーナスをプレゼント！*
`聖晶石 X 1
巡霊の葉 X 50
`_2024-04-03 19:35:05_
--------
*d679950706562a7c71e3a5ab4f53a2cf*
`登陆天数: 57天 / 984天
等级: 133
石头: 317
呼符: 31
体力: 96.03 / 139
友情点: 40 / 777015`
*連続ログイン1日目
※ログインが途切れるか、7日到達すると
1日目から再開されます*
`フレンドポイント X 2000
4月交換券(2024) X 1
`*日替りログインボーナス*
*開催期間中、1日1回 2週間日替りでログインボーナスをプレゼント！*
`聖晶石 X 1
巡霊の葉 X 50
`_2024-04-03 19:35:17_
--------
*bd5dad2e34e30589543305c48da9558a*
`登陆天数: 26天 / 40天
等级: 121
石头: 866
呼符: 21
体力: 16.28666666666666 / 136
友情点: 0 / 77845`
_2024-04-03 19:35:26_
--------
*cbd11d2d7e06a1c2b2f1f789757cd0ac*
`登陆天数: 26天 / 1180天
等级: 132
石头: 314
呼符: 25
体力: 53570.456666666665 / 138
友情点: 220 / 1128595`
*連続ログイン5日目
※ログインが途切れるか、7日到達すると
1日目から再開されます*
`叡智の業火 X 2
4月交換券(2024) X 1
`*日替りログインボーナス*
*開催期間中、1日1回 2週間日替りでログインボーナスをプレゼント！*
`聖晶石 X 1
巡霊の葉 X 50
`_2024-04-03 19:35:33_
--------
*3b4a081645437bf262d528642bcf9a58*
`登陆天数: 26天 / 962天
等级: 127
石头: 422
呼符: 1
体力: 6975.166666666667 / 137
友情点: 100 / 707590`
*連続ログイン5日目
※ログインが途切れるか、7日到達すると
1日目から再開されます*
`叡智の業火 X 2
4月交換券(2024) X 1
`*日替りログインボーナス*
*開催期間中、1日1回 2週間日替りでログインボーナスをプレゼント！*
`聖晶石 X 1
巡霊の葉 X 50
`_2024-04-03 19:35:42_
--------
*f63f20327d7c1cebab4aa0591334ecbc*
`登陆天数: 25天 / 244天
等级: 131
石头: 389
呼符: 19
体力: 9.539999999999992 / 138
友情点: 120 / 6640935`
_2024-04-03 19:35:51_
--------
