【登录信息】
*af75cc75e91933b02640c226238c1012*
`登陆天数: 27天 / 1416天
等级: 133
石头: 111
呼符: 14
体力: 92.23666666666666 / 139
友情点: 100 / 1206415`
*連続ログイン6日目
※ログインが途切れるか、7日到達すると
1日目から再開されます*
`聖晶石 X 2
4月交換券(2024) X 1
`*日替りログインボーナス*
*開催期間中、1日1回 2週間日替りでログインボーナスをプレゼント！*
`巡霊の葉 X 30
`_2024-04-04 19:35:55_
--------
*abc026429421bc613b47d71381f48072*
`登陆天数: 28天 / 2669天
等级: 167
石头: 203
呼符: 15
体力: 29.96666666666667 / 146
友情点: 0 / 2574075`
*連続ログイン7日間到達おめでとうございます！
明日は1日目からリスタートされます。*
`獣の足跡 X 1
呼符 X 1
4月交換券(2024) X 1
`*日替りログインボーナス*
*開催期間中、1日1回 2週間日替りでログインボーナスをプレゼント！*
`巡霊の葉 X 30
`_2024-04-04 19:36:03_
--------
*8e4325a8da78dc6b19d6911a1e803d30*
`登陆天数: 98天 / 803天
等级: 138
石头: 241
呼符: 29
体力: 105.88333333333333 / 140
友情点: 300 / 1001080`
*連続ログイン7日間到達おめでとうございます！
明日は1日目からリスタートされます。*
`獣の足跡 X 1
呼符 X 1
4月交換券(2024) X 1
`*日替りログインボーナス*
*開催期間中、1日1回 2週間日替りでログインボーナスをプレゼント！*
`巡霊の葉 X 30
`_2024-04-04 19:36:13_
--------
*216fc160119ce734295777f23a6deca0*
`登陆天数: 58天 / 1448天
等级: 143
石头: 1378
呼符: 102
体力: 99.56333333333333 / 141
友情点: 310 / 2395080`
*連続ログイン2日目
※ログインが途切れるか、7日到達すると
1日目から再開されます*
`聖晶石 X 1
4月交換券(2024) X 1
`*日替りログインボーナス*
*開催期間中、1日1回 2週間日替りでログインボーナスをプレゼント！*
`巡霊の葉 X 30
`_2024-04-04 19:36:22_
--------
*d679950706562a7c71e3a5ab4f53a2cf*
`登陆天数: 58天 / 985天
等级: 133
石头: 317
呼符: 31
体力: 104.28999999999999 / 139
友情点: 60 / 778075`
*連続ログイン2日目
※ログインが途切れるか、7日到達すると
1日目から再開されます*
`聖晶石 X 1
4月交換券(2024) X 1
`*日替りログインボーナス*
*開催期間中、1日1回 2週間日替りでログインボーナスをプレゼント！*
`巡霊の葉 X 30
`_2024-04-04 19:36:35_
--------
*bd5dad2e34e30589543305c48da9558a*
`登陆天数: 27天 / 41天
等级: 121
石头: 871
呼符: 21
体力: 10.546666666666667 / 136
友情点: 0 / 78545`
_2024-04-04 19:36:44_
--------
*cbd11d2d7e06a1c2b2f1f789757cd0ac*
`登陆天数: 27天 / 1181天
等级: 132
石头: 314
呼符: 25
体力: 53858.71666666667 / 138
友情点: 180 / 1128775`
*連続ログイン6日目
※ログインが途切れるか、7日到達すると
1日目から再開されます*
`聖晶石 X 2
4月交換券(2024) X 1
`*日替りログインボーナス*
*開催期間中、1日1回 2週間日替りでログインボーナスをプレゼント！*
`巡霊の葉 X 30
`_2024-04-04 19:36:52_
--------
*3b4a081645437bf262d528642bcf9a58*
`登陆天数: 27天 / 963天
等级: 127
石头: 422
呼符: 1
体力: 7263.43 / 137
友情点: 60 / 707650`
*連続ログイン6日目
※ログインが途切れるか、7日到達すると
1日目から再開されます*
`聖晶石 X 2
4月交換券(2024) X 1
`*日替りログインボーナス*
*開催期間中、1日1回 2週間日替りでログインボーナスをプレゼント！*
`巡霊の葉 X 30
`_2024-04-04 19:37:01_
--------
*f63f20327d7c1cebab4aa0591334ecbc*
`登陆天数: 26天 / 245天
等级: 131
石头: 395
呼符: 19
体力: 93.8 / 138
友情点: 0 / 6641765`
*連続ログイン5日目
※ログインが途切れるか、7日到達すると
1日目から再開されます*
`叡智の業火 X 2
4月交換券(2024) X 1
`*日替りログインボーナス*
*開催期間中、1日1回 2週間日替りでログインボーナスをプレゼント！*
`巡霊の葉 X 30
`_2024-04-04 19:37:09_
--------
