【登录信息】
*af75cc75e91933b02640c226238c1012*
`登陆天数: 28天 / 1417天
等级: 133
石头: 145
呼符: 20
体力: 250.16333333333333 / 139
友情点: 140 / 1210125`
*連続ログイン7日間到達おめでとうございます！
明日は1日目からリスタートされます。*
`獣の足跡 X 1
呼符 X 1
4月交換券(2024) X 1
`*日替りログインボーナス*
*開催期間中、1日1回 2週間日替りでログインボーナスをプレゼント！*
`巡霊の葉 X 30
`_2024-04-05 19:35:33_
--------
*abc026429421bc613b47d71381f48072*
`登陆天数: 29天 / 2670天
等级: 167
石头: 216
呼符: 17
体力: 42.89 / 146
友情点: 0 / 2576475`
*連続ログイン1日目
※ログインが途切れるか、7日到達すると
1日目から再開されます*
`フレンドポイント X 2000
4月交換券(2024) X 1
`*日替りログインボーナス*
*開催期間中、1日1回 2週間日替りでログインボーナスをプレゼント！*
`巡霊の葉 X 30
`_2024-04-05 19:35:41_
--------
*8e4325a8da78dc6b19d6911a1e803d30*
`登陆天数: 99天 / 804天
等级: 138
石头: 332
呼符: 39
体力: 99.12 / 140
友情点: 30 / 1008605`
*連続ログイン1日目
※ログインが途切れるか、7日到達すると
1日目から再開されます*
`フレンドポイント X 2000
4月交換券(2024) X 1
`*日替りログインボーナス*
*開催期間中、1日1回 2週間日替りでログインボーナスをプレゼント！*
`巡霊の葉 X 30
`_2024-04-05 19:35:50_
--------
*216fc160119ce734295777f23a6deca0*
`登陆天数: 59天 / 1449天
等级: 143
石头: 1404
呼符: 108
体力: 98.15 / 141
友情点: 30 / 2398480`
*連続ログイン3日目
※ログインが途切れるか、7日到達すると
1日目から再開されます*
`叡智の業火 X 1
4月交換券(2024) X 1
`*日替りログインボーナス*
*開催期間中、1日1回 2週間日替りでログインボーナスをプレゼント！*
`巡霊の葉 X 30
`_2024-04-05 19:35:58_
--------
*d679950706562a7c71e3a5ab4f53a2cf*
`登陆天数: 59天 / 986天
等级: 133
石头: 378
呼符: 41
体力: 92.21000000000001 / 139
友情点: 0 / 785145`
*連続ログイン3日目
※ログインが途切れるか、7日到達すると
1日目から再開されます*
`叡智の業火 X 1
4月交換券(2024) X 1
`*日替りログインボーナス*
*開催期間中、1日1回 2週間日替りでログインボーナスをプレゼント！*
`巡霊の葉 X 30
`_2024-04-05 19:36:11_
--------
*bd5dad2e34e30589543305c48da9558a*
`登陆天数: 28天 / 42天
等级: 121
石头: 903
呼符: 21
体力: 105.46333333333334 / 136
友情点: 0 / 80970`
*連続ログイン7日間到達おめでとうございます！
明日は1日目からリスタートされます。*
`獣の足跡 X 1
呼符 X 1
4月交換券(2024) X 1
`*日替りログインボーナス*
*開催期間中、1日1回 2週間日替りでログインボーナスをプレゼント！*
`巡霊の葉 X 30
`_2024-04-05 19:36:19_
--------
*cbd11d2d7e06a1c2b2f1f789757cd0ac*
`登陆天数: 28天 / 1182天
等级: 132
石头: 314
呼符: 25
体力: 54146.63333333333 / 138
友情点: 40 / 1128815`
*連続ログイン7日間到達おめでとうございます！
明日は1日目からリスタートされます。*
`獣の足跡 X 1
呼符 X 1
4月交換券(2024) X 1
`*日替りログインボーナス*
*開催期間中、1日1回 2週間日替りでログインボーナスをプレゼント！*
`巡霊の葉 X 30
`_2024-04-05 19:36:27_
--------
*3b4a081645437bf262d528642bcf9a58*
`登陆天数: 28天 / 964天
等级: 127
石头: 422
呼符: 1
体力: 7551.343333333333 / 137
友情点: 60 / 707710`
*連続ログイン7日間到達おめでとうございます！
明日は1日目からリスタートされます。*
`獣の足跡 X 1
呼符 X 1
4月交換券(2024) X 1
`*日替りログインボーナス*
*開催期間中、1日1回 2週間日替りでログインボーナスをプレゼント！*
`巡霊の葉 X 30
`_2024-04-05 19:36:35_
--------
*f63f20327d7c1cebab4aa0591334ecbc*
`登陆天数: 27天 / 246天
等级: 131
石头: 487
呼符: 29
体力: 10.713333333333338 / 138
友情点: 40 / 6648950`
_2024-04-05 19:36:43_
--------
