【登录信息】
*af75cc75e91933b02640c226238c1012*
`登陆天数: 29天 / 1418天
等级: 134
石头: 172
呼符: 20
体力: 46.873333333333335 / 139
友情点: 70 / 1214185`
*連続ログイン1日目
※ログインが途切れるか、7日到達すると
1日目から再開されます*
`フレンドポイント X 2000
4月交換券(2024) X 1
`*日替りログインボーナス*
*開催期間中、1日1回 2週間日替りでログインボーナスをプレゼント！*
`聖晶石 X 1
巡霊の葉 X 80
`_2024-04-06 19:34:36_
--------
*abc026429421bc613b47d71381f48072*
`登陆天数: 30天 / 2671天
等级: 167
石头: 218
呼符: 17
体力: 30.89333333333333 / 146
友情点: 0 / 2576650`
_2024-04-06 19:34:44_
--------
*8e4325a8da78dc6b19d6911a1e803d30*
`登陆天数: 100天 / 805天
等级: 138
石头: 357
呼符: 39
体力: 78.93333333333334 / 140
友情点: 50 / 1014335`
*連続ログイン2日目
※ログインが途切れるか、7日到達すると
1日目から再開されます*
`聖晶石 X 1
4月交換券(2024) X 1
`*日替りログインボーナス*
*開催期間中、1日1回 2週間日替りでログインボーナスをプレゼント！*
`聖晶石 X 1
巡霊の葉 X 80
`_2024-04-06 19:34:54_
--------
*216fc160119ce734295777f23a6deca0*
`登陆天数: 60天 / 1450天
等级: 143
石头: 1429
呼符: 108
体力: 94.96333333333334 / 141
友情点: 10 / 2403805`
*連続ログイン4日目
※ログインが途切れるか、7日到達すると
1日目から再開されます*
`聖晶石 X 1
4月交換券(2024) X 1
`*日替りログインボーナス*
*開催期間中、1日1回 2週間日替りでログインボーナスをプレゼント！*
`聖晶石 X 1
巡霊の葉 X 80
`_2024-04-06 19:35:02_
--------
*4478643a8c6909faa4d33190cccacbc9*
`登陆天数: 408天 / 2973天
等级: 162
石头: 1828
呼符: 50
体力: 228.99 / 144
友情点: 60 / 3428665`
*連続ログイン2日目
※ログインが途切れるか、7日到達すると
1日目から再開されます*
`聖晶石 X 1
4月交換券(2024) X 1
`*日替りログインボーナス*
*開催期間中、1日1回 2週間日替りでログインボーナスをプレゼント！*
`聖晶石 X 1
巡霊の葉 X 80
`_2024-04-06 19:35:11_
--------
*d679950706562a7c71e3a5ab4f53a2cf*
`登陆天数: 60天 / 987天
等级: 133
石头: 378
呼符: 41
体力: 120.04333333333334 / 139
友情点: 20 / 785660`
*連続ログイン4日目
※ログインが途切れるか、7日到達すると
1日目から再開されます*
`聖晶石 X 1
4月交換券(2024) X 1
`*日替りログインボーナス*
*開催期間中、1日1回 2週間日替りでログインボーナスをプレゼント！*
`聖晶石 X 1
巡霊の葉 X 80
`_2024-04-06 19:35:21_
--------
*bd5dad2e34e30589543305c48da9558a*
`登陆天数: 29天 / 43天
等级: 121
石头: 907
呼符: 21
体力: 102.3 / 136
友情点: 0 / 81320`
*連続ログイン1日目
※ログインが途切れるか、7日到達すると
1日目から再開されます*
`フレンドポイント X 2000
4月交換券(2024) X 1
`*日替りログインボーナス*
*開催期間中、1日1回 2週間日替りでログインボーナスをプレゼント！*
`聖晶石 X 1
巡霊の葉 X 80
`_2024-04-06 19:35:29_
--------
*cbd11d2d7e06a1c2b2f1f789757cd0ac*
`登陆天数: 29天 / 1183天
等级: 132
石头: 314
呼符: 25
体力: 54434.47 / 138
友情点: 30 / 1128885`
*連続ログイン1日目
※ログインが途切れるか、7日到達すると
1日目から再開されます*
`フレンドポイント X 2000
4月交換券(2024) X 1
`*日替りログインボーナス*
*開催期間中、1日1回 2週間日替りでログインボーナスをプレゼント！*
`聖晶石 X 1
巡霊の葉 X 80
`_2024-04-06 19:35:38_
--------
*3b4a081645437bf262d528642bcf9a58*
`登陆天数: 29天 / 965天
等级: 127
石头: 422
呼符: 1
体力: 7839.183333333333 / 137
友情点: 0 / 707770`
*連続ログイン1日目
※ログインが途切れるか、7日到達すると
1日目から再開されます*
`フレンドポイント X 2000
4月交換券(2024) X 1
`*日替りログインボーナス*
*開催期間中、1日1回 2週間日替りでログインボーナスをプレゼント！*
`聖晶石 X 1
巡霊の葉 X 80
`_2024-04-06 19:35:47_
--------
*f63f20327d7c1cebab4aa0591334ecbc*
`登陆天数: 28天 / 247天
等级: 131
石头: 487
呼符: 29
体力: 25.560000000000002 / 138
友情点: 0 / 6649425`
_2024-04-06 19:35:56_
--------
