【登录信息】
*af75cc75e91933b02640c226238c1012*
`登陆天数: 30天 / 1419天
等级: 134
石头: 217
呼符: 22
体力: 86.03 / 139
友情点: 10 / 1216900`
*連続ログイン2日目
※ログインが途切れるか、7日到達すると
1日目から再開されます*
`聖晶石 X 1
4月交換券(2024) X 1
`*日替りログインボーナス*
*開催期間中、1日1回 2週間日替りでログインボーナスをプレゼント！*
`巡霊の葉 X 30
`_2024-04-07 19:34:34_
--------
*abc026429421bc613b47d71381f48072*
`登陆天数: 31天 / 2672天
等级: 167
石头: 218
呼符: 17
体力: 318.89 / 146
友情点: 0 / 2576650`
*連続ログイン3日目
※ログインが途切れるか、7日到達すると
1日目から再開されます*
`叡智の業火 X 1
4月交換券(2024) X 1
`*日替りログインボーナス*
*開催期間中、1日1回 2週間日替りでログインボーナスをプレゼント！*
`巡霊の葉 X 30
`_2024-04-07 19:34:43_
--------
*8e4325a8da78dc6b19d6911a1e803d30*
`登陆天数: 101天 / 806天
等级: 138
石头: 362
呼符: 39
体力: 66.93 / 140
友情点: 30 / 1014965`
*連続ログイン3日目
※ログインが途切れるか、7日到達すると
1日目から再開されます*
`叡智の業火 X 1
4月交換券(2024) X 1
`*日替りログインボーナス*
*開催期間中、1日1回 2週間日替りでログインボーナスをプレゼント！*
`巡霊の葉 X 30
`_2024-04-07 19:34:53_
--------
*216fc160119ce734295777f23a6deca0*
`登陆天数: 61天 / 1451天
等级: 143
石头: 1429
呼符: 108
体力: 88.96000000000001 / 141
友情点: 10 / 2404245`
*連続ログイン5日目
※ログインが途切れるか、7日到達すると
1日目から再開されます*
`叡智の業火 X 2
4月交換券(2024) X 1
`*日替りログインボーナス*
*開催期間中、1日1回 2週間日替りでログインボーナスをプレゼント！*
`巡霊の葉 X 30
`_2024-04-07 19:35:01_
--------
*4478643a8c6909faa4d33190cccacbc9*
`登陆天数: 409天 / 2974天
等级: 162
石头: 1828
呼符: 50
体力: 26.989999999999995 / 144
友情点: 40 / 3429190`
_2024-04-07 19:35:10_
--------
*d679950706562a7c71e3a5ab4f53a2cf*
`登陆天数: 61天 / 988天
等级: 133
石头: 378
呼符: 41
体力: 408.0366666666667 / 139
友情点: 30 / 785700`
*連続ログイン5日目
※ログインが途切れるか、7日到達すると
1日目から再開されます*
`叡智の業火 X 2
4月交換券(2024) X 1
`*日替りログインボーナス*
*開催期間中、1日1回 2週間日替りでログインボーナスをプレゼント！*
`巡霊の葉 X 30
`_2024-04-07 19:35:19_
--------
*bd5dad2e34e30589543305c48da9558a*
`登陆天数: 30天 / 44天
等级: 121
石头: 912
呼符: 21
体力: 96.29333333333334 / 136
友情点: 0 / 81670`
*連続ログイン2日目
※ログインが途切れるか、7日到達すると
1日目から再開されます*
`聖晶石 X 1
4月交換券(2024) X 1
`*日替りログインボーナス*
*開催期間中、1日1回 2週間日替りでログインボーナスをプレゼント！*
`巡霊の葉 X 30
`_2024-04-07 19:35:28_
--------
*cbd11d2d7e06a1c2b2f1f789757cd0ac*
`登陆天数: 30天 / 1184天
等级: 132
石头: 314
呼符: 25
体力: 54722.46333333333 / 138
友情点: 20 / 1128905`
*連続ログイン2日目
※ログインが途切れるか、7日到達すると
1日目から再開されます*
`聖晶石 X 1
4月交換券(2024) X 1
`*日替りログインボーナス*
*開催期間中、1日1回 2週間日替りでログインボーナスをプレゼント！*
`巡霊の葉 X 30
`_2024-04-07 19:35:36_
--------
*3b4a081645437bf262d528642bcf9a58*
`登陆天数: 30天 / 966天
等级: 127
石头: 422
呼符: 1
体力: 8127.173333333333 / 137
友情点: 40 / 707820`
*連続ログイン2日目
※ログインが途切れるか、7日到達すると
1日目から再開されます*
`聖晶石 X 1
4月交換券(2024) X 1
`*日替りログインボーナス*
*開催期間中、1日1回 2週間日替りでログインボーナスをプレゼント！*
`巡霊の葉 X 30
`_2024-04-07 19:35:44_
--------
*f63f20327d7c1cebab4aa0591334ecbc*
`登陆天数: 29天 / 248天
等级: 131
石头: 487
呼符: 29
体力: 19.543333333333337 / 138
友情点: 10 / 6649930`
_2024-04-07 19:35:52_
--------
