【登录信息】
*af75cc75e91933b02640c226238c1012*
`登陆天数: 31天 / 1420天
等级: 134
石头: 217
呼符: 22
体力: 54.16666666666667 / 139
友情点: 30 / 1217205`
*連続ログイン3日目
※ログインが途切れるか、7日到達すると
1日目から再開されます*
`叡智の業火 X 1
4月交換券(2024) X 1
`*日替りログインボーナス*
*開催期間中、1日1回 2週間日替りでログインボーナスをプレゼント！*
`巡霊の葉 X 30
`_2024-04-08 19:35:16_
--------
*abc026429421bc613b47d71381f48072*
`登陆天数: 32天 / 2673天
等级: 167
石头: 218
呼符: 17
体力: 313.03999999999996 / 146
友情点: 0 / 2576725`
*連続ログイン4日目
※ログインが途切れるか、7日到達すると
1日目から再開されます*
`聖晶石 X 1
4月交換券(2024) X 1
`*日替りログインボーナス*
*開催期間中、1日1回 2週間日替りでログインボーナスをプレゼント！*
`巡霊の葉 X 30
`_2024-04-08 19:35:24_
--------
*8e4325a8da78dc6b19d6911a1e803d30*
`登陆天数: 102天 / 807天
等级: 138
石头: 366
呼符: 39
体力: 58.06333333333333 / 140
友情点: 40 / 1015495`
*連続ログイン4日目
※ログインが途切れるか、7日到達すると
1日目から再開されます*
`聖晶石 X 1
4月交換券(2024) X 1
`*日替りログインボーナス*
*開催期間中、1日1回 2週間日替りでログインボーナスをプレゼント！*
`巡霊の葉 X 30
`_2024-04-08 19:35:33_
--------
*216fc160119ce734295777f23a6deca0*
`登陆天数: 62天 / 1452天
等级: 143
石头: 1429
呼符: 108
体力: 83.09333333333333 / 141
友情点: 10 / 2404705`
*連続ログイン6日目
※ログインが途切れるか、7日到達すると
1日目から再開されます*
`聖晶石 X 2
4月交換券(2024) X 1
`*日替りログインボーナス*
*開催期間中、1日1回 2週間日替りでログインボーナスをプレゼント！*
`巡霊の葉 X 30
`_2024-04-08 19:35:41_
--------
*4478643a8c6909faa4d33190cccacbc9*
`登陆天数: 410天 / 2975天
等级: 162
石头: 1828
呼符: 50
体力: 315.12666666666667 / 144
友情点: 65 / 3429415`
*連続ログイン4日目
※ログインが途切れるか、7日到達すると
1日目から再開されます*
`聖晶石 X 1
4月交換券(2024) X 1
`*日替りログインボーナス*
*開催期間中、1日1回 2週間日替りでログインボーナスをプレゼント！*
`巡霊の葉 X 30
`_2024-04-08 19:35:50_
--------
*d679950706562a7c71e3a5ab4f53a2cf*
`登陆天数: 62天 / 989天
等级: 133
石头: 378
呼符: 41
体力: 48.33666666666667 / 139
友情点: 30 / 786135`
*連続ログイン6日目
※ログインが途切れるか、7日到達すると
1日目から再開されます*
`聖晶石 X 2
4月交換券(2024) X 1
`*日替りログインボーナス*
*開催期間中、1日1回 2週間日替りでログインボーナスをプレゼント！*
`巡霊の葉 X 30
`_2024-04-08 19:36:00_
--------
*bd5dad2e34e30589543305c48da9558a*
`登陆天数: 31天 / 45天
等级: 121
石头: 917
呼符: 21
体力: 75.42666666666668 / 136
友情点: 0 / 82045`
*連続ログイン3日目
※ログインが途切れるか、7日到達すると
1日目から再開されます*
`叡智の業火 X 1
4月交換券(2024) X 1
`*日替りログインボーナス*
*開催期間中、1日1回 2週間日替りでログインボーナスをプレゼント！*
`巡霊の葉 X 30
`_2024-04-08 19:36:08_
--------
*cbd11d2d7e06a1c2b2f1f789757cd0ac*
`登陆天数: 31天 / 1185天
等级: 132
石头: 314
呼符: 25
体力: 55010.596666666665 / 138
友情点: 50 / 1128955`
*連続ログイン3日目
※ログインが途切れるか、7日到達すると
1日目から再開されます*
`叡智の業火 X 1
4月交換券(2024) X 1
`*日替りログインボーナス*
*開催期間中、1日1回 2週間日替りでログインボーナスをプレゼント！*
`巡霊の葉 X 30
`_2024-04-08 19:36:16_
--------
*3b4a081645437bf262d528642bcf9a58*
`登陆天数: 31天 / 967天
等级: 127
石头: 422
呼符: 1
体力: 8415.306666666667 / 137
友情点: 60 / 707880`
*連続ログイン3日目
※ログインが途切れるか、7日到達すると
1日目から再開されます*
`叡智の業火 X 1
4月交換券(2024) X 1
`*日替りログインボーナス*
*開催期間中、1日1回 2週間日替りでログインボーナスをプレゼント！*
`巡霊の葉 X 30
`_2024-04-08 19:36:24_
--------
*f63f20327d7c1cebab4aa0591334ecbc*
`登陆天数: 30天 / 249天
等级: 131
石头: 489
呼符: 29
体力: 62.260000000000005 / 138
友情点: 20 / 6650150`
*連続ログイン2日目
※ログインが途切れるか、7日到達すると
1日目から再開されます*
`聖晶石 X 1
4月交換券(2024) X 1
`*日替りログインボーナス*
*開催期間中、1日1回 2週間日替りでログインボーナスをプレゼント！*
`巡霊の葉 X 30
`_2024-04-08 19:36:32_
--------
