【登录信息】
*af75cc75e91933b02640c226238c1012*
`登陆天数: 32天 / 1421天
等级: 134
石头: 217
呼符: 22
体力: 62.03333333333333 / 139
友情点: 50 / 1217470`
*連続ログイン4日目
※ログインが途切れるか、7日到達すると
1日目から再開されます*
`聖晶石 X 1
4月交換券(2024) X 1
`*日替りログインボーナス*
*開催期間中、1日1回 2週間日替りでログインボーナスをプレゼント！*
`聖晶石 X 3
巡霊の葉 X 50
`_2024-04-09 19:34:35_
--------
*abc026429421bc613b47d71381f48072*
`登陆天数: 33天 / 2674天
等级: 167
石头: 218
呼符: 17
体力: 307.5 / 146
友情点: 0 / 2576800`
*連続ログイン5日目
※ログインが途切れるか、7日到達すると
1日目から再開されます*
`叡智の業火 X 2
4月交換券(2024) X 1
`*日替りログインボーナス*
*開催期間中、1日1回 2週間日替りでログインボーナスをプレゼント！*
`聖晶石 X 3
巡霊の葉 X 50
`_2024-04-09 19:34:43_
--------
*8e4325a8da78dc6b19d6911a1e803d30*
`登陆天数: 103天 / 808天
等级: 138
石头: 368
呼符: 39
体力: 258.93 / 140
友情点: 60 / 1015655`
*連続ログイン5日目
※ログインが途切れるか、7日到達すると
1日目から再開されます*
`叡智の業火 X 2
4月交換券(2024) X 1
`*日替りログインボーナス*
*開催期間中、1日1回 2週間日替りでログインボーナスをプレゼント！*
`聖晶石 X 3
巡霊の葉 X 50
`_2024-04-09 19:34:53_
--------
*216fc160119ce734295777f23a6deca0*
`登陆天数: 63天 / 1453天
等级: 143
石头: 1429
呼符: 108
体力: 76.96333333333334 / 141
友情点: 20 / 2405285`
*連続ログイン7日間到達おめでとうございます！
明日は1日目からリスタートされます。*
`獣の足跡 X 1
呼符 X 1
4月交換券(2024) X 1
`*日替りログインボーナス*
*開催期間中、1日1回 2週間日替りでログインボーナスをプレゼント！*
`聖晶石 X 3
巡霊の葉 X 50
`_2024-04-09 19:35:02_
--------
*4478643a8c6909faa4d33190cccacbc9*
`登陆天数: 411天 / 2976天
等级: 162
石头: 1828
呼符: 50
体力: 309.59333333333336 / 144
友情点: 125 / 3431185`
*連続ログイン5日目
※ログインが途切れるか、7日到達すると
1日目から再開されます*
`叡智の業火 X 2
4月交換券(2024) X 1
`*日替りログインボーナス*
*開催期間中、1日1回 2週間日替りでログインボーナスをプレゼント！*
`聖晶石 X 3
巡霊の葉 X 50
`_2024-04-09 19:35:11_
--------
*d679950706562a7c71e3a5ab4f53a2cf*
`登陆天数: 63天 / 990天
等级: 133
石头: 378
呼符: 41
体力: 56.20666666666666 / 139
友情点: 80 / 786765`
*連続ログイン7日間到達おめでとうございます！
明日は1日目からリスタートされます。*
`獣の足跡 X 1
呼符 X 1
4月交換券(2024) X 1
`*日替りログインボーナス*
*開催期間中、1日1回 2週間日替りでログインボーナスをプレゼント！*
`聖晶石 X 3
巡霊の葉 X 50
`_2024-04-09 19:35:21_
--------
*cbd11d2d7e06a1c2b2f1f789757cd0ac*
`登陆天数: 32天 / 1186天
等级: 132
石头: 314
呼符: 25
体力: 55298.45 / 138
友情点: 70 / 1129025`
*連続ログイン4日目
※ログインが途切れるか、7日到達すると
1日目から再開されます*
`聖晶石 X 1
4月交換券(2024) X 1
`*日替りログインボーナス*
*開催期間中、1日1回 2週間日替りでログインボーナスをプレゼント！*
`聖晶石 X 3
巡霊の葉 X 50
`_2024-04-09 19:35:32_
--------
*3b4a081645437bf262d528642bcf9a58*
`登陆天数: 32天 / 968天
等级: 131
石头: 570
呼符: 1
体力: 145.1 / 138
友情点: 40 / 729335`
*連続ログイン4日目
※ログインが途切れるか、7日到達すると
1日目から再開されます*
`聖晶石 X 1
4月交換券(2024) X 1
`*日替りログインボーナス*
*開催期間中、1日1回 2週間日替りでログインボーナスをプレゼント！*
`聖晶石 X 3
巡霊の葉 X 50
`_2024-04-09 19:35:41_
--------
*f63f20327d7c1cebab4aa0591334ecbc*
`登陆天数: 31天 / 250天
等级: 131
石头: 496
呼符: 29
体力: 58.11666666666666 / 138
友情点: 30 / 6650710`
*連続ログイン3日目
※ログインが途切れるか、7日到達すると
1日目から再開されます*
`叡智の業火 X 1
4月交換券(2024) X 1
`*日替りログインボーナス*
*開催期間中、1日1回 2週間日替りでログインボーナスをプレゼント！*
`聖晶石 X 3
巡霊の葉 X 50
`_2024-04-09 19:35:49_
--------
