【登录信息】
*af75cc75e91933b02640c226238c1012*
`登陆天数: 33天 / 1422天
等级: 134
石头: 67
呼符: 22
体力: 70.02666666666667 / 139
友情点: 50 / 1219765`
*連続ログイン5日目
※ログインが途切れるか、7日到達すると
1日目から再開されます*
`叡智の業火 X 2
4月交換券(2024) X 1
`*日替りログインボーナス*
*開催期間中、1日1回 2週間日替りでログインボーナスをプレゼント！*
`聖晶石 X 1
巡霊の葉 X 50
`_2024-04-10 19:34:32_
--------
*abc026429421bc613b47d71381f48072*
`登陆天数: 34天 / 2675天
等级: 167
石头: 250
呼符: 17
体力: 30.49666666666667 / 146
友情点: 65130 / 2923550`
*連続ログイン6日目
※ログインが途切れるか、7日到達すると
1日目から再開されます*
`聖晶石 X 2
4月交換券(2024) X 1
`*日替りログインボーナス*
*開催期間中、1日1回 2週間日替りでログインボーナスをプレゼント！*
`聖晶石 X 1
巡霊の葉 X 50
`_2024-04-10 19:34:41_
--------
*8e4325a8da78dc6b19d6911a1e803d30*
`登陆天数: 104天 / 809天
等级: 138
石头: 228
呼符: 39
体力: 17.33333333333333 / 140
友情点: 10730 / 1284380`
_2024-04-10 19:34:53_
--------
*216fc160119ce734295777f23a6deca0*
`登陆天数: 64天 / 1454天
等级: 143
石头: 1490
呼符: 112
体力: 68.96666666666667 / 141
友情点: 139130 / 2701875`
*連続ログイン1日目
※ログインが途切れるか、7日到達すると
1日目から再開されます*
`フレンドポイント X 2000
4月交換券(2024) X 1
`*日替りログインボーナス*
*開催期間中、1日1回 2週間日替りでログインボーナスをプレゼント！*
`聖晶石 X 1
巡霊の葉 X 50
`_2024-04-10 19:35:01_
--------
*4478643a8c6909faa4d33190cccacbc9*
`登陆天数: 412天 / 2977天
等级: 162
石头: 1840
呼符: 52
体力: 191.59666666666666 / 144
友情点: 169800 / 3748010`
*連続ログイン6日目
※ログインが途切れるか、7日到達すると
1日目から再開されます*
`聖晶石 X 2
4月交換券(2024) X 1
`*日替りログインボーナス*
*開催期間中、1日1回 2週間日替りでログインボーナスをプレゼント！*
`聖晶石 X 1
巡霊の葉 X 50
`_2024-04-10 19:35:12_
--------
*d679950706562a7c71e3a5ab4f53a2cf*
`登陆天数: 64天 / 991天
等级: 134
石头: 403
呼符: 41
体力: 47.44 / 139
友情点: 74030 / 1110955`
*連続ログイン1日目
※ログインが途切れるか、7日到達すると
1日目から再開されます*
`フレンドポイント X 2000
4月交換券(2024) X 1
`*日替りログインボーナス*
*開催期間中、1日1回 2週間日替りでログインボーナスをプレゼント！*
`聖晶石 X 1
巡霊の葉 X 50
`_2024-04-10 19:35:23_
--------
*cbd11d2d7e06a1c2b2f1f789757cd0ac*
`登陆天数: 33天 / 1187天
等级: 132
石头: 314
呼符: 25
体力: 55586.46 / 138
友情点: 70 / 1129095`
*連続ログイン5日目
※ログインが途切れるか、7日到達すると
1日目から再開されます*
`叡智の業火 X 2
4月交換券(2024) X 1
`*日替りログインボーナス*
*開催期間中、1日1回 2週間日替りでログインボーナスをプレゼント！*
`聖晶石 X 1
巡霊の葉 X 50
`_2024-04-10 19:35:35_
--------
*3b4a081645437bf262d528642bcf9a58*
`登陆天数: 33天 / 969天
等级: 132
石头: 663
呼符: 4
体力: 38.60333333333334 / 138
友情点: 20 / 739965`
*連続ログイン5日目
※ログインが途切れるか、7日到達すると
1日目から再開されます*
`叡智の業火 X 2
4月交換券(2024) X 1
`*日替りログインボーナス*
*開催期間中、1日1回 2週間日替りでログインボーナスをプレゼント！*
`聖晶石 X 1
巡霊の葉 X 50
`_2024-04-10 19:35:43_
--------
*f63f20327d7c1cebab4aa0591334ecbc*
`登陆天数: 32天 / 251天
等级: 131
石头: 511
呼符: 29
体力: 56.126666666666665 / 138
友情点: 79030 / 6971070`
*連続ログイン4日目
※ログインが途切れるか、7日到達すると
1日目から再開されます*
`聖晶石 X 1
4月交換券(2024) X 1
`*日替りログインボーナス*
*開催期間中、1日1回 2週間日替りでログインボーナスをプレゼント！*
`聖晶石 X 1
巡霊の葉 X 50
`_2024-04-10 19:35:52_
--------
