【登录信息】
*af75cc75e91933b02640c226238c1012*
`登陆天数: 34天 / 1423天
等级: 134
石头: 67
呼符: 22
体力: 38.156666666666666 / 139
友情点: 100 / 1220055`
*連続ログイン6日目
※ログインが途切れるか、7日到達すると
1日目から再開されます*
`聖晶石 X 2
4月交換券(2024) X 1
`*日替りログインボーナス*
*開催期間中、1日1回 2週間日替りでログインボーナスをプレゼント！*
`巡霊の葉 X 30
`_2024-04-11 19:35:11_
--------
*abc026429421bc613b47d71381f48072*
`登陆天数: 35天 / 2676天
等级: 167
石头: 258
呼符: 17
体力: 84.62333333333333 / 146
友情点: 149920 / 3443835`
*連続ログイン7日間到達おめでとうございます！
明日は1日目からリスタートされます。*
`獣の足跡 X 1
呼符 X 1
4月交換券(2024) X 1
`*日替りログインボーナス*
*開催期間中、1日1回 2週間日替りでログインボーナスをプレゼント！*
`巡霊の葉 X 30
`_2024-04-11 19:35:20_
--------
*8e4325a8da78dc6b19d6911a1e803d30*
`登陆天数: 105天 / 810天
等级: 138
石头: 228
呼符: 39
体力: 116.46000000000001 / 140
友情点: 191515 / 1802240`
*連続ログイン7日間到達おめでとうございます！
明日は1日目からリスタートされます。*
`獣の足跡 X 1
呼符 X 1
4月交換券(2024) X 1
`*日替りログインボーナス*
*開催期間中、1日1回 2週間日替りでログインボーナスをプレゼント！*
`巡霊の葉 X 30
`_2024-04-11 19:35:30_
--------
*216fc160119ce734295777f23a6deca0*
`登陆天数: 65天 / 1455天
等级: 143
石头: 1490
呼符: 112
体力: 63.08666666666667 / 141
友情点: 121800 / 3216185`
*連続ログイン2日目
※ログインが途切れるか、7日到達すると
1日目から再開されます*
`聖晶石 X 1
4月交換券(2024) X 1
`*日替りログインボーナス*
*開催期間中、1日1回 2週間日替りでログインボーナスをプレゼント！*
`巡霊の葉 X 30
`_2024-04-11 19:35:39_
--------
*4478643a8c6909faa4d33190cccacbc9*
`登陆天数: 413天 / 2978天
等级: 162
石头: 1870
呼符: 52
体力: 359.0866666666667 / 144
友情点: 158320 / 4269120`
*連続ログイン7日間到達おめでとうございます！
明日は1日目からリスタートされます。*
`獣の足跡 X 1
呼符 X 1
4月交換券(2024) X 1
`*日替りログインボーナス*
*開催期間中、1日1回 2週間日替りでログインボーナスをプレゼント！*
`巡霊の葉 X 30
`_2024-04-11 19:35:48_
--------
*d679950706562a7c71e3a5ab4f53a2cf*
`登陆天数: 65天 / 992天
等级: 134
石头: 406
呼符: 41
体力: 35.55666666666667 / 139
友情点: 59020 / 1635690`
*連続ログイン2日目
※ログインが途切れるか、7日到達すると
1日目から再開されます*
`聖晶石 X 1
4月交換券(2024) X 1
`*日替りログインボーナス*
*開催期間中、1日1回 2週間日替りでログインボーナスをプレゼント！*
`巡霊の葉 X 30
`_2024-04-11 19:35:59_
--------
*cbd11d2d7e06a1c2b2f1f789757cd0ac*
`登陆天数: 34天 / 1188天
等级: 132
石头: 314
呼符: 25
体力: 55874.58 / 138
友情点: 30 / 1129125`
*連続ログイン6日目
※ログインが途切れるか、7日到達すると
1日目から再開されます*
`聖晶石 X 2
4月交換券(2024) X 1
`*日替りログインボーナス*
*開催期間中、1日1回 2週間日替りでログインボーナスをプレゼント！*
`巡霊の葉 X 30
`_2024-04-11 19:36:10_
--------
*3b4a081645437bf262d528642bcf9a58*
`登陆天数: 34天 / 970天
等级: 132
石头: 663
呼符: 4
体力: 46.72333333333333 / 138
友情点: 60 / 740195`
*連続ログイン6日目
※ログインが途切れるか、7日到達すると
1日目から再開されます*
`聖晶石 X 2
4月交換券(2024) X 1
`*日替りログインボーナス*
*開催期間中、1日1回 2週間日替りでログインボーナスをプレゼント！*
`巡霊の葉 X 30
`_2024-04-11 19:36:19_
--------
*f63f20327d7c1cebab4aa0591334ecbc*
`登陆天数: 33天 / 252天
等级: 131
石头: 516
呼符: 29
体力: 50.24333333333334 / 138
友情点: 61230 / 7493450`
*連続ログイン5日目
※ログインが途切れるか、7日到達すると
1日目から再開されます*
`叡智の業火 X 2
4月交換券(2024) X 1
`*日替りログインボーナス*
*開催期間中、1日1回 2週間日替りでログインボーナスをプレゼント！*
`巡霊の葉 X 30
`_2024-04-11 19:36:27_
--------
