【登录信息】
*af75cc75e91933b02640c226238c1012*
`登陆天数: 35天 / 1424天
等级: 134
石头: 67
呼符: 22
体力: 63.75333333333333 / 139
友情点: 70 / 1220475`
*連続ログイン7日間到達おめでとうございます！
明日は1日目からリスタートされます。*
`獣の足跡 X 1
呼符 X 1
4月交換券(2024) X 1
`*日替りログインボーナス*
*開催期間中、1日1回 2週間日替りでログインボーナスをプレゼント！*
`巡霊の葉 X 30
`_2024-04-12 19:34:44_
--------
*abc026429421bc613b47d71381f48072*
`登陆天数: 36天 / 2677天
等级: 167
石头: 264
呼符: 17
体力: 219.40333333333334 / 146
友情点: 168550 / 3840780`
*連続ログイン1日目
※ログインが途切れるか、7日到達すると
1日目から再開されます*
`フレンドポイント X 2000
4月交換券(2024) X 1
`*日替りログインボーナス*
*開催期間中、1日1回 2週間日替りでログインボーナスをプレゼント！*
`巡霊の葉 X 30
`_2024-04-12 19:34:53_
--------
*8e4325a8da78dc6b19d6911a1e803d30*
`登陆天数: 106天 / 811天
等级: 138
石头: 228
呼符: 39
体力: 105.36666666666667 / 140
友情点: 116115 / 2206370`
*連続ログイン1日目
※ログインが途切れるか、7日到達すると
1日目から再開されます*
`フレンドポイント X 2000
4月交換券(2024) X 1
`*日替りログインボーナス*
*開催期間中、1日1回 2週間日替りでログインボーナスをプレゼント！*
`巡霊の葉 X 30
`_2024-04-12 19:35:03_
--------
*216fc160119ce734295777f23a6deca0*
`登陆天数: 66天 / 1456天
等级: 143
石头: 1490
呼符: 112
体力: 34.846666666666664 / 141
友情点: 46020 / 3615380`
*連続ログイン3日目
※ログインが途切れるか、7日到達すると
1日目から再開されます*
`叡智の業火 X 1
4月交換券(2024) X 1
`*日替りログインボーナス*
*開催期間中、1日1回 2週間日替りでログインボーナスをプレゼント！*
`巡霊の葉 X 30
`_2024-04-12 19:35:12_
--------
*4478643a8c6909faa4d33190cccacbc9*
`登陆天数: 414天 / 2979天
等级: 162
石头: 1870
呼符: 52
体力: 89.71333333333334 / 144
友情点: 11800 / 4673660`
_2024-04-12 19:35:21_
--------
*d679950706562a7c71e3a5ab4f53a2cf*
`登陆天数: 66天 / 993天
等级: 134
石头: 406
呼符: 41
体力: 138.46666666666667 / 139
友情点: 176200 / 2037660`
*連続ログイン3日目
※ログインが途切れるか、7日到達すると
1日目から再開されます*
`叡智の業火 X 1
4月交換券(2024) X 1
`*日替りログインボーナス*
*開催期間中、1日1回 2週間日替りでログインボーナスをプレゼント！*
`巡霊の葉 X 30
`_2024-04-12 19:35:31_
--------
*cbd11d2d7e06a1c2b2f1f789757cd0ac*
`登陆天数: 35天 / 1189天
等级: 132
石头: 314
呼符: 25
体力: 56162.486666666664 / 138
友情点: 80 / 1129205`
*連続ログイン7日間到達おめでとうございます！
明日は1日目からリスタートされます。*
`獣の足跡 X 1
呼符 X 1
4月交換券(2024) X 1
`*日替りログインボーナス*
*開催期間中、1日1回 2週間日替りでログインボーナスをプレゼント！*
`巡霊の葉 X 30
`_2024-04-12 19:35:43_
--------
*3b4a081645437bf262d528642bcf9a58*
`登陆天数: 35天 / 971天
等级: 132
石头: 663
呼符: 4
体力: 58.989999999999995 / 138
友情点: 180 / 740725`
*連続ログイン7日間到達おめでとうございます！
明日は1日目からリスタートされます。*
`獣の足跡 X 1
呼符 X 1
4月交換券(2024) X 1
`*日替りログインボーナス*
*開催期間中、1日1回 2週間日替りでログインボーナスをプレゼント！*
`巡霊の葉 X 30
`_2024-04-12 19:35:51_
--------
*f63f20327d7c1cebab4aa0591334ecbc*
`登陆天数: 34天 / 253天
等级: 132
石头: 527
呼符: 29
体力: 37.599999999999994 / 138
友情点: 41160 / 7899550`
*連続ログイン6日目
※ログインが途切れるか、7日到達すると
1日目から再開されます*
`聖晶石 X 2
4月交換券(2024) X 1
`*日替りログインボーナス*
*開催期間中、1日1回 2週間日替りでログインボーナスをプレゼント！*
`巡霊の葉 X 30
`_2024-04-12 19:36:00_
--------
