【登录信息】
*af75cc75e91933b02640c226238c1012*
`登陆天数: 36天 / 1425天
等级: 134
石头: 67
呼符: 22
体力: 31.89333333333333 / 139
友情点: 10 / 1220945`
*連続ログイン1日目
※ログインが途切れるか、7日到達すると
1日目から再開されます*
`フレンドポイント X 2000
4月交換券(2024) X 1
`*日替りログインボーナス*
*開催期間中、1日1回 2週間日替りでログインボーナスをプレゼント！*
`聖晶石 X 1
巡霊の葉 X 80
`_2024-04-13 19:35:26_
--------
*abc026429421bc613b47d71381f48072*
`登陆天数: 37天 / 2678天
等级: 167
石头: 264
呼符: 17
体力: 172.36 / 146
友情点: 115740 / 4272190`
*連続ログイン2日目
※ログインが途切れるか、7日到達すると
1日目から再開されます*
`聖晶石 X 1
4月交換券(2024) X 1
`*日替りログインボーナス*
*開催期間中、1日1回 2週間日替りでログインボーナスをプレゼント！*
`聖晶石 X 1
巡霊の葉 X 80
`_2024-04-13 19:35:35_
--------
*8e4325a8da78dc6b19d6911a1e803d30*
`登陆天数: 107天 / 812天
等级: 138
石头: 246
呼符: 40
体力: 99.50666666666666 / 140
友情点: 156960 / 2648530`
*連続ログイン2日目
※ログインが途切れるか、7日到達すると
1日目から再開されます*
`聖晶石 X 1
4月交換券(2024) X 1
`*日替りログインボーナス*
*開催期間中、1日1回 2週間日替りでログインボーナスをプレゼント！*
`聖晶石 X 1
巡霊の葉 X 80
`_2024-04-13 19:35:44_
--------
*216fc160119ce734295777f23a6deca0*
`登陆天数: 67天 / 1457天
等级: 143
石头: 1490
呼符: 112
体力: 28.983333333333334 / 141
友情点: 37320 / 4046190`
*連続ログイン4日目
※ログインが途切れるか、7日到達すると
1日目から再開されます*
`聖晶石 X 1
4月交換券(2024) X 1
`*日替りログインボーナス*
*開催期間中、1日1回 2週間日替りでログインボーナスをプレゼント！*
`聖晶石 X 1
巡霊の葉 X 80
`_2024-04-13 19:35:53_
--------
*4478643a8c6909faa4d33190cccacbc9*
`登陆天数: 415天 / 2980天
等级: 162
石头: 1870
呼符: 52
体力: 85.15666666666667 / 144
友情点: 2550 / 5102240`
_2024-04-13 19:36:02_
--------
*d679950706562a7c71e3a5ab4f53a2cf*
`登陆天数: 67天 / 994天
等级: 134
石头: 406
呼符: 41
体力: 426.6 / 139
友情点: 421860 / 2459520`
*連続ログイン4日目
※ログインが途切れるか、7日到達すると
1日目から再開されます*
`聖晶石 X 1
4月交換券(2024) X 1
`*日替りログインボーナス*
*開催期間中、1日1回 2週間日替りでログインボーナスをプレゼント！*
`聖晶石 X 1
巡霊の葉 X 80
`_2024-04-13 19:36:11_
--------
*cbd11d2d7e06a1c2b2f1f789757cd0ac*
`登陆天数: 36天 / 1190天
等级: 132
石头: 314
呼符: 25
体力: 56450.62 / 138
友情点: 80 / 1129295`
*連続ログイン1日目
※ログインが途切れるか、7日到達すると
1日目から再開されます*
`フレンドポイント X 2000
4月交換券(2024) X 1
`*日替りログインボーナス*
*開催期間中、1日1回 2週間日替りでログインボーナスをプレゼント！*
`聖晶石 X 1
巡霊の葉 X 80
`_2024-04-13 19:36:23_
--------
*3b4a081645437bf262d528642bcf9a58*
`登陆天数: 36天 / 972天
等级: 132
石头: 663
呼符: 4
体力: 27.123333333333335 / 138
友情点: 200 / 744045`
*連続ログイン1日目
※ログインが途切れるか、7日到達すると
1日目から再開されます*
`フレンドポイント X 2000
4月交換券(2024) X 1
`*日替りログインボーナス*
*開催期間中、1日1回 2週間日替りでログインボーナスをプレゼント！*
`聖晶石 X 1
巡霊の葉 X 80
`_2024-04-13 19:36:32_
--------
*f63f20327d7c1cebab4aa0591334ecbc*
`登陆天数: 35天 / 254天
等级: 132
石头: 531
呼符: 29
体力: 31.733333333333334 / 138
友情点: 30250 / 8340770`
*連続ログイン7日間到達おめでとうございます！
明日は1日目からリスタートされます。*
`獣の足跡 X 1
呼符 X 1
4月交換券(2024) X 1
`*日替りログインボーナス*
*開催期間中、1日1回 2週間日替りでログインボーナスをプレゼント！*
`聖晶石 X 1
巡霊の葉 X 80
`_2024-04-13 19:36:40_
--------
