【登录信息】
*af75cc75e91933b02640c226238c1012*
`登陆天数: 37天 / 1426天
等级: 134
石头: 67
呼符: 22
体力: 80.77666666666667 / 139
友情点: 80 / 1221615`
*連続ログイン2日目
※ログインが途切れるか、7日到達すると
1日目から再開されます*
`聖晶石 X 1
4月交換券(2024) X 1
`*日替りログインボーナス*
*開催期間中、1日1回 2週間日替りでログインボーナスをプレゼント！*
`巡霊の葉 X 30
`_2024-04-14 22:59:51_
--------
*abc026429421bc613b47d71381f48072*
`登陆天数: 38天 / 2679天
等级: 167
石头: 268
呼符: 17
体力: 33.486666666666665 / 146
友情点: 40 / 4385915`
_2024-04-14 23:00:00_
--------
*8e4325a8da78dc6b19d6911a1e803d30*
`登陆天数: 108天 / 813天
等级: 138
石头: 246
呼符: 40
体力: 29.39 / 140
友情点: 42050 / 3258980`
_2024-04-14 23:00:09_
--------
*216fc160119ce734295777f23a6deca0*
`登陆天数: 68天 / 1458天
等级: 143
石头: 1490
呼符: 112
体力: 63.86666666666666 / 141
友情点: 108760 / 4651610`
*連続ログイン5日目
※ログインが途切れるか、7日到達すると
1日目から再開されます*
`叡智の業火 X 2
4月交換券(2024) X 1
`*日替りログインボーナス*
*開催期間中、1日1回 2週間日替りでログインボーナスをプレゼント！*
`巡霊の葉 X 30
`_2024-04-14 23:00:18_
--------
*4478643a8c6909faa4d33190cccacbc9*
`登陆天数: 416天 / 2981天
等级: 162
石头: 1870
呼符: 52
体力: 119.98333333333333 / 144
友情点: 69270 / 5711015`
_2024-04-14 23:00:28_
--------
*d679950706562a7c71e3a5ab4f53a2cf*
`登陆天数: 68天 / 995天
等级: 134
石头: 408
呼符: 41
体力: 95.26333333333334 / 139
友情点: 167030 / 3051830`
*連続ログイン5日目
※ログインが途切れるか、7日到達すると
1日目から再開されます*
`叡智の業火 X 2
4月交換券(2024) X 1
`*日替りログインボーナス*
*開催期間中、1日1回 2週間日替りでログインボーナスをプレゼント！*
`巡霊の葉 X 30
`_2024-04-14 23:00:38_
--------
*cbd11d2d7e06a1c2b2f1f789757cd0ac*
`登陆天数: 37天 / 1191天
等级: 132
石头: 314
呼符: 25
体力: 56779.51 / 138
友情点: 110 / 1129405`
*連続ログイン2日目
※ログインが途切れるか、7日到達すると
1日目から再開されます*
`聖晶石 X 1
4月交換券(2024) X 1
`*日替りログインボーナス*
*開催期間中、1日1回 2週間日替りでログインボーナスをプレゼント！*
`巡霊の葉 X 30
`_2024-04-14 23:00:50_
--------
*3b4a081645437bf262d528642bcf9a58*
`登陆天数: 37天 / 973天
等级: 132
石头: 663
呼符: 4
体力: 76.01333333333334 / 138
友情点: 110 / 744550`
*連続ログイン2日目
※ログインが途切れるか、7日到達すると
1日目から再開されます*
`聖晶石 X 1
4月交換券(2024) X 1
`*日替りログインボーナス*
*開催期間中、1日1回 2週間日替りでログインボーナスをプレゼント！*
`巡霊の葉 X 30
`_2024-04-14 23:00:58_
--------
*f63f20327d7c1cebab4aa0591334ecbc*
`登陆天数: 36天 / 255天
等级: 132
石头: 536
呼符: 29
体力: 50.626666666666665 / 138
友情点: 98810 / 8950455`
*連続ログイン1日目
※ログインが途切れるか、7日到達すると
1日目から再開されます*
`フレンドポイント X 2000
4月交換券(2024) X 1
`*日替りログインボーナス*
*開催期間中、1日1回 2週間日替りでログインボーナスをプレゼント！*
`巡霊の葉 X 30
`_2024-04-14 23:01:07_
--------
