【登录信息】
*af75cc75e91933b02640c226238c1012*
`登陆天数: 38天 / 1427天
等级: 134
石头: 67
呼符: 22
体力: 47.81333333333333 / 139
友情点: 120 / 1221875`
*連続ログイン3日目
※ログインが途切れるか、7日到達すると
1日目から再開されます*
`叡智の業火 X 1
4月交換券(2024) X 1
`*日替りログインボーナス*
*開催期間中、1日1回 2週間日替りでログインボーナスをプレゼント！*
`巡霊の葉 X 30
`_2024-04-15 19:35:02_
--------
*abc026429421bc613b47d71381f48072*
`登陆天数: 39天 / 2680天
等级: 167
石头: 268
呼符: 17
体力: 56.52666666666667 / 146
友情点: 200 / 4387095`
*連続ログイン4日目
※ログインが途切れるか、7日到達すると
1日目から再開されます*
`聖晶石 X 1
4月交換券(2024) X 1
`*日替りログインボーナス*
*開催期間中、1日1回 2週間日替りでログインボーナスをプレゼント！*
`巡霊の葉 X 30
`_2024-04-15 19:35:11_
--------
*8e4325a8da78dc6b19d6911a1e803d30*
`登陆天数: 109天 / 814天
等级: 139
石头: 246
呼符: 40
体力: 84.13 / 140
友情点: 147520 / 3573850`
*連続ログイン4日目
※ログインが途切れるか、7日到達すると
1日目から再開されます*
`聖晶石 X 1
4月交換券(2024) X 1
`*日替りログインボーナス*
*開催期間中、1日1回 2週間日替りでログインボーナスをプレゼント！*
`巡霊の葉 X 30
`_2024-04-15 19:35:22_
--------
*216fc160119ce734295777f23a6deca0*
`登陆天数: 69天 / 1459天
等级: 143
石头: 1493
呼符: 112
体力: 18.906666666666666 / 141
友情点: 10 / 3306025`
_2024-04-15 19:35:31_
--------
*4478643a8c6909faa4d33190cccacbc9*
`登陆天数: 417天 / 2982天
等级: 162
石头: 1876
呼符: 52
体力: 274.98 / 144
友情点: 30 / 2714485`
*連続ログイン4日目
※ログインが途切れるか、7日到達すると
1日目から再開されます*
`聖晶石 X 1
4月交換券(2024) X 1
`*日替りログインボーナス*
*開催期間中、1日1回 2週間日替りでログインボーナスをプレゼント！*
`巡霊の葉 X 30
`_2024-04-15 19:35:40_
--------
*d679950706562a7c71e3a5ab4f53a2cf*
`登陆天数: 69天 / 996天
等级: 134
石头: 414
呼符: 41
体力: 46.30333333333333 / 139
友情点: 81240 / 1892350`
*連続ログイン6日目
※ログインが途切れるか、7日到達すると
1日目から再開されます*
`聖晶石 X 2
4月交換券(2024) X 1
`*日替りログインボーナス*
*開催期間中、1日1回 2週間日替りでログインボーナスをプレゼント！*
`巡霊の葉 X 30
`_2024-04-15 19:35:50_
--------
*cbd11d2d7e06a1c2b2f1f789757cd0ac*
`登陆天数: 38天 / 1192天
等级: 132
石头: 314
呼符: 25
体力: 57026.55333333334 / 138
友情点: 20 / 1129425`
*連続ログイン3日目
※ログインが途切れるか、7日到達すると
1日目から再開されます*
`叡智の業火 X 1
4月交換券(2024) X 1
`*日替りログインボーナス*
*開催期間中、1日1回 2週間日替りでログインボーナスをプレゼント！*
`巡霊の葉 X 30
`_2024-04-15 19:36:03_
--------
*3b4a081645437bf262d528642bcf9a58*
`登陆天数: 38天 / 974天
等级: 132
石头: 663
呼符: 4
体力: 43.05666666666667 / 138
友情点: 70 / 744865`
_2024-04-15 19:36:12_
--------
*f63f20327d7c1cebab4aa0591334ecbc*
`登陆天数: 37天 / 256天
等级: 132
石头: 541
呼符: 29
体力: 3.666666666666657 / 138
友情点: 6930 / 7738365`
_2024-04-15 19:36:20_
--------
