【登录信息】
*af75cc75e91933b02640c226238c1012*
`登陆天数: 39天 / 1428天
等级: 134
石头: 67
呼符: 22
体力: 86.98333333333333 / 139
友情点: 70 / 1222220`
_2024-04-17 01:30:53_
--------
*abc026429421bc613b47d71381f48072*
`登陆天数: 40天 / 2681天
等级: 167
石头: 268
呼符: 17
体力: 22.689999999999998 / 146
友情点: 140 / 4388610`
_2024-04-17 01:31:01_
--------
*8e4325a8da78dc6b19d6911a1e803d30*
`登陆天数: 110天 / 815天
等级: 139
石头: 246
呼符: 40
体力: 44.29333333333334 / 140
友情点: 83550 / 4333505`
_2024-04-17 01:31:11_
--------
*216fc160119ce734295777f23a6deca0*
`登陆天数: 70天 / 1460天
等级: 143
石头: 1493
呼符: 112
体力: 105.07333333333332 / 141
友情点: 40 / 3307330`
_2024-04-17 01:31:20_
--------
*4478643a8c6909faa4d33190cccacbc9*
`登陆天数: 418天 / 2983天
等级: 162
石头: 1876
呼符: 52
体力: 138.25666666666666 / 144
友情点: 115 / 2715140`
_2024-04-17 01:31:30_
--------
*d679950706562a7c71e3a5ab4f53a2cf*
`登陆天数: 70天 / 997天
等级: 134
石头: 420
呼符: 41
体力: 21.47 / 139
友情点: 60 / 2428050`
_2024-04-17 01:31:40_
--------
*1e7f23e2a70a6183e6250fc47b204b92*
`登陆天数: 10天 / 1185天
等级: 136
石头: 8
呼符: 0
体力: 80.71000000000001 / 139
友情点: 60 / 1667015`
_2024-04-17 01:31:49_
--------
*cbd11d2d7e06a1c2b2f1f789757cd0ac*
`登陆天数: 39天 / 1193天
等级: 132
石头: 314
呼符: 25
体力: 57385.736666666664 / 138
友情点: 50 / 1130155`
_2024-04-17 01:31:58_
--------
*3b4a081645437bf262d528642bcf9a58*
`登陆天数: 39天 / 975天
等级: 132
石头: 663
呼符: 4
体力: 82.24000000000001 / 138
友情点: 50 / 745195`
_2024-04-17 01:32:06_
--------
*f63f20327d7c1cebab4aa0591334ecbc*
`登陆天数: 38天 / 257天
等级: 132
石头: 548
呼符: 29
体力: 68.85 / 138
友情点: 145060 / 8488855`
_2024-04-17 01:32:15_
--------
