【登录信息】
*af75cc75e91933b02640c226238c1012*
`登陆天数: 40天 / 1429天
等级: 134
石头: 67
呼符: 22
体力: 103.78 / 139
友情点: 0 / 1222360`
*連続ログイン5日目
※ログインが途切れるか、7日到達すると
1日目から再開されます*
`叡智の業火 X 2
4月交換券(2024) X 1
`*魔法使いの夜×Fate/Grand Orderコラボレーションイベント
開幕直前特別ログインボーナス*
*開催期間中、1日1回 最大7回 ログインボーナスをプレゼント！*
`黄金の果実 X 1
`_2024-04-17 19:34:52_
--------
*abc026429421bc613b47d71381f48072*
`登陆天数: 41天 / 2682天
等级: 167
石头: 268
呼符: 17
体力: 29.486666666666665 / 146
友情点: 280 / 4389700`
*連続ログイン6日目
※ログインが途切れるか、7日到達すると
1日目から再開されます*
`聖晶石 X 2
4月交換券(2024) X 1
`*魔法使いの夜×Fate/Grand Orderコラボレーションイベント
開幕直前特別ログインボーナス*
*開催期間中、1日1回 最大7回 ログインボーナスをプレゼント！*
`黄金の果実 X 1
`_2024-04-17 19:35:00_
--------
*8e4325a8da78dc6b19d6911a1e803d30*
`登陆天数: 111天 / 816天
等级: 139
石头: 249
呼符: 40
体力: 72.09 / 140
友情点: 122720 / 4794655`
*連続ログイン6日目
※ログインが途切れるか、7日到達すると
1日目から再開されます*
`聖晶石 X 2
4月交換券(2024) X 1
`*魔法使いの夜×Fate/Grand Orderコラボレーションイベント
開幕直前特別ログインボーナス*
*開催期間中、1日1回 最大7回 ログインボーナスをプレゼント！*
`黄金の果実 X 1
`_2024-04-17 19:35:09_
--------
*216fc160119ce734295777f23a6deca0*
`登陆天数: 71天 / 1461天
等级: 143
石头: 1493
呼符: 112
体力: 321.8666666666667 / 141
友情点: 65 / 3307405`
*連続ログイン1日目
※ログインが途切れるか、7日到達すると
1日目から再開されます*
`フレンドポイント X 2000
4月交換券(2024) X 1
`*魔法使いの夜×Fate/Grand Orderコラボレーションイベント
開幕直前特別ログインボーナス*
*開催期間中、1日1回 最大7回 ログインボーナスをプレゼント！*
`聖晶石 X 1
`_2024-04-17 19:35:18_
--------
*4478643a8c6909faa4d33190cccacbc9*
`登陆天数: 419天 / 2984天
等级: 162
石头: 1876
呼符: 52
体力: 355.0433333333333 / 144
友情点: 0 / 2715535`
*連続ログイン6日目
※ログインが途切れるか、7日到達すると
1日目から再開されます*
`聖晶石 X 2
4月交換券(2024) X 1
`*魔法使いの夜×Fate/Grand Orderコラボレーションイベント
開幕直前特別ログインボーナス*
*開催期間中、1日1回 最大7回 ログインボーナスをプレゼント！*
`黄金の果実 X 1
`_2024-04-17 19:35:27_
--------
*d679950706562a7c71e3a5ab4f53a2cf*
`登陆天数: 71天 / 998天
等级: 134
石头: 452
呼符: 43
体力: 87.34 / 139
友情点: 40 / 2430315`
*連続ログイン1日目
※ログインが途切れるか、7日到達すると
1日目から再開されます*
`フレンドポイント X 2000
4月交換券(2024) X 1
`*魔法使いの夜×Fate/Grand Orderコラボレーションイベント
開幕直前特別ログインボーナス*
*開催期間中、1日1回 最大7回 ログインボーナスをプレゼント！*
`黄金の果実 X 1
`_2024-04-17 19:35:36_
--------
*1e7f23e2a70a6183e6250fc47b204b92*
`登陆天数: 11天 / 1186天
等级: 136
石头: 8
呼符: 0
体力: 97.49333333333334 / 139
友情点: 20 / 1667655`
*連続ログイン4日目
※ログインが途切れるか、7日到達すると
1日目から再開されます*
`聖晶石 X 1
4月交換券(2024) X 1
`*魔法使いの夜×Fate/Grand Orderコラボレーションイベント
開幕直前特別ログインボーナス*
*開催期間中、1日1回 最大7回 ログインボーナスをプレゼント！*
`黄金の果実 X 1
`_2024-04-17 19:35:45_
--------
*cbd11d2d7e06a1c2b2f1f789757cd0ac*
`登陆天数: 40天 / 1194天
等级: 132
石头: 314
呼符: 25
体力: 57602.52 / 138
友情点: 40 / 1130195`
*連続ログイン5日目
※ログインが途切れるか、7日到達すると
1日目から再開されます*
`叡智の業火 X 2
4月交換券(2024) X 1
`*魔法使いの夜×Fate/Grand Orderコラボレーションイベント
開幕直前特別ログインボーナス*
*開催期間中、1日1回 最大7回 ログインボーナスをプレゼント！*
`聖晶石 X 1
`_2024-04-17 19:35:53_
--------
*3b4a081645437bf262d528642bcf9a58*
`登陆天数: 40天 / 976天
等级: 132
石头: 663
呼符: 4
体力: 99.02333333333334 / 138
友情点: 20 / 745365`
*連続ログイン5日目
※ログインが途切れるか、7日到達すると
1日目から再開されます*
`叡智の業火 X 2
4月交換券(2024) X 1
`*魔法使いの夜×Fate/Grand Orderコラボレーションイベント
開幕直前特別ログインボーナス*
*開催期間中、1日1回 最大7回 ログインボーナスをプレゼント！*
`黄金の果実 X 1
`_2024-04-17 19:36:01_
--------
*f63f20327d7c1cebab4aa0591334ecbc*
`登陆天数: 39天 / 258天
等级: 132
石头: 551
呼符: 29
体力: 102.63 / 138
友情点: 180000 / 8942575`
*連続ログイン4日目
※ログインが途切れるか、7日到達すると
1日目から再開されます*
`聖晶石 X 1
4月交換券(2024) X 1
`*魔法使いの夜×Fate/Grand Orderコラボレーションイベント
開幕直前特別ログインボーナス*
*開催期間中、1日1回 最大7回 ログインボーナスをプレゼント！*
`黄金の果実 X 1
`_2024-04-17 19:36:09_
--------
