【登录信息】
*af75cc75e91933b02640c226238c1012*
`登陆天数: 41天 / 1430天
等级: 134
石头: 93
呼符: 23
体力: 106.91666666666666 / 139
友情点: 80 / 1225960`
*連続ログイン6日目
※ログインが途切れるか、7日到達すると
1日目から再開されます*
`聖晶石 X 2
4月交換券(2024) X 1
`*魔法使いの夜×Fate/Grand Orderコラボレーションイベント
開幕直前特別ログインボーナス*
*開催期間中、1日1回 最大7回 ログインボーナスをプレゼント！*
`QP X 2000000
`_2024-04-18 19:35:33_
--------
*abc026429421bc613b47d71381f48072*
`登陆天数: 42天 / 2683天
等级: 167
石头: 270
呼符: 17
体力: 26.626666666666665 / 146
友情点: 270 / 4392090`
*連続ログイン7日間到達おめでとうございます！
明日は1日目からリスタートされます。*
`獣の足跡 X 1
呼符 X 1
4月交換券(2024) X 1
`*魔法使いの夜×Fate/Grand Orderコラボレーションイベント
開幕直前特別ログインボーナス*
*開催期間中、1日1回 最大7回 ログインボーナスをプレゼント！*
`QP X 2000000
`_2024-04-18 19:35:42_
--------
*8e4325a8da78dc6b19d6911a1e803d30*
`登陆天数: 112天 / 817天
等级: 139
石头: 254
呼符: 40
体力: 95.22999999999999 / 140
友情点: 134570 / 2388605`
*連続ログイン7日間到達おめでとうございます！
明日は1日目からリスタートされます。*
`獣の足跡 X 1
呼符 X 1
4月交換券(2024) X 1
`*魔法使いの夜×Fate/Grand Orderコラボレーションイベント
開幕直前特別ログインボーナス*
*開催期間中、1日1回 最大7回 ログインボーナスをプレゼント！*
`QP X 2000000
`_2024-04-18 19:35:51_
--------
*216fc160119ce734295777f23a6deca0*
`登陆天数: 72天 / 1462天
等级: 143
石头: 1514
呼符: 113
体力: 113.76666666666667 / 141
友情点: 10 / 1752580`
*連続ログイン2日目
※ログインが途切れるか、7日到達すると
1日目から再開されます*
`聖晶石 X 1
4月交換券(2024) X 1
`*魔法使いの夜×Fate/Grand Orderコラボレーションイベント
開幕直前特別ログインボーナス*
*開催期間中、1日1回 最大7回 ログインボーナスをプレゼント！*
`黄金の果実 X 1
`_2024-04-18 19:36:00_
--------
*4478643a8c6909faa4d33190cccacbc9*
`登陆天数: 420天 / 2985天
等级: 162
石头: 1876
呼符: 52
体力: 26.590000000000003 / 144
友情点: 0 / 2717735`
_2024-04-18 19:36:10_
--------
*d679950706562a7c71e3a5ab4f53a2cf*
`登陆天数: 72天 / 999天
等级: 134
石头: 452
呼符: 43
体力: 95.48333333333333 / 139
友情点: 160 / 751035`
*連続ログイン2日目
※ログインが途切れるか、7日到達すると
1日目から再開されます*
`聖晶石 X 1
4月交換券(2024) X 1
`*魔法使いの夜×Fate/Grand Orderコラボレーションイベント
開幕直前特別ログインボーナス*
*開催期間中、1日1回 最大7回 ログインボーナスをプレゼント！*
`QP X 2000000
`_2024-04-18 19:36:19_
--------
*1e7f23e2a70a6183e6250fc47b204b92*
`登陆天数: 12天 / 1187天
等级: 136
石头: 8
呼符: 0
体力: 105.64 / 139
友情点: 95 / 1669145`
*連続ログイン5日目
※ログインが途切れるか、7日到達すると
1日目から再開されます*
`叡智の業火 X 2
4月交換券(2024) X 1
`*魔法使いの夜×Fate/Grand Orderコラボレーションイベント
開幕直前特別ログインボーナス*
*開催期間中、1日1回 最大7回 ログインボーナスをプレゼント！*
`QP X 2000000
`_2024-04-18 19:36:28_
--------
*3b4a081645437bf262d528642bcf9a58*
`登陆天数: 41天 / 977天
等级: 133
石头: 690
呼符: 5
体力: 108.62 / 139
友情点: 0 / 749310`
*連続ログイン6日目
※ログインが途切れるか、7日到達すると
1日目から再開されます*
`聖晶石 X 2
4月交換券(2024) X 1
`*魔法使いの夜×Fate/Grand Orderコラボレーションイベント
開幕直前特別ログインボーナス*
*開催期間中、1日1回 最大7回 ログインボーナスをプレゼント！*
`QP X 2000000
`_2024-04-18 19:36:40_
--------
*f63f20327d7c1cebab4aa0591334ecbc*
`登陆天数: 40天 / 259天
等级: 132
石头: 602
呼符: 29
体力: 96.75999999999999 / 138
友情点: 161155 / 9534100`
*連続ログイン5日目
※ログインが途切れるか、7日到達すると
1日目から再開されます*
`叡智の業火 X 2
4月交換券(2024) X 1
`*魔法使いの夜×Fate/Grand Orderコラボレーションイベント
開幕直前特別ログインボーナス*
*開催期間中、1日1回 最大7回 ログインボーナスをプレゼント！*
`QP X 2000000
`_2024-04-18 19:36:48_
--------
