【登录信息】
*af75cc75e91933b02640c226238c1012*
`登陆天数: 42天 / 1431天
等级: 134
石头: 93
呼符: 23
体力: 114.69666666666666 / 139
友情点: 0 / 1226250`
*連続ログイン7日間到達おめでとうございます！
明日は1日目からリスタートされます。*
`獣の足跡 X 1
呼符 X 1
4月交換券(2024) X 1
`*魔法使いの夜×Fate/Grand Orderコラボレーションイベント
開幕直前特別ログインボーナス*
*開催期間中、1日1回 最大7回 ログインボーナスをプレゼント！*
`聖晶石 X 1
`_2024-04-19 19:34:27_
--------
*abc026429421bc613b47d71381f48072*
`登陆天数: 43天 / 2684天
等级: 167
石头: 270
呼符: 17
体力: 23.406666666666666 / 146
友情点: 320 / 1037560`
*連続ログイン1日目
※ログインが途切れるか、7日到達すると
1日目から再開されます*
`フレンドポイント X 2000
4月交換券(2024) X 1
`*魔法使いの夜×Fate/Grand Orderコラボレーションイベント
開幕直前特別ログインボーナス*
*開催期間中、1日1回 最大7回 ログインボーナスをプレゼント！*
`聖晶石 X 1
`_2024-04-19 19:34:35_
--------
*8e4325a8da78dc6b19d6911a1e803d30*
`登陆天数: 113天 / 818天
等级: 139
石头: 254
呼符: 40
体力: 103.00999999999999 / 140
友情点: 35360 / 2888925`
*連続ログイン1日目
※ログインが途切れるか、7日到達すると
1日目から再開されます*
`フレンドポイント X 2000
4月交換券(2024) X 1
`*魔法使いの夜×Fate/Grand Orderコラボレーションイベント
開幕直前特別ログインボーナス*
*開催期間中、1日1回 最大7回 ログインボーナスをプレゼント！*
`聖晶石 X 1
`_2024-04-19 19:34:45_
--------
*216fc160119ce734295777f23a6deca0*
`登陆天数: 73天 / 1463天
等级: 143
石头: 1514
呼符: 113
体力: 81.54666666666667 / 141
友情点: 20 / 1753390`
*連続ログイン3日目
※ログインが途切れるか、7日到達すると
1日目から再開されます*
`叡智の業火 X 1
4月交換券(2024) X 1
`*魔法使いの夜×Fate/Grand Orderコラボレーションイベント
開幕直前特別ログインボーナス*
*開催期間中、1日1回 最大7回 ログインボーナスをプレゼント！*
`QP X 2000000
`_2024-04-19 19:34:55_
--------
*4478643a8c6909faa4d33190cccacbc9*
`登陆天数: 421天 / 2986天
等级: 162
石头: 1876
呼符: 52
体力: 14.373333333333335 / 144
友情点: 20 / 2718695`
_2024-04-19 19:35:04_
--------
*d679950706562a7c71e3a5ab4f53a2cf*
`登陆天数: 73天 / 1000天
等级: 134
石头: 452
呼符: 43
体力: 63.266666666666666 / 139
友情点: 20 / 751815`
*連続ログイン3日目
※ログインが途切れるか、7日到達すると
1日目から再開されます*
`叡智の業火 X 1
4月交換券(2024) X 1
`*魔法使いの夜×Fate/Grand Orderコラボレーションイベント
開幕直前特別ログインボーナス*
*開催期間中、1日1回 最大7回 ログインボーナスをプレゼント！*
`聖晶石 X 1
`_2024-04-19 19:35:14_
--------
*1e7f23e2a70a6183e6250fc47b204b92*
`登陆天数: 13天 / 1188天
等级: 136
石头: 8
呼符: 0
体力: 113.42333333333333 / 139
友情点: 35 / 1670410`
*連続ログイン6日目
※ログインが途切れるか、7日到達すると
1日目から再開されます*
`聖晶石 X 2
4月交換券(2024) X 1
`*魔法使いの夜×Fate/Grand Orderコラボレーションイベント
開幕直前特別ログインボーナス*
*開催期間中、1日1回 最大7回 ログインボーナスをプレゼント！*
`聖晶石 X 1
`_2024-04-19 19:35:23_
--------
*3b4a081645437bf262d528642bcf9a58*
`登陆天数: 42天 / 978天
等级: 133
石头: 690
呼符: 5
体力: 116.40666666666667 / 139
友情点: 40 / 749960`
*連続ログイン7日間到達おめでとうございます！
明日は1日目からリスタートされます。*
`獣の足跡 X 1
呼符 X 1
4月交換券(2024) X 1
`*魔法使いの夜×Fate/Grand Orderコラボレーションイベント
開幕直前特別ログインボーナス*
*開催期間中、1日1回 最大7回 ログインボーナスをプレゼント！*
`聖晶石 X 1
`_2024-04-19 19:35:35_
--------
*f63f20327d7c1cebab4aa0591334ecbc*
`登陆天数: 41天 / 260天
等级: 132
石头: 607
呼符: 29
体力: 90.54333333333334 / 138
友情点: 0 / 9955180`
*連続ログイン6日目
※ログインが途切れるか、7日到達すると
1日目から再開されます*
`聖晶石 X 2
4月交換券(2024) X 1
`*魔法使いの夜×Fate/Grand Orderコラボレーションイベント
開幕直前特別ログインボーナス*
*開催期間中、1日1回 最大7回 ログインボーナスをプレゼント！*
`聖晶石 X 1
`_2024-04-19 19:35:43_
--------
