【登录信息】
*af75cc75e91933b02640c226238c1012*
`登陆天数: 43天 / 1432天
等级: 134
石头: 93
呼符: 23
体力: 82.96666666666667 / 139
友情点: 40 / 1226570`
*連続ログイン1日目
※ログインが途切れるか、7日到達すると
1日目から再開されます*
`フレンドポイント X 2000
4月交換券(2024) X 1
`*魔法使いの夜×Fate/Grand Orderコラボレーションイベント
開幕直前特別ログインボーナス*
*開催期間中、1日1回 最大7回 ログインボーナスをプレゼント！*
`英霊結晶・星のフォウくん X 5
`_2024-04-20 19:35:48_
--------
*abc026429421bc613b47d71381f48072*
`登陆天数: 44天 / 2685天
等级: 168
石头: 270
呼符: 17
体力: 18.86333333333333 / 146
友情点: 20 / 1039875`
_2024-04-20 19:35:56_
--------
*8e4325a8da78dc6b19d6911a1e803d30*
`登陆天数: 114天 / 819天
等级: 139
石头: 254
呼符: 40
体力: 71.27666666666667 / 140
友情点: 50 / 2889385`
*連続ログイン2日目
※ログインが途切れるか、7日到達すると
1日目から再開されます*
`聖晶石 X 1
4月交換券(2024) X 1
`*魔法使いの夜×Fate/Grand Orderコラボレーションイベント
開幕直前特別ログインボーナス*
*開催期間中、1日1回 最大7回 ログインボーナスをプレゼント！*
`英霊結晶・星のフォウくん X 5
`_2024-04-20 19:36:06_
--------
*216fc160119ce734295777f23a6deca0*
`登陆天数: 74天 / 1464天
等级: 143
石头: 1514
呼符: 113
体力: 89.81333333333333 / 141
友情点: 20 / 1754355`
*連続ログイン4日目
※ログインが途切れるか、7日到達すると
1日目から再開されます*
`聖晶石 X 1
4月交換券(2024) X 1
`*魔法使いの夜×Fate/Grand Orderコラボレーションイベント
開幕直前特別ログインボーナス*
*開催期間中、1日1回 最大7回 ログインボーナスをプレゼント！*
`聖晶石 X 1
`_2024-04-20 19:36:15_
--------
*4478643a8c6909faa4d33190cccacbc9*
`登陆天数: 422天 / 2987天
等级: 162
石头: 1876
呼符: 52
体力: 42.63666666666667 / 144
友情点: 50 / 2719780`
*連続ログイン2日目
※ログインが途切れるか、7日到達すると
1日目から再開されます*
`聖晶石 X 1
4月交換券(2024) X 1
`*魔法使いの夜×Fate/Grand Orderコラボレーションイベント
開幕直前特別ログインボーナス*
*開催期間中、1日1回 最大7回 ログインボーナスをプレゼント！*
`英霊結晶・星のフォウくん X 5
`_2024-04-20 19:36:24_
--------
*d679950706562a7c71e3a5ab4f53a2cf*
`登陆天数: 74天 / 1001天
等级: 134
石头: 452
呼符: 43
体力: 71.53333333333333 / 139
友情点: 60 / 752300`
*連続ログイン4日目
※ログインが途切れるか、7日到達すると
1日目から再開されます*
`聖晶石 X 1
4月交換券(2024) X 1
`*魔法使いの夜×Fate/Grand Orderコラボレーションイベント
開幕直前特別ログインボーナス*
*開催期間中、1日1回 最大7回 ログインボーナスをプレゼント！*
`英霊結晶・星のフォウくん X 5
`_2024-04-20 19:36:34_
--------
*1e7f23e2a70a6183e6250fc47b204b92*
`登陆天数: 14天 / 1189天
等级: 136
石头: 8
呼符: 0
体力: 81.68666666666667 / 139
友情点: 50 / 1671905`
*連続ログイン7日間到達おめでとうございます！
明日は1日目からリスタートされます。*
`獣の足跡 X 1
呼符 X 1
4月交換券(2024) X 1
`*魔法使いの夜×Fate/Grand Orderコラボレーションイベント
開幕直前特別ログインボーナス*
*開催期間中、1日1回 最大7回 ログインボーナスをプレゼント！*
`英霊結晶・星のフォウくん X 5
`_2024-04-20 19:36:42_
--------
*3b4a081645437bf262d528642bcf9a58*
`登陆天数: 43天 / 979天
等级: 133
石头: 690
呼符: 5
体力: 84.67 / 139
友情点: 20 / 750860`
*連続ログイン1日目
※ログインが途切れるか、7日到達すると
1日目から再開されます*
`フレンドポイント X 2000
4月交換券(2024) X 1
`*魔法使いの夜×Fate/Grand Orderコラボレーションイベント
開幕直前特別ログインボーナス*
*開催期間中、1日1回 最大7回 ログインボーナスをプレゼント！*
`英霊結晶・星のフォウくん X 5
`_2024-04-20 19:36:54_
--------
*f63f20327d7c1cebab4aa0591334ecbc*
`登陆天数: 42天 / 261天
等级: 132
石头: 611
呼符: 29
体力: 84.81 / 138
友情点: 10 / 9956010`
*連続ログイン7日間到達おめでとうございます！
明日は1日目からリスタートされます。*
`獣の足跡 X 1
呼符 X 1
4月交換券(2024) X 1
`*魔法使いの夜×Fate/Grand Orderコラボレーションイベント
開幕直前特別ログインボーナス*
*開催期間中、1日1回 最大7回 ログインボーナスをプレゼント！*
`英霊結晶・星のフォウくん X 5
`_2024-04-20 19:37:03_
--------
