【登录信息】
*af75cc75e91933b02640c226238c1012*
`登陆天数: 44天 / 1433天
等级: 134
石头: 93
呼符: 23
体力: 90.90333333333334 / 139
友情点: 10 / 1226910`
*連続ログイン2日目
※ログインが途切れるか、7日到達すると
1日目から再開されます*
`聖晶石 X 1
4月交換券(2024) X 1
`*魔法使いの夜×Fate/Grand Orderコラボレーションイベント
開幕直前特別ログインボーナス*
*開催期間中、1日1回 最大7回 ログインボーナスをプレゼント！*
`英霊結晶・太陽のフォウくん X 5
`_2024-04-21 19:35:30_
--------
*abc026429421bc613b47d71381f48072*
`登陆天数: 45天 / 2686天
等级: 168
石头: 270
呼符: 17
体力: 14.796666666666653 / 146
友情点: 80 / 1041160`
_2024-04-21 19:35:37_
--------
*8e4325a8da78dc6b19d6911a1e803d30*
`登陆天数: 115天 / 820天
等级: 139
石头: 254
呼符: 40
体力: 79.21000000000001 / 140
友情点: 70 / 2890010`
*連続ログイン3日目
※ログインが途切れるか、7日到達すると
1日目から再開されます*
`叡智の業火 X 1
4月交換券(2024) X 1
`*魔法使いの夜×Fate/Grand Orderコラボレーションイベント
開幕直前特別ログインボーナス*
*開催期間中、1日1回 最大7回 ログインボーナスをプレゼント！*
`英霊結晶・太陽のフォウくん X 5
`_2024-04-21 19:35:46_
--------
*216fc160119ce734295777f23a6deca0*
`登陆天数: 75天 / 1465天
等级: 143
石头: 1514
呼符: 113
体力: 57.74333333333334 / 141
友情点: 10 / 1754815`
*連続ログイン5日目
※ログインが途切れるか、7日到達すると
1日目から再開されます*
`叡智の業火 X 2
4月交換券(2024) X 1
`*魔法使いの夜×Fate/Grand Orderコラボレーションイベント
開幕直前特別ログインボーナス*
*開催期間中、1日1回 最大7回 ログインボーナスをプレゼント！*
`英霊結晶・星のフォウくん X 5
`_2024-04-21 19:35:54_
--------
*4478643a8c6909faa4d33190cccacbc9*
`登陆天数: 423天 / 2988天
等级: 162
石头: 1876
呼符: 52
体力: 30.566666666666663 / 144
友情点: 0 / 2720535`
_2024-04-21 19:36:04_
--------
*d679950706562a7c71e3a5ab4f53a2cf*
`登陆天数: 75天 / 1002天
等级: 134
石头: 452
呼符: 43
体力: 79.46000000000001 / 139
友情点: 20 / 753385`
*連続ログイン5日目
※ログインが途切れるか、7日到達すると
1日目から再開されます*
`叡智の業火 X 2
4月交換券(2024) X 1
`*魔法使いの夜×Fate/Grand Orderコラボレーションイベント
開幕直前特別ログインボーナス*
*開催期間中、1日1回 最大7回 ログインボーナスをプレゼント！*
`英霊結晶・太陽のフォウくん X 5
`_2024-04-21 19:36:12_
--------
*1e7f23e2a70a6183e6250fc47b204b92*
`登陆天数: 15天 / 1190天
等级: 136
石头: 8
呼符: 0
体力: 89.61333333333334 / 139
友情点: 20 / 1673120`
*連続ログイン1日目
※ログインが途切れるか、7日到達すると
1日目から再開されます*
`フレンドポイント X 2000
4月交換券(2024) X 1
`*魔法使いの夜×Fate/Grand Orderコラボレーションイベント
開幕直前特別ログインボーナス*
*開催期間中、1日1回 最大7回 ログインボーナスをプレゼント！*
`英霊結晶・太陽のフォウくん X 5
`_2024-04-21 19:36:21_
--------
*3b4a081645437bf262d528642bcf9a58*
`登陆天数: 44天 / 980天
等级: 133
石头: 690
呼符: 5
体力: 92.59666666666666 / 139
友情点: 20 / 751290`
*連続ログイン2日目
※ログインが途切れるか、7日到達すると
1日目から再開されます*
`聖晶石 X 1
4月交換券(2024) X 1
`*魔法使いの夜×Fate/Grand Orderコラボレーションイベント
開幕直前特別ログインボーナス*
*開催期間中、1日1回 最大7回 ログインボーナスをプレゼント！*
`英霊結晶・太陽のフォウくん X 5
`_2024-04-21 19:36:32_
--------
*f63f20327d7c1cebab4aa0591334ecbc*
`登陆天数: 43天 / 262天
等级: 132
石头: 616
呼符: 29
体力: 78.73333333333333 / 138
友情点: 20 / 9957060`
*連続ログイン1日目
※ログインが途切れるか、7日到達すると
1日目から再開されます*
`フレンドポイント X 2000
4月交換券(2024) X 1
`*魔法使いの夜×Fate/Grand Orderコラボレーションイベント
開幕直前特別ログインボーナス*
*開催期間中、1日1回 最大7回 ログインボーナスをプレゼント！*
`英霊結晶・太陽のフォウくん X 5
`_2024-04-21 19:36:40_
--------
