【登录信息】
*af75cc75e91933b02640c226238c1012*
`登陆天数: 45天 / 1434天
等级: 134
石头: 93
呼符: 23
体力: 98.93666666666667 / 139
友情点: 0 / 1227120`
*連続ログイン3日目
※ログインが途切れるか、7日到達すると
1日目から再開されます*
`叡智の業火 X 1
4月交換券(2024) X 1
`*魔法使いの夜×Fate/Grand Orderコラボレーションイベント
開幕直前特別ログインボーナス*
*開催期間中、1日1回 最大7回 ログインボーナスをプレゼント！*
`聖晶石 X 1
`_2024-04-22 19:35:39_
--------
*abc026429421bc613b47d71381f48072*
`登陆天数: 46天 / 2687天
等级: 168
石头: 270
呼符: 17
体力: 222.83666666666667 / 146
友情点: 20 / 1043425`
*連続ログイン4日目
※ログインが途切れるか、7日到達すると
1日目から再開されます*
`聖晶石 X 1
4月交換券(2024) X 1
`*魔法使いの夜×Fate/Grand Orderコラボレーションイベント
開幕直前特別ログインボーナス*
*開催期間中、1日1回 最大7回 ログインボーナスをプレゼント！*
`聖晶石 X 1
`_2024-04-22 19:35:47_
--------
*8e4325a8da78dc6b19d6911a1e803d30*
`登陆天数: 116天 / 821天
等级: 139
石头: 254
呼符: 40
体力: 87.25 / 140
友情点: 60 / 2890510`
*連続ログイン4日目
※ログインが途切れるか、7日到達すると
1日目から再開されます*
`聖晶石 X 1
4月交換券(2024) X 1
`*魔法使いの夜×Fate/Grand Orderコラボレーションイベント
開幕直前特別ログインボーナス*
*開催期間中、1日1回 最大7回 ログインボーナスをプレゼント！*
`聖晶石 X 1
`_2024-04-22 19:35:58_
--------
*216fc160119ce734295777f23a6deca0*
`登陆天数: 76天 / 1466天
等级: 144
石头: 1514
呼符: 113
体力: 85.54333333333334 / 141
友情点: 115 / 1755435`
*連続ログイン6日目
※ログインが途切れるか、7日到達すると
1日目から再開されます*
`聖晶石 X 2
4月交換券(2024) X 1
`*魔法使いの夜×Fate/Grand Orderコラボレーションイベント
開幕直前特別ログインボーナス*
*開催期間中、1日1回 最大7回 ログインボーナスをプレゼント！*
`英霊結晶・太陽のフォウくん X 5
`_2024-04-22 19:36:07_
--------
*4478643a8c6909faa4d33190cccacbc9*
`登陆天数: 424天 / 2989天
等级: 162
石头: 1876
呼符: 52
体力: 18.60666666666667 / 144
友情点: 10 / 2721945`
_2024-04-22 19:36:16_
--------
*d679950706562a7c71e3a5ab4f53a2cf*
`登陆天数: 76天 / 1003天
等级: 134
石头: 452
呼符: 43
体力: 47.50333333333333 / 139
友情点: 60 / 753965`
*連続ログイン6日目
※ログインが途切れるか、7日到達すると
1日目から再開されます*
`聖晶石 X 2
4月交換券(2024) X 1
`*魔法使いの夜×Fate/Grand Orderコラボレーションイベント
開幕直前特別ログインボーナス*
*開催期間中、1日1回 最大7回 ログインボーナスをプレゼント！*
`聖晶石 X 1
`_2024-04-22 19:36:25_
--------
*1e7f23e2a70a6183e6250fc47b204b92*
`登陆天数: 16天 / 1191天
等级: 136
石头: 8
呼符: 0
体力: 97.65666666666667 / 139
友情点: 20 / 1674750`
*連続ログイン2日目
※ログインが途切れるか、7日到達すると
1日目から再開されます*
`聖晶石 X 1
4月交換券(2024) X 1
`*魔法使いの夜×Fate/Grand Orderコラボレーションイベント
開幕直前特別ログインボーナス*
*開催期間中、1日1回 最大7回 ログインボーナスをプレゼント！*
`聖晶石 X 1
`_2024-04-22 19:36:33_
--------
*3b4a081645437bf262d528642bcf9a58*
`登陆天数: 45天 / 981天
等级: 133
石头: 690
呼符: 5
体力: 100.64 / 139
友情点: 20 / 751745`
*連続ログイン3日目
※ログインが途切れるか、7日到達すると
1日目から再開されます*
`叡智の業火 X 1
4月交換券(2024) X 1
`*魔法使いの夜×Fate/Grand Orderコラボレーションイベント
開幕直前特別ログインボーナス*
*開催期間中、1日1回 最大7回 ログインボーナスをプレゼント！*
`聖晶石 X 1
`_2024-04-22 19:36:45_
--------
*f63f20327d7c1cebab4aa0591334ecbc*
`登陆天数: 44天 / 263天
等级: 132
石头: 621
呼符: 29
体力: 72.77666666666667 / 138
友情点: 10 / 9957590`
*連続ログイン2日目
※ログインが途切れるか、7日到達すると
1日目から再開されます*
`聖晶石 X 1
4月交換券(2024) X 1
`*魔法使いの夜×Fate/Grand Orderコラボレーションイベント
開幕直前特別ログインボーナス*
*開催期間中、1日1回 最大7回 ログインボーナスをプレゼント！*
`聖晶石 X 1
`_2024-04-22 19:36:53_
--------
