【登录信息】
*af75cc75e91933b02640c226238c1012*
`登陆天数: 46天 / 1435天
等级: 134
石头: 93
呼符: 23
体力: 67.14 / 139
友情点: 20 / 1227585`
*連続ログイン4日目
※ログインが途切れるか、7日到達すると
1日目から再開されます*
`聖晶石 X 1
4月交換券(2024) X 1
`_2024-04-23 19:36:40_
--------
*abc026429421bc613b47d71381f48072*
`登陆天数: 47天 / 2688天
等级: 168
石头: 270
呼符: 17
体力: 349.31666666666666 / 146
友情点: 110 / 1044620`
*連続ログイン5日目
※ログインが途切れるか、7日到達すると
1日目から再開されます*
`叡智の業火 X 2
4月交換券(2024) X 1
`_2024-04-23 19:36:48_
--------
*8e4325a8da78dc6b19d6911a1e803d30*
`登陆天数: 117天 / 822天
等级: 139
石头: 254
呼符: 40
体力: 55.45333333333333 / 140
友情点: 100 / 2891110`
*連続ログイン5日目
※ログインが途切れるか、7日到達すると
1日目から再開されます*
`叡智の業火 X 2
4月交換券(2024) X 1
`_2024-04-23 19:36:58_
--------
*216fc160119ce734295777f23a6deca0*
`登陆天数: 77天 / 1467天
等级: 144
石头: 1514
呼符: 113
体力: 53.75 / 141
友情点: 120 / 1755955`
*連続ログイン7日間到達おめでとうございます！
明日は1日目からリスタートされます。*
`獣の足跡 X 1
呼符 X 1
4月交換券(2024) X 1
`*魔法使いの夜×Fate/Grand Orderコラボレーションイベント
開幕直前特別ログインボーナス*
*開催期間中、1日1回 最大7回 ログインボーナスをプレゼント！*
`聖晶石 X 1
`_2024-04-23 19:37:07_
--------
*4478643a8c6909faa4d33190cccacbc9*
`登陆天数: 425天 / 2990天
等级: 162
石头: 1876
呼符: 52
体力: 126.81666666666666 / 144
友情点: 255 / 2722860`
*連続ログイン5日目
※ログインが途切れるか、7日到達すると
1日目から再開されます*
`叡智の業火 X 2
4月交換券(2024) X 1
`_2024-04-23 19:37:17_
--------
*d679950706562a7c71e3a5ab4f53a2cf*
`登陆天数: 77天 / 1004天
等级: 134
石头: 455
呼符: 43
体力: 55.71333333333334 / 139
友情点: 400 / 754760`
*連続ログイン7日間到達おめでとうございます！
明日は1日目からリスタートされます。*
`獣の足跡 X 1
呼符 X 1
4月交換券(2024) X 1
`_2024-04-23 19:37:28_
--------
*1e7f23e2a70a6183e6250fc47b204b92*
`登陆天数: 17天 / 1192天
等级: 136
石头: 8
呼符: 0
体力: 65.86666666666666 / 139
友情点: 0 / 1676510`
*連続ログイン3日目
※ログインが途切れるか、7日到達すると
1日目から再開されます*
`叡智の業火 X 1
4月交換券(2024) X 1
`_2024-04-23 19:37:36_
--------
*3b4a081645437bf262d528642bcf9a58*
`登陆天数: 46天 / 982天
等级: 133
石头: 690
呼符: 5
体力: 68.85333333333334 / 139
友情点: 40 / 752165`
*連続ログイン4日目
※ログインが途切れるか、7日到達すると
1日目から再開されます*
`聖晶石 X 1
4月交換券(2024) X 1
`_2024-04-23 19:37:48_
--------
*f63f20327d7c1cebab4aa0591334ecbc*
`登陆天数: 45天 / 264天
等级: 132
石头: 625
呼符: 29
体力: 66.99 / 138
友情点: 30 / 9958070`
*連続ログイン3日目
※ログインが途切れるか、7日到達すると
1日目から再開されます*
`叡智の業火 X 1
4月交換券(2024) X 1
`_2024-04-23 19:37:57_
--------
