【登录信息】
*af75cc75e91933b02640c226238c1012*
`登陆天数: 47天 / 1436天
等级: 134
石头: 97
呼符: 23
体力: 74.93333333333334 / 139
友情点: 80 / 1228240`
*連続ログイン5日目
※ログインが途切れるか、7日到達すると
1日目から再開されます*
`叡智の業火 X 2
4月交換券(2024) X 1
`_2024-04-24 19:35:38_
--------
*abc026429421bc613b47d71381f48072*
`登陆天数: 48天 / 2689天
等级: 168
石头: 272
呼符: 17
体力: 343.11333333333334 / 146
友情点: 150 / 1045565`
*連続ログイン6日目
※ログインが途切れるか、7日到達すると
1日目から再開されます*
`聖晶石 X 2
4月交換券(2024) X 1
`_2024-04-24 19:35:46_
--------
*8e4325a8da78dc6b19d6911a1e803d30*
`登陆天数: 118天 / 823天
等级: 139
石头: 254
呼符: 40
体力: 63.25 / 140
友情点: 270 / 2892125`
*連続ログイン6日目
※ログインが途切れるか、7日到達すると
1日目から再開されます*
`聖晶石 X 2
4月交換券(2024) X 1
`_2024-04-24 19:35:58_
--------
*216fc160119ce734295777f23a6deca0*
`登陆天数: 78天 / 1468天
等级: 144
石头: 1514
呼符: 113
体力: 61.54666666666667 / 141
友情点: 240 / 1756910`
*連続ログイン1日目
※ログインが途切れるか、7日到達すると
1日目から再開されます*
`フレンドポイント X 2000
4月交換券(2024) X 1
`_2024-04-24 19:36:07_
--------
*4478643a8c6909faa4d33190cccacbc9*
`登陆天数: 426天 / 2991天
等级: 162
石头: 1876
呼符: 52
体力: 114.61333333333333 / 144
友情点: 200 / 2724665`
*連続ログイン6日目
※ログインが途切れるか、7日到達すると
1日目から再開されます*
`聖晶石 X 2
4月交換券(2024) X 1
`_2024-04-24 19:36:17_
--------
*d679950706562a7c71e3a5ab4f53a2cf*
`登陆天数: 78天 / 1005天
等级: 134
石头: 455
呼符: 43
体力: 63.510000000000005 / 139
友情点: 400 / 756145`
*連続ログイン1日目
※ログインが途切れるか、7日到達すると
1日目から再開されます*
`フレンドポイント X 2000
4月交換券(2024) X 1
`_2024-04-24 19:36:26_
--------
*1e7f23e2a70a6183e6250fc47b204b92*
`登陆天数: 18天 / 1193天
等级: 136
石头: 8
呼符: 0
体力: 73.66666666666667 / 139
友情点: 80 / 1678255`
*連続ログイン4日目
※ログインが途切れるか、7日到達すると
1日目から再開されます*
`聖晶石 X 1
4月交換券(2024) X 1
`_2024-04-24 19:36:35_
--------
*3b4a081645437bf262d528642bcf9a58*
`登陆天数: 47天 / 983天
等级: 133
石头: 690
呼符: 5
体力: 76.65 / 139
友情点: 40 / 753135`
*連続ログイン5日目
※ログインが途切れるか、7日到達すると
1日目から再開されます*
`叡智の業火 X 2
4月交換券(2024) X 1
`_2024-04-24 19:36:48_
--------
*f63f20327d7c1cebab4aa0591334ecbc*
`登陆天数: 46天 / 265天
等级: 132
石头: 633
呼符: 29
体力: 60.790000000000006 / 138
友情点: 90 / 9959320`
*連続ログイン4日目
※ログインが途切れるか、7日到達すると
1日目から再開されます*
`聖晶石 X 1
4月交換券(2024) X 1
`_2024-04-24 19:36:56_
--------
