【登录信息】
*af75cc75e91933b02640c226238c1012*
`登陆天数: 48天 / 1437天
等级: 134
石头: 97
呼符: 23
体力: 82.8 / 139
友情点: 40 / 1228840`
*連続ログイン6日目
※ログインが途切れるか、7日到達すると
1日目から再開されます*
`聖晶石 X 2
4月交換券(2024) X 1
`_2024-04-25 19:34:58_
--------
*abc026429421bc613b47d71381f48072*
`登陆天数: 49天 / 2690天
等级: 168
石头: 308
呼符: 19
体力: 26.176666666666662 / 146
友情点: 710 / 1054345`
*連続ログイン7日間到達おめでとうございます！
明日は1日目からリスタートされます。*
`獣の足跡 X 1
呼符 X 1
4月交換券(2024) X 1
`_2024-04-25 19:35:07_
--------
*8e4325a8da78dc6b19d6911a1e803d30*
`登陆天数: 119天 / 824天
等级: 139
石头: 254
呼符: 40
体力: 71.11 / 140
友情点: 180 / 2893100`
*連続ログイン7日間到達おめでとうございます！
明日は1日目からリスタートされます。*
`獣の足跡 X 1
呼符 X 1
4月交換券(2024) X 1
`_2024-04-25 19:35:16_
--------
*216fc160119ce734295777f23a6deca0*
`登陆天数: 79天 / 1469天
等级: 144
石头: 1514
呼符: 113
体力: 69.40666666666667 / 141
友情点: 240 / 1758425`
*連続ログイン2日目
※ログインが途切れるか、7日到達すると
1日目から再開されます*
`聖晶石 X 1
4月交換券(2024) X 1
`_2024-04-25 19:35:25_
--------
*d679950706562a7c71e3a5ab4f53a2cf*
`登陆天数: 79天 / 1006天
等级: 134
石头: 455
呼符: 43
体力: 31.346666666666664 / 139
友情点: 500 / 757365`
*連続ログイン2日目
※ログインが途切れるか、7日到達すると
1日目から再開されます*
`聖晶石 X 1
4月交換券(2024) X 1
`_2024-04-25 19:35:37_
--------
*1e7f23e2a70a6183e6250fc47b204b92*
`登陆天数: 19天 / 1194天
等级: 136
石头: 8
呼符: 0
体力: 81.5 / 139
友情点: 60 / 1679295`
*連続ログイン5日目
※ログインが途切れるか、7日到達すると
1日目から再開されます*
`叡智の業火 X 2
4月交換券(2024) X 1
`_2024-04-25 19:35:46_
--------
*3b4a081645437bf262d528642bcf9a58*
`登陆天数: 48天 / 984天
等级: 133
石头: 690
呼符: 5
体力: 84.47999999999999 / 139
友情点: 20 / 753875`
*連続ログイン6日目
※ログインが途切れるか、7日到達すると
1日目から再開されます*
`聖晶石 X 2
4月交換券(2024) X 1
`_2024-04-25 19:35:57_
--------
*f63f20327d7c1cebab4aa0591334ecbc*
`登陆天数: 47天 / 266天
等级: 132
石头: 638
呼符: 29
体力: 54.620000000000005 / 138
友情点: 130 / 9960150`
*連続ログイン5日目
※ログインが途切れるか、7日到達すると
1日目から再開されます*
`叡智の業火 X 2
4月交換券(2024) X 1
`_2024-04-25 19:36:06_
--------
