【登录信息】
*af75cc75e91933b02640c226238c1012*
`登陆天数: 1天 / 1390天
等级: 132
石头: 122
呼符: 2
体力: 23936.22 / 138
友情点: 120 / 1175485`
_2024-03-10 15:47:36_
--------
*abc026429421bc613b47d71381f48072*
`登陆天数: 2天 / 2643天
等级: 166
石头: 62
呼符: 2
体力: 196.61666666666667 / 145
友情点: 0 / 2559265`
_2024-03-10 15:47:44_
--------
*8e4325a8da78dc6b19d6911a1e803d30*
`登陆天数: 72天 / 777天
等级: 137
石头: 181
呼符: 24
体力: 65.65333333333334 / 140
友情点: 250 / 952480`
_2024-03-10 15:47:55_
--------
*216fc160119ce734295777f23a6deca0*
`登陆天数: 32天 / 1422天
等级: 142
石头: 1284
呼符: 96
体力: 65.68333333333334 / 140
友情点: 110 / 2359185`
_2024-03-10 15:48:03_
--------
*4478643a8c6909faa4d33190cccacbc9*
`登陆天数: 380天 / 2945天
等级: 161
石头: 757
呼符: 37
体力: 69.70666666666666 / 144
友情点: 610 / 3368180`
_2024-03-10 15:48:13_
--------
*d679950706562a7c71e3a5ab4f53a2cf*
`登陆天数: 32天 / 959天
等级: 132
石头: 263
呼符: 26
体力: 63.74666666666667 / 138
友情点: 180 / 751825`
_2024-03-10 15:48:22_
--------
*bd5dad2e34e30589543305c48da9558a*
`登陆天数: 1天 / 15天
等级: 104
石头: 228
呼符: 5
体力: 147.98 / 127
友情点: 0 / 37265`
_2024-03-10 15:48:30_
--------
*cbd11d2d7e06a1c2b2f1f789757cd0ac*
`登陆天数: 1天 / 1155天
等级: 132
石头: 314
呼符: 25
体力: 46613.07 / 138
友情点: 150 / 1123735`
_2024-03-10 15:48:39_
--------
*3b4a081645437bf262d528642bcf9a58*
`登陆天数: 1天 / 937天
等级: 127
石头: 1872
呼符: 76
体力: 17.78333333333333 / 137
友情点: 210 / 694880`
_2024-03-10 15:48:47_
--------
