【登录信息】
*af75cc75e91933b02640c226238c1012*
`登陆天数: 2天 / 1391天
等级: 132
石头: 125
呼符: 2
体力: 52.11666666666666 / 138
友情点: 250 / 1176730`
*連続ログイン2日目
※ログインが途切れるか、7日到達すると
1日目から再開されます*
`聖晶石 X 1
3月交換券(2024) X 1
`*「奏章Ⅱ」開幕直前ログインボーナス*
*開催期間中、1日1回 最大7回 ログインボーナスをプレゼント！*
`英霊結晶・星のフォウくん X 2
黄金の果実 X 1
`_2024-03-10 19:34:51_
--------
*abc026429421bc613b47d71381f48072*
`登陆天数: 3天 / 2644天
等级: 166
石头: 65
呼符: 2
体力: 31.936666666666667 / 145
友情点: 0 / 2560465`
*連続ログイン3日目
※ログインが途切れるか、7日到達すると
1日目から再開されます*
`叡智の業火 X 1
3月交換券(2024) X 1
`*CBC2024 シャルルマーニュのモンジョワ・騎士道！開幕記念 ログインボーナス*
*開催期間中、1日1回 最大21回 ログインボーナスをプレゼント！*
`白銀の果実 X 1
`_2024-03-10 19:34:59_
--------
*8e4325a8da78dc6b19d6911a1e803d30*
`登陆天数: 73天 / 778天
等级: 137
石头: 181
呼符: 24
体力: 111.1 / 140
友情点: 450 / 952950`
*連続ログイン3日目
※ログインが途切れるか、7日到達すると
1日目から再開されます*
`叡智の業火 X 1
3月交換券(2024) X 1
`*CBC2024 シャルルマーニュのモンジョワ・騎士道！開幕記念 ログインボーナス*
*開催期間中、1日1回 最大21回 ログインボーナスをプレゼント！*
`白銀の果実 X 1
`_2024-03-10 19:35:08_
--------
*216fc160119ce734295777f23a6deca0*
`登陆天数: 33天 / 1423天
等级: 142
石头: 1284
呼符: 96
体力: 111.13 / 140
友情点: 310 / 2359495`
*連続ログイン5日目
※ログインが途切れるか、7日到達すると
1日目から再開されます*
`叡智の業火 X 2
3月交換券(2024) X 1
`*CBC2024 シャルルマーニュのモンジョワ・騎士道！開幕記念 ログインボーナス*
*開催期間中、1日1回 最大21回 ログインボーナスをプレゼント！*
`白銀の果実 X 1
`_2024-03-10 19:35:17_
--------
*4478643a8c6909faa4d33190cccacbc9*
`登陆天数: 381天 / 2946天
等级: 161
石头: 757
呼符: 37
体力: 115.15666666666667 / 144
友情点: 680 / 3369880`
*連続ログイン3日目
※ログインが途切れるか、7日到達すると
1日目から再開されます*
`叡智の業火 X 1
3月交換券(2024) X 1
`*CBC2024 シャルルマーニュのモンジョワ・騎士道！開幕記念 ログインボーナス*
*開催期間中、1日1回 最大21回 ログインボーナスをプレゼント！*
`白銀の果実 X 1
`_2024-03-10 19:35:26_
--------
*d679950706562a7c71e3a5ab4f53a2cf*
`登陆天数: 33天 / 960天
等级: 132
石头: 263
呼符: 26
体力: 109.19333333333333 / 138
友情点: 190 / 752015`
*連続ログイン5日目
※ログインが途切れるか、7日到達すると
1日目から再開されます*
`叡智の業火 X 2
3月交換券(2024) X 1
`*CBC2024 シャルルマーニュのモンジョワ・騎士道！開幕記念 ログインボーナス*
*開催期間中、1日1回 最大21回 ログインボーナスをプレゼント！*
`白銀の果実 X 1
`_2024-03-10 19:35:36_
--------
*bd5dad2e34e30589543305c48da9558a*
`登陆天数: 2天 / 16天
等级: 108
石头: 350
呼符: 5
体力: 135.05 / 129
友情点: 0 / 44100`
_2024-03-10 19:35:44_
--------
*cbd11d2d7e06a1c2b2f1f789757cd0ac*
`登陆天数: 2天 / 1156天
等级: 132
石头: 314
呼符: 25
体力: 46658.51666666667 / 138
友情点: 150 / 1123885`
*連続ログイン2日目
※ログインが途切れるか、7日到達すると
1日目から再開されます*
`聖晶石 X 1
3月交換券(2024) X 1
`*「奏章Ⅱ」開幕直前ログインボーナス*
*開催期間中、1日1回 最大7回 ログインボーナスをプレゼント！*
`英霊結晶・星のフォウくん X 2
黄金の果実 X 1
`_2024-03-10 19:35:52_
--------
*3b4a081645437bf262d528642bcf9a58*
`登陆天数: 2天 / 938天
等级: 127
石头: 1872
呼符: 76
体力: 63.226666666666674 / 137
友情点: 170 / 695050`
*連続ログイン2日目
※ログインが途切れるか、7日到達すると
1日目から再開されます*
`聖晶石 X 1
3月交換券(2024) X 1
`*「奏章Ⅱ」開幕直前ログインボーナス*
*開催期間中、1日1回 最大7回 ログインボーナスをプレゼント！*
`英霊結晶・星のフォウくん X 2
黄金の果実 X 1
`_2024-03-10 19:36:01_
--------
