【登录信息】
*af75cc75e91933b02640c226238c1012*
`登陆天数: 3天 / 1392天
等级: 132
石头: 129
呼符: 3
体力: 26.16666666666667 / 138
友情点: 300 / 1180200`
_2024-03-12 02:20:07_
--------
*abc026429421bc613b47d71381f48072*
`登陆天数: 4天 / 2645天
等级: 166
石头: 66
呼符: 4
体力: 30.989999999999995 / 145
友情点: 0 / 2561140`
_2024-03-12 02:20:15_
--------
*8e4325a8da78dc6b19d6911a1e803d30*
`登陆天数: 74天 / 779天
等级: 137
石头: 182
呼符: 25
体力: 70.15333333333334 / 140
友情点: 250 / 955080`
_2024-03-12 02:20:25_
--------
*216fc160119ce734295777f23a6deca0*
`登陆天数: 34天 / 1424天
等级: 142
石头: 1285
呼符: 97
体力: 70.18666666666667 / 140
友情点: 130 / 2361070`
_2024-03-12 02:20:34_
--------
*4478643a8c6909faa4d33190cccacbc9*
`登陆天数: 382天 / 2947天
等级: 161
石头: 758
呼符: 38
体力: 74.21333333333334 / 144
友情点: 185 / 3372100`
_2024-03-12 02:20:43_
--------
*d679950706562a7c71e3a5ab4f53a2cf*
`登陆天数: 34天 / 961天
等级: 132
石头: 264
呼符: 27
体力: 68.25 / 138
友情点: 150 / 753480`
_2024-03-12 02:20:53_
--------
*bd5dad2e34e30589543305c48da9558a*
`登陆天数: 3天 / 17天
等级: 110
石头: 478
呼符: 9
体力: 101.96666666666667 / 130
友情点: 0 / 49900`
_2024-03-12 02:21:02_
--------
*cbd11d2d7e06a1c2b2f1f789757cd0ac*
`登陆天数: 3天 / 1157天
等级: 132
石头: 314
呼符: 25
体力: 47027.57666666667 / 138
友情点: 230 / 1124115`
*連続ログイン3日目
※ログインが途切れるか、7日到達すると
1日目から再開されます*
`叡智の業火 X 1
3月交換券(2024) X 1
`*「奏章Ⅱ」開幕直前ログインボーナス*
*開催期間中、1日1回 最大7回 ログインボーナスをプレゼント！*
`英霊結晶・太陽のフォウくん X 2
黄金の果実 X 1
`_2024-03-12 02:21:10_
--------
*3b4a081645437bf262d528642bcf9a58*
`登陆天数: 3天 / 939天
等级: 127
石头: 1872
呼符: 76
体力: 432.2866666666667 / 137
友情点: 230 / 696290`
*連続ログイン3日目
※ログインが途切れるか、7日到達すると
1日目から再開されます*
`叡智の業火 X 1
3月交換券(2024) X 1
`*「奏章Ⅱ」開幕直前ログインボーナス*
*開催期間中、1日1回 最大7回 ログインボーナスをプレゼント！*
`英霊結晶・太陽のフォウくん X 2
黄金の果実 X 1
`_2024-03-12 02:21:18_
--------
*f63f20327d7c1cebab4aa0591334ecbc*
`登陆天数: 2天 / 221天
等级: 129
石头: 241
呼符: 17
体力: 92.25999999999999 / 138
友情点: 120 / 6604850`
_2024-03-12 02:21:27_
--------
