【登录信息】
*af75cc75e91933b02640c226238c1012*
`登陆天数: 4天 / 1393天
等级: 132
石头: 129
呼符: 4
体力: 63.14 / 138
友情点: 390 / 1181020`
*連続ログイン4日目
※ログインが途切れるか、7日到達すると
1日目から再開されます*
`聖晶石 X 1
3月交換券(2024) X 1
`*「奏章Ⅱ」開幕直前ログインボーナス*
*開催期間中、1日1回 最大7回 ログインボーナスをプレゼント！*
`マナプリズム X 50
黄金の果実 X 1
`_2024-03-12 19:34:58_
--------
*abc026429421bc613b47d71381f48072*
`登陆天数: 5天 / 2646天
等级: 166
石头: 66
呼符: 4
体力: 27.96333333333334 / 145
友情点: 0 / 2561490`
*連続ログイン5日目
※ログインが途切れるか、7日到達すると
1日目から再開されます*
`叡智の業火 X 2
3月交換券(2024) X 1
`*CBC2024 シャルルマーニュのモンジョワ・騎士道！開幕記念 ログインボーナス*
*開催期間中、1日1回 最大21回 ログインボーナスをプレゼント！*
`白銀の果実 X 1
`_2024-03-12 19:35:07_
--------
*8e4325a8da78dc6b19d6911a1e803d30*
`登陆天数: 75天 / 780天
等级: 137
石头: 182
呼符: 26
体力: 107.12666666666667 / 140
友情点: 200 / 956680`
*連続ログイン5日目
※ログインが途切れるか、7日到達すると
1日目から再開されます*
`叡智の業火 X 2
3月交換券(2024) X 1
`*CBC2024 シャルルマーニュのモンジョワ・騎士道！開幕記念 ログインボーナス*
*開催期間中、1日1回 最大21回 ログインボーナスをプレゼント！*
`黄金の果実 X 1
`_2024-03-12 19:35:17_
--------
*216fc160119ce734295777f23a6deca0*
`登陆天数: 35天 / 1425天
等级: 142
石头: 1285
呼符: 98
体力: 67.15666666666667 / 140
友情点: 70 / 2362185`
*連続ログイン7日間到達おめでとうございます！
明日は1日目からリスタートされます。*
`獣の足跡 X 1
呼符 X 1
3月交換券(2024) X 1
`*CBC2024 シャルルマーニュのモンジョワ・騎士道！開幕記念 ログインボーナス*
*開催期間中、1日1回 最大21回 ログインボーナスをプレゼント！*
`黄金の果実 X 1
`_2024-03-12 19:35:25_
--------
*4478643a8c6909faa4d33190cccacbc9*
`登陆天数: 383天 / 2948天
等级: 161
石头: 758
呼符: 39
体力: 71.18333333333334 / 144
友情点: 190 / 3373460`
*連続ログイン5日目
※ログインが途切れるか、7日到達すると
1日目から再開されます*
`叡智の業火 X 2
3月交換券(2024) X 1
`*CBC2024 シャルルマーニュのモンジョワ・騎士道！開幕記念 ログインボーナス*
*開催期間中、1日1回 最大21回 ログインボーナスをプレゼント！*
`黄金の果実 X 1
`_2024-03-12 19:35:35_
--------
*d679950706562a7c71e3a5ab4f53a2cf*
`登陆天数: 35天 / 962天
等级: 132
石头: 264
呼符: 28
体力: 105.22333333333333 / 138
友情点: 20 / 754510`
*連続ログイン7日間到達おめでとうございます！
明日は1日目からリスタートされます。*
`獣の足跡 X 1
呼符 X 1
3月交換券(2024) X 1
`*CBC2024 シャルルマーニュのモンジョワ・騎士道！開幕記念 ログインボーナス*
*開催期間中、1日1回 最大21回 ログインボーナスをプレゼント！*
`黄金の果実 X 1
`_2024-03-12 19:35:45_
--------
*bd5dad2e34e30589543305c48da9558a*
`登陆天数: 4天 / 18天
等级: 110
石头: 478
呼符: 10
体力: 94.74000000000001 / 130
友情点: 0 / 50250`
*連続ログイン4日目
※ログインが途切れるか、7日到達すると
1日目から再開されます*
`聖晶石 X 1
3月交換券(2024) X 1
`*「奏章Ⅱ」開幕直前ログインボーナス*
*開催期間中、1日1回 最大7回 ログインボーナスをプレゼント！*
`英霊結晶・星のフォウくん X 3
黄金の果実 X 1
`_2024-03-12 19:35:53_
--------
*cbd11d2d7e06a1c2b2f1f789757cd0ac*
`登陆天数: 4天 / 1158天
等级: 132
石头: 314
呼符: 25
体力: 47234.54666666667 / 138
友情点: 280 / 1124395`
*連続ログイン4日目
※ログインが途切れるか、7日到達すると
1日目から再開されます*
`聖晶石 X 1
3月交換券(2024) X 1
`*「奏章Ⅱ」開幕直前ログインボーナス*
*開催期間中、1日1回 最大7回 ログインボーナスをプレゼント！*
`マナプリズム X 50
黄金の果実 X 1
`_2024-03-12 19:36:01_
--------
*3b4a081645437bf262d528642bcf9a58*
`登陆天数: 4天 / 940天
等级: 127
石头: 1872
呼符: 76
体力: 639.2566666666667 / 137
友情点: 310 / 699400`
*連続ログイン4日目
※ログインが途切れるか、7日到達すると
1日目から再開されます*
`聖晶石 X 1
3月交換券(2024) X 1
`*「奏章Ⅱ」開幕直前ログインボーナス*
*開催期間中、1日1回 最大7回 ログインボーナスをプレゼント！*
`マナプリズム X 50
黄金の果実 X 1
`_2024-03-12 19:36:10_
--------
*f63f20327d7c1cebab4aa0591334ecbc*
`登陆天数: 3天 / 222天
等级: 129
石头: 245
呼符: 17
体力: 111.23 / 138
友情点: 40 / 6605545`
*連続ログイン3日目
※ログインが途切れるか、7日到達すると
1日目から再開されます*
`叡智の業火 X 1
3月交換券(2024) X 1
`*「奏章Ⅱ」開幕直前ログインボーナス*
*開催期間中、1日1回 最大7回 ログインボーナスをプレゼント！*
`英霊結晶・太陽のフォウくん X 2
黄金の果実 X 1
`_2024-03-12 19:36:17_
--------
