【登录信息】
*af75cc75e91933b02640c226238c1012*
`登陆天数: 5天 / 1394天
等级: 132
石头: 129
呼符: 5
体力: 26.236666666666665 / 138
友情点: 560 / 1182530`
*連続ログイン5日目
※ログインが途切れるか、7日到達すると
1日目から再開されます*
`叡智の業火 X 2
3月交換券(2024) X 1
`*CBC2024 シャルルマーニュのモンジョワ・騎士道！開幕記念 ログインボーナス*
*開催期間中、1日1回 最大21回 ログインボーナスをプレゼント！*
`白銀の果実 X 1
`_2024-03-13 19:35:27_
--------
*abc026429421bc613b47d71381f48072*
`登陆天数: 6天 / 2647天
等级: 166
石头: 78
呼符: 5
体力: 31.060000000000002 / 145
友情点: 0 / 2561690`
*連続ログイン6日目
※ログインが途切れるか、7日到達すると
1日目から再開されます*
`聖晶石 X 2
3月交換券(2024) X 1
`*CBC2024 シャルルマーニュのモンジョワ・騎士道！開幕記念 ログインボーナス*
*開催期間中、1日1回 最大21回 ログインボーナスをプレゼント！*
`白銀の果実 X 1
`_2024-03-13 19:35:35_
--------
*8e4325a8da78dc6b19d6911a1e803d30*
`登陆天数: 76天 / 781天
等级: 137
石头: 188
呼符: 27
体力: 70.22333333333333 / 140
友情点: 290 / 961915`
*連続ログイン6日目
※ログインが途切れるか、7日到達すると
1日目から再開されます*
`聖晶石 X 2
3月交換券(2024) X 1
`*CBC2024 シャルルマーニュのモンジョワ・騎士道！開幕記念 ログインボーナス*
*開催期間中、1日1回 最大21回 ログインボーナスをプレゼント！*
`白銀の果実 X 1
`_2024-03-13 19:35:45_
--------
*216fc160119ce734295777f23a6deca0*
`登陆天数: 36天 / 1426天
等级: 142
石头: 1288
呼符: 99
体力: 70.25333333333333 / 140
友情点: 140 / 2363625`
*連続ログイン1日目
※ログインが途切れるか、7日到達すると
1日目から再開されます*
`フレンドポイント X 2000
3月交換券(2024) X 1
`*CBC2024 シャルルマーニュのモンジョワ・騎士道！開幕記念 ログインボーナス*
*開催期間中、1日1回 最大21回 ログインボーナスをプレゼント！*
`白銀の果実 X 1
`_2024-03-13 19:35:54_
--------
*4478643a8c6909faa4d33190cccacbc9*
`登陆天数: 384天 / 2949天
等级: 161
石头: 758
呼符: 40
体力: 53.28 / 144
友情点: 840 / 3379375`
*連続ログイン6日目
※ログインが途切れるか、7日到達すると
1日目から再開されます*
`聖晶石 X 2
3月交換券(2024) X 1
`*CBC2024 シャルルマーニュのモンジョワ・騎士道！開幕記念 ログインボーナス*
*開催期間中、1日1回 最大21回 ログインボーナスをプレゼント！*
`白銀の果実 X 1
`_2024-03-13 19:36:03_
--------
*d679950706562a7c71e3a5ab4f53a2cf*
`登陆天数: 36天 / 963天
等级: 132
石头: 264
呼符: 29
体力: 68.32 / 138
友情点: 50 / 755805`
*連続ログイン1日目
※ログインが途切れるか、7日到達すると
1日目から再開されます*
`フレンドポイント X 2000
3月交換券(2024) X 1
`*CBC2024 シャルルマーニュのモンジョワ・騎士道！開幕記念 ログインボーナス*
*開催期間中、1日1回 最大21回 ログインボーナスをプレゼント！*
`白銀の果実 X 1
`_2024-03-13 19:36:14_
--------
*bd5dad2e34e30589543305c48da9558a*
`登陆天数: 5天 / 19天
等级: 110
石头: 478
呼符: 11
体力: 92.78999999999999 / 130
友情点: 0 / 50420`
*連続ログイン5日目
※ログインが途切れるか、7日到達すると
1日目から再開されます*
`叡智の業火 X 2
3月交換券(2024) X 1
`*CBC2024 シャルルマーニュのモンジョワ・騎士道！開幕記念 ログインボーナス*
*開催期間中、1日1回 最大21回 ログインボーナスをプレゼント！*
`白銀の果実 X 1
`_2024-03-13 19:36:22_
--------
*cbd11d2d7e06a1c2b2f1f789757cd0ac*
`登陆天数: 5天 / 1159天
等级: 132
石头: 314
呼符: 25
体力: 47522.64333333333 / 138
友情点: 240 / 1124645`
*連続ログイン5日目
※ログインが途切れるか、7日到達すると
1日目から再開されます*
`叡智の業火 X 2
3月交換券(2024) X 1
`*CBC2024 シャルルマーニュのモンジョワ・騎士道！開幕記念 ログインボーナス*
*開催期間中、1日1回 最大21回 ログインボーナスをプレゼント！*
`白銀の果実 X 1
`_2024-03-13 19:36:30_
--------
*3b4a081645437bf262d528642bcf9a58*
`登陆天数: 5天 / 941天
等级: 127
石头: 1872
呼符: 76
体力: 927.3533333333334 / 137
友情点: 260 / 699660`
*連続ログイン5日目
※ログインが途切れるか、7日到達すると
1日目から再開されます*
`叡智の業火 X 2
3月交換券(2024) X 1
`*CBC2024 シャルルマーニュのモンジョワ・騎士道！開幕記念 ログインボーナス*
*開催期間中、1日1回 最大21回 ログインボーナスをプレゼント！*
`白銀の果実 X 1
`_2024-03-13 19:36:39_
--------
*f63f20327d7c1cebab4aa0591334ecbc*
`登陆天数: 4天 / 223天
等级: 129
石头: 252
呼符: 18
体力: 24.323333333333338 / 138
友情点: 160 / 6610030`
*連続ログイン4日目
※ログインが途切れるか、7日到達すると
1日目から再開されます*
`聖晶石 X 1
3月交換券(2024) X 1
`*CBC2024 シャルルマーニュのモンジョワ・騎士道！開幕記念 ログインボーナス*
*開催期間中、1日1回 最大21回 ログインボーナスをプレゼント！*
`白銀の果実 X 1
`_2024-03-13 19:36:47_
--------
