【登录信息】
*af75cc75e91933b02640c226238c1012*
`登陆天数: 6天 / 1395天
等级: 132
石头: 129
呼符: 5
体力: 34.06333333333333 / 138
友情点: 660 / 1184140`
*連続ログイン6日目
※ログインが途切れるか、7日到達すると
1日目から再開されます*
`聖晶石 X 2
3月交換券(2024) X 1
`*CBC2024 シャルルマーニュのモンジョワ・騎士道！開幕記念 ログインボーナス*
*開催期間中、1日1回 最大21回 ログインボーナスをプレゼント！*
`白銀の果実 X 1
`_2024-03-14 19:34:35_
--------
*abc026429421bc613b47d71381f48072*
`登陆天数: 7天 / 2648天
等级: 166
石头: 78
呼符: 5
体力: 38.88333333333334 / 145
友情点: 0 / 2561865`
*連続ログイン7日間到達おめでとうございます！
明日は1日目からリスタートされます。*
`獣の足跡 X 1
呼符 X 1
3月交換券(2024) X 1
`*CBC2024 シャルルマーニュのモンジョワ・騎士道！開幕記念 ログインボーナス*
*開催期間中、1日1回 最大21回 ログインボーナスをプレゼント！*
`黄金の果実 X 1
`_2024-03-14 19:34:43_
--------
*8e4325a8da78dc6b19d6911a1e803d30*
`登陆天数: 77天 / 782天
等级: 137
石头: 191
呼符: 27
体力: 78.04666666666667 / 140
友情点: 290 / 967490`
*連続ログイン7日間到達おめでとうございます！
明日は1日目からリスタートされます。*
`獣の足跡 X 1
呼符 X 1
3月交換券(2024) X 1
`*CBC2024 シャルルマーニュのモンジョワ・騎士道！開幕記念 ログインボーナス*
*開催期間中、1日1回 最大21回 ログインボーナスをプレゼント！*
`白銀の果実 X 1
`_2024-03-14 19:34:53_
--------
*216fc160119ce734295777f23a6deca0*
`登陆天数: 37天 / 1427天
等级: 142
石头: 1288
呼符: 99
体力: 78.08 / 140
友情点: 90 / 2364665`
*連続ログイン2日目
※ログインが途切れるか、7日到達すると
1日目から再開されます*
`聖晶石 X 1
3月交換券(2024) X 1
`*CBC2024 シャルルマーニュのモンジョワ・騎士道！開幕記念 ログインボーナス*
*開催期間中、1日1回 最大21回 ログインボーナスをプレゼント！*
`白銀の果実 X 1
`_2024-03-14 19:35:02_
--------
*4478643a8c6909faa4d33190cccacbc9*
`登陆天数: 385天 / 2950天
等级: 161
石头: 758
呼符: 40
体力: 21.11 / 144
友情点: 1305 / 3383365`
*連続ログイン7日間到達おめでとうございます！
明日は1日目からリスタートされます。*
`獣の足跡 X 1
呼符 X 1
3月交換券(2024) X 1
`*CBC2024 シャルルマーニュのモンジョワ・騎士道！開幕記念 ログインボーナス*
*開催期間中、1日1回 最大21回 ログインボーナスをプレゼント！*
`白銀の果実 X 1
`_2024-03-14 19:35:12_
--------
*d679950706562a7c71e3a5ab4f53a2cf*
`登陆天数: 37天 / 964天
等级: 132
石头: 264
呼符: 29
体力: 76.14666666666668 / 138
友情点: 100 / 756790`
*連続ログイン2日目
※ログインが途切れるか、7日到達すると
1日目から再開されます*
`聖晶石 X 1
3月交換券(2024) X 1
`*CBC2024 シャルルマーニュのモンジョワ・騎士道！開幕記念 ログインボーナス*
*開催期間中、1日1回 最大21回 ログインボーナスをプレゼント！*
`白銀の果実 X 1
`_2024-03-14 19:35:22_
--------
*bd5dad2e34e30589543305c48da9558a*
`登陆天数: 6天 / 20天
等级: 110
石头: 478
呼符: 11
体力: 100.61666666666667 / 130
友情点: 0 / 50565`
*連続ログイン6日目
※ログインが途切れるか、7日到達すると
1日目から再開されます*
`聖晶石 X 2
3月交換券(2024) X 1
`*CBC2024 シャルルマーニュのモンジョワ・騎士道！開幕記念 ログインボーナス*
*開催期間中、1日1回 最大21回 ログインボーナスをプレゼント！*
`白銀の果実 X 1
`_2024-03-14 19:35:31_
--------
*cbd11d2d7e06a1c2b2f1f789757cd0ac*
`登陆天数: 6天 / 1160天
等级: 132
石头: 314
呼符: 25
体力: 47810.47666666667 / 138
友情点: 350 / 1125035`
*連続ログイン6日目
※ログインが途切れるか、7日到達すると
1日目から再開されます*
`聖晶石 X 2
3月交換券(2024) X 1
`*CBC2024 シャルルマーニュのモンジョワ・騎士道！開幕記念 ログインボーナス*
*開催期間中、1日1回 最大21回 ログインボーナスをプレゼント！*
`白銀の果実 X 1
`_2024-03-14 19:35:39_
--------
*3b4a081645437bf262d528642bcf9a58*
`登陆天数: 6天 / 942天
等级: 127
石头: 1872
呼符: 76
体力: 1215.1866666666667 / 137
友情点: 290 / 700350`
*連続ログイン6日目
※ログインが途切れるか、7日到達すると
1日目から再開されます*
`聖晶石 X 2
3月交換券(2024) X 1
`*CBC2024 シャルルマーニュのモンジョワ・騎士道！開幕記念 ログインボーナス*
*開催期間中、1日1回 最大21回 ログインボーナスをプレゼント！*
`白銀の果実 X 1
`_2024-03-14 19:35:48_
--------
*f63f20327d7c1cebab4aa0591334ecbc*
`登陆天数: 5天 / 224天
等级: 129
石头: 255
呼符: 18
体力: 27.159999999999997 / 138
友情点: 290 / 6613185`
*連続ログイン5日目
※ログインが途切れるか、7日到達すると
1日目から再開されます*
`叡智の業火 X 2
3月交換券(2024) X 1
`*CBC2024 シャルルマーニュのモンジョワ・騎士道！開幕記念 ログインボーナス*
*開催期間中、1日1回 最大21回 ログインボーナスをプレゼント！*
`白銀の果実 X 1
`_2024-03-14 19:35:57_
--------
