【登录信息】
*af75cc75e91933b02640c226238c1012*
`登陆天数: 7天 / 1396天
等级: 132
石头: 129
呼符: 5
体力: 42.30666666666667 / 138
友情点: 220 / 1186590`
*連続ログイン7日間到達おめでとうございます！
明日は1日目からリスタートされます。*
`獣の足跡 X 1
呼符 X 1
3月交換券(2024) X 1
`*「奏章Ⅱ」開幕直前特別回数ログインボーナス*
*開催期間中、1日1回 最大5回 回数ログインボーナスをプレゼント！*
`叡智の業火 X 10
聖晶石 X 1
`_2024-03-15 19:35:49_
--------
*abc026429421bc613b47d71381f48072*
`登陆天数: 8天 / 2649天
等级: 167
石头: 78
呼符: 5
体力: 32.64333333333333 / 146
友情点: 0 / 2562140`
_2024-03-15 19:35:57_
--------
*8e4325a8da78dc6b19d6911a1e803d30*
`登陆天数: 78天 / 783天
等级: 137
石头: 191
呼符: 27
体力: 86.28666666666666 / 140
友情点: 130 / 969330`
*連続ログイン1日目
※ログインが途切れるか、7日到達すると
1日目から再開されます*
`フレンドポイント X 2000
3月交換券(2024) X 1
`*「奏章Ⅱ」開幕直前特別回数ログインボーナス*
*開催期間中、1日1回 最大5回 回数ログインボーナスをプレゼント！*
`叡智の業火 X 10
聖晶石 X 1
`_2024-03-15 19:36:05_
--------
*216fc160119ce734295777f23a6deca0*
`登陆天数: 38天 / 1428天
等级: 142
石头: 1288
呼符: 99
体力: 86.31666666666666 / 140
友情点: 160 / 2366535`
*連続ログイン3日目
※ログインが途切れるか、7日到達すると
1日目から再開されます*
`叡智の業火 X 1
3月交換券(2024) X 1
`*「奏章Ⅱ」開幕直前特別回数ログインボーナス*
*開催期間中、1日1回 最大5回 回数ログインボーナスをプレゼント！*
`叡智の業火 X 10
聖晶石 X 1
`_2024-03-15 19:36:13_
--------
*4478643a8c6909faa4d33190cccacbc9*
`登陆天数: 386天 / 2951天
等级: 161
石头: 758
呼符: 40
体力: 29.340000000000003 / 144
友情点: 320 / 3386135`
*連続ログイン1日目
※ログインが途切れるか、7日到達すると
1日目から再開されます*
`フレンドポイント X 2000
3月交換券(2024) X 1
`*「奏章Ⅱ」開幕直前特別回数ログインボーナス*
*開催期間中、1日1回 最大5回 回数ログインボーナスをプレゼント！*
`叡智の業火 X 10
聖晶石 X 1
`_2024-03-15 19:36:22_
--------
*d679950706562a7c71e3a5ab4f53a2cf*
`登陆天数: 38天 / 965天
等级: 132
石头: 264
呼符: 29
体力: 84.37666666666667 / 138
友情点: 160 / 757825`
*連続ログイン3日目
※ログインが途切れるか、7日到達すると
1日目から再開されます*
`叡智の業火 X 1
3月交換券(2024) X 1
`*「奏章Ⅱ」開幕直前特別回数ログインボーナス*
*開催期間中、1日1回 最大5回 回数ログインボーナスをプレゼント！*
`叡智の業火 X 10
聖晶石 X 1
`_2024-03-15 19:36:31_
--------
*bd5dad2e34e30589543305c48da9558a*
`登陆天数: 7天 / 21天
等级: 111
石头: 478
呼符: 11
体力: 113.65666666666667 / 131
友情点: 0 / 50800`
*連続ログイン7日間到達おめでとうございます！
明日は1日目からリスタートされます。*
`獣の足跡 X 1
呼符 X 1
3月交換券(2024) X 1
`*「奏章Ⅱ」開幕直前特別回数ログインボーナス*
*開催期間中、1日1回 最大5回 回数ログインボーナスをプレゼント！*
`叡智の業火 X 10
聖晶石 X 1
`_2024-03-15 19:36:39_
--------
*cbd11d2d7e06a1c2b2f1f789757cd0ac*
`登陆天数: 7天 / 1161天
等级: 132
石头: 314
呼符: 25
体力: 48098.7 / 138
友情点: 560 / 1125645`
*連続ログイン7日間到達おめでとうございます！
明日は1日目からリスタートされます。*
`獣の足跡 X 1
呼符 X 1
3月交換券(2024) X 1
`*「奏章Ⅱ」開幕直前特別回数ログインボーナス*
*開催期間中、1日1回 最大5回 回数ログインボーナスをプレゼント！*
`叡智の業火 X 10
聖晶石 X 1
`_2024-03-15 19:36:47_
--------
*3b4a081645437bf262d528642bcf9a58*
`登陆天数: 7天 / 943天
等级: 127
石头: 1872
呼符: 76
体力: 1503.41 / 137
友情点: 400 / 700750`
*連続ログイン7日間到達おめでとうございます！
明日は1日目からリスタートされます。*
`獣の足跡 X 1
呼符 X 1
3月交換券(2024) X 1
`*「奏章Ⅱ」開幕直前特別回数ログインボーナス*
*開催期間中、1日1回 最大5回 回数ログインボーナスをプレゼント！*
`叡智の業火 X 10
聖晶石 X 1
`_2024-03-15 19:36:55_
--------
*f63f20327d7c1cebab4aa0591334ecbc*
`登陆天数: 6天 / 225天
等级: 129
石头: 255
呼符: 18
体力: 35.376666666666665 / 138
友情点: 330 / 6614420`
_2024-03-15 19:37:03_
--------
