【登录信息】
*af75cc75e91933b02640c226238c1012*
`登陆天数: 8天 / 1397天
等级: 132
石头: 129
呼符: 5
体力: 10.25 / 138
友情点: 310 / 1187715`
*連続ログイン1日目
※ログインが途切れるか、7日到達すると
1日目から再開されます*
`フレンドポイント X 2000
3月交換券(2024) X 1
`*「奏章Ⅱ」開幕直前特別回数ログインボーナス*
*開催期間中、1日1回 最大5回 回数ログインボーナスをプレゼント！*
`英霊結晶・星のフォウくん X 5
英霊結晶・太陽のフォウくん X 5
`_2024-03-16 19:35:31_
--------
*abc026429421bc613b47d71381f48072*
`登陆天数: 9天 / 2650天
等级: 167
石头: 78
呼符: 5
体力: 120.59 / 146
友情点: 0 / 2562265`
*連続ログイン2日目
※ログインが途切れるか、7日到達すると
1日目から再開されます*
`聖晶石 X 1
3月交換券(2024) X 1
`*「奏章Ⅱ」開幕直前特別回数ログインボーナス*
*開催期間中、1日1回 最大5回 回数ログインボーナスをプレゼント！*
`英霊結晶・星のフォウくん X 5
英霊結晶・太陽のフォウくん X 5
`_2024-03-16 19:35:39_
--------
*8e4325a8da78dc6b19d6911a1e803d30*
`登陆天数: 79天 / 784天
等级: 137
石头: 191
呼符: 27
体力: 54.236666666666665 / 140
友情点: 510 / 972710`
*連続ログイン2日目
※ログインが途切れるか、7日到達すると
1日目から再開されます*
`聖晶石 X 1
3月交換券(2024) X 1
`*「奏章Ⅱ」開幕直前特別回数ログインボーナス*
*開催期間中、1日1回 最大5回 回数ログインボーナスをプレゼント！*
`英霊結晶・星のフォウくん X 5
英霊結晶・太陽のフォウくん X 5
`_2024-03-16 19:35:50_
--------
*216fc160119ce734295777f23a6deca0*
`登陆天数: 39天 / 1429天
等级: 143
石头: 1288
呼符: 99
体力: 74.48666666666666 / 141
友情点: 80 / 2367580`
*連続ログイン4日目
※ログインが途切れるか、7日到達すると
1日目から再開されます*
`聖晶石 X 1
3月交換券(2024) X 1
`*「奏章Ⅱ」開幕直前特別回数ログインボーナス*
*開催期間中、1日1回 最大5回 回数ログインボーナスをプレゼント！*
`英霊結晶・星のフォウくん X 5
英霊結晶・太陽のフォウくん X 5
`_2024-03-16 19:35:59_
--------
*4478643a8c6909faa4d33190cccacbc9*
`登陆天数: 387天 / 2952天
等级: 161
石头: 758
呼符: 40
体力: 37.29333333333334 / 144
友情点: 215 / 3388415`
_2024-03-16 19:36:08_
--------
*d679950706562a7c71e3a5ab4f53a2cf*
`登陆天数: 39天 / 966天
等级: 132
石头: 264
呼符: 29
体力: 52.33333333333333 / 138
友情点: 30 / 758725`
*連続ログイン4日目
※ログインが途切れるか、7日到達すると
1日目から再開されます*
`聖晶石 X 1
3月交換券(2024) X 1
`*「奏章Ⅱ」開幕直前特別回数ログインボーナス*
*開催期間中、1日1回 最大5回 回数ログインボーナスをプレゼント！*
`英霊結晶・星のフォウくん X 5
英霊結晶・太陽のフォウくん X 5
`_2024-03-16 19:36:18_
--------
*bd5dad2e34e30589543305c48da9558a*
`登陆天数: 8天 / 22天
等级: 111
石头: 484
呼符: 11
体力: 16.233333333333334 / 131
友情点: 0 / 51160`
_2024-03-16 19:36:27_
--------
*cbd11d2d7e06a1c2b2f1f789757cd0ac*
`登陆天数: 8天 / 1162天
等级: 132
石头: 314
呼符: 25
体力: 48386.66 / 138
友情点: 270 / 1125915`
*連続ログイン1日目
※ログインが途切れるか、7日到達すると
1日目から再開されます*
`フレンドポイント X 2000
3月交換券(2024) X 1
`*「奏章Ⅱ」開幕直前特別回数ログインボーナス*
*開催期間中、1日1回 最大5回 回数ログインボーナスをプレゼント！*
`英霊結晶・星のフォウくん X 5
英霊結晶・太陽のフォウくん X 5
`_2024-03-16 19:36:35_
--------
*3b4a081645437bf262d528642bcf9a58*
`登陆天数: 8天 / 944天
等级: 127
石头: 1872
呼符: 76
体力: 1791.37 / 137
友情点: 270 / 701020`
*連続ログイン1日目
※ログインが途切れるか、7日到達すると
1日目から再開されます*
`フレンドポイント X 2000
3月交換券(2024) X 1
`*「奏章Ⅱ」開幕直前特別回数ログインボーナス*
*開催期間中、1日1回 最大5回 回数ログインボーナスをプレゼント！*
`英霊結晶・星のフォウくん X 5
英霊結晶・太陽のフォウくん X 5
`_2024-03-16 19:36:44_
--------
*f63f20327d7c1cebab4aa0591334ecbc*
`登陆天数: 7天 / 226天
等级: 129
石头: 255
呼符: 18
体力: 123.34333333333333 / 138
友情点: 10 / 6615465`
*連続ログイン7日間到達おめでとうございます！
明日は1日目からリスタートされます。*
`獣の足跡 X 1
呼符 X 1
3月交換券(2024) X 1
`*「奏章Ⅱ」開幕直前特別回数ログインボーナス*
*開催期間中、1日1回 最大5回 回数ログインボーナスをプレゼント！*
`英霊結晶・星のフォウくん X 5
英霊結晶・太陽のフォウくん X 5
`_2024-03-16 19:36:52_
--------
