【登录信息】
*af75cc75e91933b02640c226238c1012*
`登陆天数: 9天 / 1398天
等级: 132
石头: 19
呼符: 10
体力: 13.11 / 138
友情点: 110 / 1188925`
_2024-03-17 19:34:49_
--------
*abc026429421bc613b47d71381f48072*
`登陆天数: 10天 / 2651天
等级: 167
石头: 78
呼符: 5
体力: 88.45 / 146
友情点: 0 / 2562450`
*連続ログイン3日目
※ログインが途切れるか、7日到達すると
1日目から再開されます*
`叡智の業火 X 1
3月交換券(2024) X 1
`*「奏章Ⅱ」開幕直前特別回数ログインボーナス*
*開催期間中、1日1回 最大5回 回数ログインボーナスをプレゼント！*
`聖晶石 X 1
黄金の果実 X 3
`_2024-03-17 19:34:57_
--------
*8e4325a8da78dc6b19d6911a1e803d30*
`登陆天数: 80天 / 785天
等级: 137
石头: 191
呼符: 27
体力: 62.093333333333334 / 140
友情点: 500 / 974260`
*連続ログイン3日目
※ログインが途切れるか、7日到達すると
1日目から再開されます*
`叡智の業火 X 1
3月交換券(2024) X 1
`*「奏章Ⅱ」開幕直前特別回数ログインボーナス*
*開催期間中、1日1回 最大5回 回数ログインボーナスをプレゼント！*
`聖晶石 X 1
黄金の果実 X 3
`_2024-03-17 19:35:07_
--------
*216fc160119ce734295777f23a6deca0*
`登陆天数: 40天 / 1430天
等级: 143
石头: 1288
呼符: 99
体力: 42.34 / 141
友情点: 130 / 2368530`
*連続ログイン5日目
※ログインが途切れるか、7日到達すると
1日目から再開されます*
`叡智の業火 X 2
3月交換券(2024) X 1
`*「奏章Ⅱ」開幕直前特別回数ログインボーナス*
*開催期間中、1日1回 最大5回 回数ログインボーナスをプレゼント！*
`聖晶石 X 1
黄金の果実 X 3
`_2024-03-17 19:35:15_
--------
*4478643a8c6909faa4d33190cccacbc9*
`登陆天数: 388天 / 2953天
等级: 161
石头: 758
呼符: 40
体力: 125.14666666666668 / 144
友情点: 250 / 3390060`
*連続ログイン3日目
※ログインが途切れるか、7日到達すると
1日目から再開されます*
`叡智の業火 X 1
3月交換券(2024) X 1
`*「奏章Ⅱ」開幕直前特別回数ログインボーナス*
*開催期間中、1日1回 最大5回 回数ログインボーナスをプレゼント！*
`聖晶石 X 1
黄金の果実 X 3
`_2024-03-17 19:35:24_
--------
*d679950706562a7c71e3a5ab4f53a2cf*
`登陆天数: 40天 / 967天
等级: 133
石头: 264
呼符: 29
体力: 78.08333333333334 / 139
友情点: 260 / 759785`
*連続ログイン5日目
※ログインが途切れるか、7日到達すると
1日目から再開されます*
`叡智の業火 X 2
3月交換券(2024) X 1
`*「奏章Ⅱ」開幕直前特別回数ログインボーナス*
*開催期間中、1日1回 最大5回 回数ログインボーナスをプレゼント！*
`聖晶石 X 1
黄金の果実 X 3
`_2024-03-17 19:35:34_
--------
*bd5dad2e34e30589543305c48da9558a*
`登陆天数: 9天 / 23天
等级: 111
石头: 487
呼符: 11
体力: 13.083333333333329 / 131
友情点: 0 / 51460`
_2024-03-17 19:35:41_
--------
*cbd11d2d7e06a1c2b2f1f789757cd0ac*
`登陆天数: 9天 / 1163天
等级: 132
石头: 314
呼符: 25
体力: 48674.50666666667 / 138
友情点: 310 / 1126265`
*連続ログイン2日目
※ログインが途切れるか、7日到達すると
1日目から再開されます*
`聖晶石 X 1
3月交換券(2024) X 1
`*「奏章Ⅱ」開幕直前特別回数ログインボーナス*
*開催期間中、1日1回 最大5回 回数ログインボーナスをプレゼント！*
`聖晶石 X 1
黄金の果実 X 3
`_2024-03-17 19:35:49_
--------
*3b4a081645437bf262d528642bcf9a58*
`登陆天数: 9天 / 945天
等级: 127
石头: 1872
呼符: 76
体力: 2079.2166666666667 / 137
友情点: 470 / 701510`
*連続ログイン2日目
※ログインが途切れるか、7日到達すると
1日目から再開されます*
`聖晶石 X 1
3月交換券(2024) X 1
`*「奏章Ⅱ」開幕直前特別回数ログインボーナス*
*開催期間中、1日1回 最大5回 回数ログインボーナスをプレゼント！*
`聖晶石 X 1
黄金の果実 X 3
`_2024-03-17 19:35:57_
--------
*f63f20327d7c1cebab4aa0591334ecbc*
`登陆天数: 8天 / 227天
等级: 129
石头: 255
呼符: 18
体力: 91.18666666666667 / 138
友情点: 120 / 6616675`
*連続ログイン1日目
※ログインが途切れるか、7日到達すると
1日目から再開されます*
`フレンドポイント X 2000
3月交換券(2024) X 1
`*「奏章Ⅱ」開幕直前特別回数ログインボーナス*
*開催期間中、1日1回 最大5回 回数ログインボーナスをプレゼント！*
`聖晶石 X 1
黄金の果実 X 3
`_2024-03-17 19:36:05_
--------
