【登录信息】
*af75cc75e91933b02640c226238c1012*
`登陆天数: 10天 / 1399天
等级: 132
石头: 19
呼符: 10
体力: 101.06333333333333 / 138
友情点: 160 / 1189455`
*連続ログイン3日目
※ログインが途切れるか、7日到達すると
1日目から再開されます*
`叡智の業火 X 1
3月交換券(2024) X 1
`*「奏章Ⅱ」開幕直前特別回数ログインボーナス*
*開催期間中、1日1回 最大5回 回数ログインボーナスをプレゼント！*
`獣の足跡 X 1
`_2024-03-18 19:34:35_
--------
*abc026429421bc613b47d71381f48072*
`登陆天数: 11天 / 2652天
等级: 167
石头: 78
呼符: 5
体力: 96.40333333333334 / 146
友情点: 0 / 2562625`
*連続ログイン4日目
※ログインが途切れるか、7日到達すると
1日目から再開されます*
`聖晶石 X 1
3月交換券(2024) X 1
`*「奏章Ⅱ」開幕直前特別回数ログインボーナス*
*開催期間中、1日1回 最大5回 回数ログインボーナスをプレゼント！*
`獣の足跡 X 1
`_2024-03-18 19:34:43_
--------
*8e4325a8da78dc6b19d6911a1e803d30*
`登陆天数: 81天 / 786天
等级: 137
石头: 191
呼符: 27
体力: 70.04666666666667 / 140
友情点: 360 / 975495`
*連続ログイン4日目
※ログインが途切れるか、7日到達すると
1日目から再開されます*
`聖晶石 X 1
3月交換券(2024) X 1
`*「奏章Ⅱ」開幕直前特別回数ログインボーナス*
*開催期間中、1日1回 最大5回 回数ログインボーナスをプレゼント！*
`獣の足跡 X 1
`_2024-03-18 19:34:53_
--------
*216fc160119ce734295777f23a6deca0*
`登陆天数: 41天 / 1431天
等级: 143
石头: 1288
呼符: 99
体力: 50.29333333333334 / 141
友情点: 340 / 2370575`
*連続ログイン6日目
※ログインが途切れるか、7日到達すると
1日目から再開されます*
`聖晶石 X 2
3月交換券(2024) X 1
`*「奏章Ⅱ」開幕直前特別回数ログインボーナス*
*開催期間中、1日1回 最大5回 回数ログインボーナスをプレゼント！*
`獣の足跡 X 1
`_2024-03-18 19:35:02_
--------
*4478643a8c6909faa4d33190cccacbc9*
`登陆天数: 389天 / 2954天
等级: 161
石头: 758
呼符: 40
体力: 93.10333333333332 / 144
友情点: 560 / 3392510`
*連続ログイン4日目
※ログインが途切れるか、7日到達すると
1日目から再開されます*
`聖晶石 X 1
3月交換券(2024) X 1
`*「奏章Ⅱ」開幕直前特別回数ログインボーナス*
*開催期間中、1日1回 最大5回 回数ログインボーナスをプレゼント！*
`獣の足跡 X 1
`_2024-03-18 19:35:10_
--------
*d679950706562a7c71e3a5ab4f53a2cf*
`登陆天数: 41天 / 968天
等级: 133
石头: 267
呼符: 29
体力: 46.040000000000006 / 139
友情点: 270 / 761245`
*連続ログイン6日目
※ログインが途切れるか、7日到達すると
1日目から再開されます*
`聖晶石 X 2
3月交換券(2024) X 1
`*「奏章Ⅱ」開幕直前特別回数ログインボーナス*
*開催期間中、1日1回 最大5回 回数ログインボーナスをプレゼント！*
`獣の足跡 X 1
`_2024-03-18 19:35:20_
--------
*bd5dad2e34e30589543305c48da9558a*
`登陆天数: 10天 / 24天
等级: 111
石头: 489
呼符: 11
体力: 67.03666666666666 / 131
友情点: 0 / 51670`
*連続ログイン3日目
※ログインが途切れるか、7日到達すると
1日目から再開されます*
`叡智の業火 X 1
3月交換券(2024) X 1
`*「奏章Ⅱ」開幕直前特別回数ログインボーナス*
*開催期間中、1日1回 最大5回 回数ログインボーナスをプレゼント！*
`獣の足跡 X 1
`_2024-03-18 19:35:28_
--------
*cbd11d2d7e06a1c2b2f1f789757cd0ac*
`登陆天数: 10天 / 1164天
等级: 132
石头: 314
呼符: 25
体力: 48962.46333333333 / 138
友情点: 160 / 1126435`
*連続ログイン3日目
※ログインが途切れるか、7日到達すると
1日目から再開されます*
`叡智の業火 X 1
3月交換券(2024) X 1
`*「奏章Ⅱ」開幕直前特別回数ログインボーナス*
*開催期間中、1日1回 最大5回 回数ログインボーナスをプレゼント！*
`獣の足跡 X 1
`_2024-03-18 19:35:36_
--------
*3b4a081645437bf262d528642bcf9a58*
`登陆天数: 10天 / 946天
等级: 127
石头: 1872
呼符: 76
体力: 2367.17 / 137
友情点: 170 / 701680`
*連続ログイン3日目
※ログインが途切れるか、7日到達すると
1日目から再開されます*
`叡智の業火 X 1
3月交換券(2024) X 1
`*「奏章Ⅱ」開幕直前特別回数ログインボーナス*
*開催期間中、1日1回 最大5回 回数ログインボーナスをプレゼント！*
`獣の足跡 X 1
`_2024-03-18 19:35:44_
--------
*f63f20327d7c1cebab4aa0591334ecbc*
`登陆天数: 9天 / 228天
等级: 129
石头: 255
呼符: 18
体力: 99.14 / 138
友情点: 90 / 6617815`
*連続ログイン2日目
※ログインが途切れるか、7日到達すると
1日目から再開されます*
`聖晶石 X 1
3月交換券(2024) X 1
`*「奏章Ⅱ」開幕直前特別回数ログインボーナス*
*開催期間中、1日1回 最大5回 回数ログインボーナスをプレゼント！*
`獣の足跡 X 1
`_2024-03-18 19:35:51_
--------
