【登录信息】
*af75cc75e91933b02640c226238c1012*
`登陆天数: 11天 / 1400天
等级: 132
石头: 19
呼符: 10
体力: 109.1 / 138
友情点: 20 / 1192435`
*連続ログイン4日目
※ログインが途切れるか、7日到達すると
1日目から再開されます*
`聖晶石 X 1
3月交換券(2024) X 1
`*「奏章Ⅱ」開幕直前特別回数ログインボーナス*
*開催期間中、1日1回 最大5回 回数ログインボーナスをプレゼント！*
`聖晶石 X 3
`_2024-03-19 19:34:46_
--------
*abc026429421bc613b47d71381f48072*
`登陆天数: 12天 / 2653天
等级: 167
石头: 78
呼符: 5
体力: 104.44333333333333 / 146
友情点: 25 / 2562825`
*連続ログイン5日目
※ログインが途切れるか、7日到達すると
1日目から再開されます*
`叡智の業火 X 2
3月交換券(2024) X 1
`*「奏章Ⅱ」開幕直前特別回数ログインボーナス*
*開催期間中、1日1回 最大5回 回数ログインボーナスをプレゼント！*
`聖晶石 X 3
`_2024-03-19 19:34:55_
--------
*8e4325a8da78dc6b19d6911a1e803d30*
`登陆天数: 82天 / 787天
等级: 137
石头: 191
呼符: 27
体力: 38.09 / 140
友情点: 480 / 977585`
*連続ログイン5日目
※ログインが途切れるか、7日到達すると
1日目から再開されます*
`叡智の業火 X 2
3月交換券(2024) X 1
`*「奏章Ⅱ」開幕直前特別回数ログインボーナス*
*開催期間中、1日1回 最大5回 回数ログインボーナスをプレゼント！*
`聖晶石 X 3
`_2024-03-19 19:35:05_
--------
*216fc160119ce734295777f23a6deca0*
`登陆天数: 42天 / 1432天
等级: 143
石头: 1288
呼符: 99
体力: 58.33666666666667 / 141
友情点: 260 / 2371750`
*連続ログイン7日間到達おめでとうございます！
明日は1日目からリスタートされます。*
`獣の足跡 X 1
呼符 X 1
3月交換券(2024) X 1
`*「奏章Ⅱ」開幕直前特別回数ログインボーナス*
*開催期間中、1日1回 最大5回 回数ログインボーナスをプレゼント！*
`聖晶石 X 3
`_2024-03-19 19:35:14_
--------
*4478643a8c6909faa4d33190cccacbc9*
`登陆天数: 390天 / 2955天
等级: 161
石头: 758
呼符: 40
体力: 101.14666666666668 / 144
友情点: 260 / 3394360`
*連続ログイン5日目
※ログインが途切れるか、7日到達すると
1日目から再開されます*
`叡智の業火 X 2
3月交換券(2024) X 1
`*「奏章Ⅱ」開幕直前特別回数ログインボーナス*
*開催期間中、1日1回 最大5回 回数ログインボーナスをプレゼント！*
`聖晶石 X 3
`_2024-03-19 19:35:23_
--------
*d679950706562a7c71e3a5ab4f53a2cf*
`登陆天数: 42天 / 969天
等级: 133
石头: 267
呼符: 29
体力: 54.08333333333333 / 139
友情点: 150 / 762240`
*連続ログイン7日間到達おめでとうございます！
明日は1日目からリスタートされます。*
`獣の足跡 X 1
呼符 X 1
3月交換券(2024) X 1
`*「奏章Ⅱ」開幕直前特別回数ログインボーナス*
*開催期間中、1日1回 最大5回 回数ログインボーナスをプレゼント！*
`聖晶石 X 3
`_2024-03-19 19:35:33_
--------
*bd5dad2e34e30589543305c48da9558a*
`登陆天数: 11天 / 25天
等级: 111
石头: 492
呼符: 11
体力: 52.08333333333333 / 131
友情点: 0 / 51970`
*連続ログイン4日目
※ログインが途切れるか、7日到達すると
1日目から再開されます*
`聖晶石 X 1
3月交換券(2024) X 1
`*「奏章Ⅱ」開幕直前特別回数ログインボーナス*
*開催期間中、1日1回 最大5回 回数ログインボーナスをプレゼント！*
`聖晶石 X 3
`_2024-03-19 19:35:41_
--------
*cbd11d2d7e06a1c2b2f1f789757cd0ac*
`登陆天数: 11天 / 1165天
等级: 132
石头: 314
呼符: 25
体力: 49250.51 / 138
友情点: 310 / 1126765`
*連続ログイン4日目
※ログインが途切れるか、7日到達すると
1日目から再開されます*
`聖晶石 X 1
3月交換券(2024) X 1
`*「奏章Ⅱ」開幕直前特別回数ログインボーナス*
*開催期間中、1日1回 最大5回 回数ログインボーナスをプレゼント！*
`聖晶石 X 3
`_2024-03-19 19:35:50_
--------
*3b4a081645437bf262d528642bcf9a58*
`登陆天数: 11天 / 947天
等级: 127
石头: 1872
呼符: 76
体力: 2655.22 / 137
友情点: 260 / 701940`
*連続ログイン4日目
※ログインが途切れるか、7日到達すると
1日目から再開されます*
`聖晶石 X 1
3月交換券(2024) X 1
`*「奏章Ⅱ」開幕直前特別回数ログインボーナス*
*開催期間中、1日1回 最大5回 回数ログインボーナスをプレゼント！*
`聖晶石 X 3
`_2024-03-19 19:35:58_
--------
*f63f20327d7c1cebab4aa0591334ecbc*
`登陆天数: 10天 / 229天
等级: 129
石头: 255
呼符: 18
体力: 107.19333333333333 / 138
友情点: 0 / 6618695`
*連続ログイン3日目
※ログインが途切れるか、7日到達すると
1日目から再開されます*
`叡智の業火 X 1
3月交換券(2024) X 1
`*「奏章Ⅱ」開幕直前特別回数ログインボーナス*
*開催期間中、1日1回 最大5回 回数ログインボーナスをプレゼント！*
`聖晶石 X 3
`_2024-03-19 19:36:06_
--------
