【登录信息】
*af75cc75e91933b02640c226238c1012*
`登陆天数: 12天 / 1401天
等级: 132
石头: 19
呼符: 10
体力: 62.900000000000006 / 138
友情点: 70 / 1192805`
*連続ログイン5日目
※ログインが途切れるか、7日到達すると
1日目から再開されます*
`叡智の業火 X 2
3月交換券(2024) X 1
`*FGO カルデア放送局 Vol.21 奏章Ⅱ 開幕直前SP
放送記念 初回ログインボーナス*
*開催期間中、初回ログインで「聖晶石×14」をプレゼント！*
`聖晶石 X 14
`_2024-03-20 19:35:45_
--------
*abc026429421bc613b47d71381f48072*
`登陆天数: 13天 / 2654天
等级: 167
石头: 131
呼符: 6
体力: 30.936666666666667 / 146
友情点: 0 / 2565050`
*連続ログイン6日目
※ログインが途切れるか、7日到達すると
1日目から再開されます*
`聖晶石 X 2
3月交換券(2024) X 1
`*FGO カルデア放送局 Vol.21 奏章Ⅱ 開幕直前SP
放送記念 初回ログインボーナス*
*開催期間中、初回ログインで「聖晶石×14」をプレゼント！*
`聖晶石 X 14
`_2024-03-20 19:35:54_
--------
*8e4325a8da78dc6b19d6911a1e803d30*
`登陆天数: 83天 / 788天
等级: 138
石头: 201
呼符: 27
体力: 45.85333333333334 / 140
友情点: 270 / 979255`
*連続ログイン6日目
※ログインが途切れるか、7日到達すると
1日目から再開されます*
`聖晶石 X 2
3月交換券(2024) X 1
`*FGO カルデア放送局 Vol.21 奏章Ⅱ 開幕直前SP
放送記念 初回ログインボーナス*
*開催期間中、初回ログインで「聖晶石×14」をプレゼント！*
`聖晶石 X 14
`_2024-03-20 19:36:04_
--------
*216fc160119ce734295777f23a6deca0*
`登陆天数: 43天 / 1433天
等级: 143
石头: 1312
呼符: 101
体力: 61.53333333333333 / 141
友情点: 160 / 2374680`
*連続ログイン1日目
※ログインが途切れるか、7日到達すると
1日目から再開されます*
`フレンドポイント X 2000
3月交換券(2024) X 1
`*FGO カルデア放送局 Vol.21 奏章Ⅱ 開幕直前SP
放送記念 初回ログインボーナス*
*開催期間中、初回ログインで「聖晶石×14」をプレゼント！*
`聖晶石 X 14
`_2024-03-20 19:36:13_
--------
*4478643a8c6909faa4d33190cccacbc9*
`登陆天数: 391天 / 2956天
等级: 161
石头: 811
呼符: 41
体力: 7.2266666666666595 / 144
友情点: 160 / 3398030`
_2024-03-20 19:36:23_
--------
*d679950706562a7c71e3a5ab4f53a2cf*
`登陆天数: 43天 / 970天
等级: 133
石头: 277
呼符: 29
体力: 57.27666666666667 / 139
友情点: 200 / 762980`
*連続ログイン1日目
※ログインが途切れるか、7日到達すると
1日目から再開されます*
`フレンドポイント X 2000
3月交換券(2024) X 1
`*FGO カルデア放送局 Vol.21 奏章Ⅱ 開幕直前SP
放送記念 初回ログインボーナス*
*開催期間中、初回ログインで「聖晶石×14」をプレゼント！*
`聖晶石 X 14
`_2024-03-20 19:36:31_
--------
*bd5dad2e34e30589543305c48da9558a*
`登陆天数: 12天 / 26天
等级: 112
石头: 498
呼符: 11
体力: 34.08333333333333 / 131
友情点: 0 / 52470`
*連続ログイン5日目
※ログインが途切れるか、7日到達すると
1日目から再開されます*
`叡智の業火 X 2
3月交換券(2024) X 1
`*FGO カルデア放送局 Vol.21 奏章Ⅱ 開幕直前SP
放送記念 初回ログインボーナス*
*開催期間中、初回ログインで「聖晶石×14」をプレゼント！*
`聖晶石 X 14
`_2024-03-20 19:36:39_
--------
*cbd11d2d7e06a1c2b2f1f789757cd0ac*
`登陆天数: 12天 / 1166天
等级: 132
石头: 314
呼符: 25
体力: 49538.70333333333 / 138
友情点: 100 / 1126865`
*連続ログイン5日目
※ログインが途切れるか、7日到達すると
1日目から再開されます*
`叡智の業火 X 2
3月交換券(2024) X 1
`*FGO カルデア放送局 Vol.21 奏章Ⅱ 開幕直前SP
放送記念 初回ログインボーナス*
*開催期間中、初回ログインで「聖晶石×14」をプレゼント！*
`聖晶石 X 14
`_2024-03-20 19:36:48_
--------
*3b4a081645437bf262d528642bcf9a58*
`登陆天数: 12天 / 948天
等级: 127
石头: 1872
呼符: 76
体力: 2943.4133333333334 / 137
友情点: 90 / 702030`
*連続ログイン5日目
※ログインが途切れるか、7日到達すると
1日目から再開されます*
`叡智の業火 X 2
3月交換券(2024) X 1
`*FGO カルデア放送局 Vol.21 奏章Ⅱ 開幕直前SP
放送記念 初回ログインボーナス*
*開催期間中、初回ログインで「聖晶石×14」をプレゼント！*
`聖晶石 X 14
`_2024-03-20 19:36:57_
--------
*f63f20327d7c1cebab4aa0591334ecbc*
`登陆天数: 11天 / 230天
等级: 129
石头: 268
呼符: 18
体力: 57.153333333333336 / 138
友情点: 40 / 6619165`
*連続ログイン4日目
※ログインが途切れるか、7日到達すると
1日目から再開されます*
`聖晶石 X 1
3月交換券(2024) X 1
`*FGO カルデア放送局 Vol.21 奏章Ⅱ 開幕直前SP
放送記念 初回ログインボーナス*
*開催期間中、初回ログインで「聖晶石×14」をプレゼント！*
`聖晶石 X 14
`_2024-03-20 19:37:05_
--------
