【登录信息】
*af75cc75e91933b02640c226238c1012*
`登陆天数: 13天 / 1402天
等级: 132
石头: 19
呼符: 10
体力: 30.870000000000005 / 138
友情点: 90 / 1193325`
*連続ログイン6日目
※ログインが途切れるか、7日到達すると
1日目から再開されます*
`聖晶石 X 2
3月交換券(2024) X 1
`*CBC2024 シャルルマーニュのモンジョワ・騎士道！開幕記念 ログインボーナス*
*開催期間中、1日1回 最大21回 ログインボーナスをプレゼント！*
`白銀の果実 X 1
`_2024-03-21 19:35:37_
--------
*abc026429421bc613b47d71381f48072*
`登陆天数: 14天 / 2655天
等级: 167
石头: 131
呼符: 6
体力: 38.903333333333336 / 146
友情点: 100 / 2565375`
*連続ログイン7日間到達おめでとうございます！
明日は1日目からリスタートされます。*
`獣の足跡 X 1
呼符 X 1
3月交換券(2024) X 1
`*CBC2024 シャルルマーニュのモンジョワ・騎士道！開幕記念 ログインボーナス*
*開催期間中、1日1回 最大21回 ログインボーナスをプレゼント！*
`黄金の果実 X 1
`_2024-03-21 19:35:45_
--------
*8e4325a8da78dc6b19d6911a1e803d30*
`登陆天数: 84天 / 789天
等级: 138
石头: 201
呼符: 27
体力: 53.81999999999999 / 140
友情点: 110 / 980240`
*連続ログイン7日間到達おめでとうございます！
明日は1日目からリスタートされます。*
`獣の足跡 X 1
呼符 X 1
3月交換券(2024) X 1
`*CBC2024 シャルルマーニュのモンジョワ・騎士道！開幕記念 ログインボーナス*
*開催期間中、1日1回 最大21回 ログインボーナスをプレゼント！*
`白銀の果実 X 1
`_2024-03-21 19:35:55_
--------
*216fc160119ce734295777f23a6deca0*
`登陆天数: 44天 / 1434天
等级: 143
石头: 1312
呼符: 101
体力: 29.49666666666667 / 141
友情点: 110 / 2375445`
*連続ログイン2日目
※ログインが途切れるか、7日到達すると
1日目から再開されます*
`聖晶石 X 1
3月交換券(2024) X 1
`*CBC2024 シャルルマーニュのモンジョワ・騎士道！開幕記念 ログインボーナス*
*開催期間中、1日1回 最大21回 ログインボーナスをプレゼント！*
`白銀の果実 X 1
`_2024-03-21 19:36:03_
--------
*4478643a8c6909faa4d33190cccacbc9*
`登陆天数: 392天 / 2957天
等级: 161
石头: 811
呼符: 41
体力: 95.19333333333333 / 144
友情点: 180 / 3398830`
*連続ログイン7日間到達おめでとうございます！
明日は1日目からリスタートされます。*
`獣の足跡 X 1
呼符 X 1
3月交換券(2024) X 1
`*CBC2024 シャルルマーニュのモンジョワ・騎士道！開幕記念 ログインボーナス*
*開催期間中、1日1回 最大21回 ログインボーナスをプレゼント！*
`白銀の果実 X 1
`_2024-03-21 19:36:12_
--------
*d679950706562a7c71e3a5ab4f53a2cf*
`登陆天数: 44天 / 971天
等级: 133
石头: 277
呼符: 29
体力: 25.24333333333334 / 139
友情点: 150 / 764015`
*連続ログイン2日目
※ログインが途切れるか、7日到達すると
1日目から再開されます*
`聖晶石 X 1
3月交換券(2024) X 1
`*CBC2024 シャルルマーニュのモンジョワ・騎士道！開幕記念 ログインボーナス*
*開催期間中、1日1回 最大21回 ログインボーナスをプレゼント！*
`白銀の果実 X 1
`_2024-03-21 19:36:21_
--------
*bd5dad2e34e30589543305c48da9558a*
`登陆天数: 13天 / 27天
等级: 112
石头: 506
呼符: 11
体力: 15.049999999999997 / 131
友情点: 0 / 52845`
*連続ログイン6日目
※ログインが途切れるか、7日到達すると
1日目から再開されます*
`聖晶石 X 2
3月交換券(2024) X 1
`*CBC2024 シャルルマーニュのモンジョワ・騎士道！開幕記念 ログインボーナス*
*開催期間中、1日1回 最大21回 ログインボーナスをプレゼント！*
`白銀の果実 X 1
`_2024-03-21 19:36:29_
--------
*cbd11d2d7e06a1c2b2f1f789757cd0ac*
`登陆天数: 13天 / 1167天
等级: 132
石头: 314
呼符: 25
体力: 49826.666666666664 / 138
友情点: 190 / 1127055`
*連続ログイン6日目
※ログインが途切れるか、7日到達すると
1日目から再開されます*
`聖晶石 X 2
3月交換券(2024) X 1
`*CBC2024 シャルルマーニュのモンジョワ・騎士道！開幕記念 ログインボーナス*
*開催期間中、1日1回 最大21回 ログインボーナスをプレゼント！*
`白銀の果実 X 1
`_2024-03-21 19:36:37_
--------
*3b4a081645437bf262d528642bcf9a58*
`登陆天数: 13天 / 949天
等级: 127
石头: 1872
呼符: 76
体力: 3231.3766666666666 / 137
友情点: 260 / 702290`
*連続ログイン6日目
※ログインが途切れるか、7日到達すると
1日目から再開されます*
`聖晶石 X 2
3月交換券(2024) X 1
`*CBC2024 シャルルマーニュのモンジョワ・騎士道！開幕記念 ログインボーナス*
*開催期間中、1日1回 最大21回 ログインボーナスをプレゼント！*
`白銀の果実 X 1
`_2024-03-21 19:36:45_
--------
*f63f20327d7c1cebab4aa0591334ecbc*
`登陆天数: 12天 / 231天
等级: 129
石头: 268
呼符: 18
体力: 25.11333333333333 / 138
友情点: 60 / 6619705`
*連続ログイン5日目
※ログインが途切れるか、7日到達すると
1日目から再開されます*
`叡智の業火 X 2
3月交換券(2024) X 1
`*CBC2024 シャルルマーニュのモンジョワ・騎士道！開幕記念 ログインボーナス*
*開催期間中、1日1回 最大21回 ログインボーナスをプレゼント！*
`白銀の果実 X 1
`_2024-03-21 19:36:53_
--------
