【登录信息】
*af75cc75e91933b02640c226238c1012*
`登陆天数: 14天 / 1403天
等级: 132
石头: 19
呼符: 10
体力: 38.80666666666667 / 138
友情点: 100 / 1193565`
*連続ログイン7日間到達おめでとうございます！
明日は1日目からリスタートされます。*
`獣の足跡 X 1
呼符 X 1
3月交換券(2024) X 1
`*CBC2024 シャルルマーニュのモンジョワ・騎士道！開幕記念 ログインボーナス*
*開催期間中、1日1回 最大21回 ログインボーナスをプレゼント！*
`白銀の果実 X 1
`_2024-03-22 19:35:18_
--------
*abc026429421bc613b47d71381f48072*
`登陆天数: 15天 / 2656天
等级: 167
石头: 156
呼符: 7
体力: 119.84333333333333 / 146
友情点: 0 / 2566175`
*連続ログイン1日目
※ログインが途切れるか、7日到達すると
1日目から再開されます*
`フレンドポイント X 2000
3月交換券(2024) X 1
`*CBC2024 シャルルマーニュのモンジョワ・騎士道！開幕記念 ログインボーナス*
*開催期間中、1日1回 最大21回 ログインボーナスをプレゼント！*
`白銀の果実 X 1
`_2024-03-22 19:35:26_
--------
*8e4325a8da78dc6b19d6911a1e803d30*
`登陆天数: 85天 / 790天
等级: 138
石头: 238
呼符: 29
体力: 78.75999999999999 / 140
友情点: 150 / 984945`
*連続ログイン1日目
※ログインが途切れるか、7日到達すると
1日目から再開されます*
`フレンドポイント X 2000
3月交換券(2024) X 1
`*CBC2024 シャルルマーニュのモンジョワ・騎士道！開幕記念 ログインボーナス*
*開催期間中、1日1回 最大21回 ログインボーナスをプレゼント！*
`白銀の果実 X 1
`_2024-03-22 19:35:36_
--------
*216fc160119ce734295777f23a6deca0*
`登陆天数: 45天 / 1435天
等级: 143
石头: 1342
呼符: 101
体力: 72.44 / 141
友情点: 40 / 2377600`
*連続ログイン3日目
※ログインが途切れるか、7日到達すると
1日目から再開されます*
`叡智の業火 X 1
3月交換券(2024) X 1
`*CBC2024 シャルルマーニュのモンジョワ・騎士道！開幕記念 ログインボーナス*
*開催期間中、1日1回 最大21回 ログインボーナスをプレゼント！*
`白銀の果実 X 1
`_2024-03-22 19:35:45_
--------
*4478643a8c6909faa4d33190cccacbc9*
`登陆天数: 393天 / 2958天
等级: 161
石头: 833
呼符: 42
体力: 87.13666666666666 / 144
友情点: 270 / 3402580`
*連続ログイン1日目
※ログインが途切れるか、7日到達すると
1日目から再開されます*
`フレンドポイント X 2000
3月交換券(2024) X 1
`*CBC2024 シャルルマーニュのモンジョワ・騎士道！開幕記念 ログインボーナス*
*開催期間中、1日1回 最大21回 ログインボーナスをプレゼント！*
`白銀の果実 X 1
`_2024-03-22 19:35:54_
--------
*d679950706562a7c71e3a5ab4f53a2cf*
`登陆天数: 45天 / 972天
等级: 133
石头: 314
呼符: 31
体力: 101.18666666666667 / 139
友情点: 70 / 769910`
*連続ログイン3日目
※ログインが途切れるか、7日到達すると
1日目から再開されます*
`叡智の業火 X 1
3月交換券(2024) X 1
`*CBC2024 シャルルマーニュのモンジョワ・騎士道！開幕記念 ログインボーナス*
*開催期間中、1日1回 最大21回 ログインボーナスをプレゼント！*
`白銀の果実 X 1
`_2024-03-22 19:36:04_
--------
*bd5dad2e34e30589543305c48da9558a*
`登陆天数: 14天 / 28天
等级: 113
石头: 535
呼符: 11
体力: 73.92 / 132
友情点: 0 / 54270`
*連続ログイン7日間到達おめでとうございます！
明日は1日目からリスタートされます。*
`獣の足跡 X 1
呼符 X 1
3月交換券(2024) X 1
`*CBC2024 シャルルマーニュのモンジョワ・騎士道！開幕記念 ログインボーナス*
*開催期間中、1日1回 最大21回 ログインボーナスをプレゼント！*
`白銀の果実 X 1
`_2024-03-22 19:36:13_
--------
*cbd11d2d7e06a1c2b2f1f789757cd0ac*
`登陆天数: 14天 / 1168天
等级: 132
石头: 314
呼符: 25
体力: 50114.613333333335 / 138
友情点: 130 / 1127185`
*連続ログイン7日間到達おめでとうございます！
明日は1日目からリスタートされます。*
`獣の足跡 X 1
呼符 X 1
3月交換券(2024) X 1
`*CBC2024 シャルルマーニュのモンジョワ・騎士道！開幕記念 ログインボーナス*
*開催期間中、1日1回 最大21回 ログインボーナスをプレゼント！*
`白銀の果実 X 1
`_2024-03-22 19:36:21_
--------
*3b4a081645437bf262d528642bcf9a58*
`登陆天数: 14天 / 950天
等级: 127
石头: 1872
呼符: 76
体力: 3519.3233333333333 / 137
友情点: 230 / 702520`
*連続ログイン7日間到達おめでとうございます！
明日は1日目からリスタートされます。*
`獣の足跡 X 1
呼符 X 1
3月交換券(2024) X 1
`*CBC2024 シャルルマーニュのモンジョワ・騎士道！開幕記念 ログインボーナス*
*開催期間中、1日1回 最大21回 ログインボーナスをプレゼント！*
`白銀の果実 X 1
`_2024-03-22 19:36:29_
--------
*f63f20327d7c1cebab4aa0591334ecbc*
`登陆天数: 13天 / 232天
等级: 130
石头: 308
呼符: 19
体力: 109.71333333333334 / 138
友情点: 0 / 6624695`
*連続ログイン6日目
※ログインが途切れるか、7日到達すると
1日目から再開されます*
`聖晶石 X 2
3月交換券(2024) X 1
`*CBC2024 シャルルマーニュのモンジョワ・騎士道！開幕記念 ログインボーナス*
*開催期間中、1日1回 最大21回 ログインボーナスをプレゼント！*
`白銀の果実 X 1
`_2024-03-22 19:36:38_
--------
