【登录信息】
*af75cc75e91933b02640c226238c1012*
`登陆天数: 15天 / 1404天
等级: 132
石头: 19
呼符: 10
体力: 46.70666666666666 / 138
友情点: 50 / 1193955`
*連続ログイン1日目
※ログインが途切れるか、7日到達すると
1日目から再開されます*
`フレンドポイント X 2000
3月交換券(2024) X 1
`*CBC2024 シャルルマーニュのモンジョワ・騎士道！開幕記念 ログインボーナス*
*開催期間中、1日1回 最大21回 ログインボーナスをプレゼント！*
`黄金の果実 X 1
`_2024-03-23 19:34:48_
--------
*abc026429421bc613b47d71381f48072*
`登陆天数: 16天 / 2657天
等级: 167
石头: 156
呼符: 7
体力: 127.74333333333334 / 146
友情点: 0 / 2566375`
*連続ログイン2日目
※ログインが途切れるか、7日到達すると
1日目から再開されます*
`聖晶石 X 1
3月交換券(2024) X 1
`*CBC2024 シャルルマーニュのモンジョワ・騎士道！開幕記念 ログインボーナス*
*開催期間中、1日1回 最大21回 ログインボーナスをプレゼント！*
`白銀の果実 X 1
`_2024-03-23 19:34:57_
--------
*8e4325a8da78dc6b19d6911a1e803d30*
`登陆天数: 86天 / 791天
等级: 138
石头: 241
呼符: 29
体力: 72.66 / 140
友情点: 20 / 986265`
*連続ログイン2日目
※ログインが途切れるか、7日到達すると
1日目から再開されます*
`聖晶石 X 1
3月交換券(2024) X 1
`*CBC2024 シャルルマーニュのモンジョワ・騎士道！開幕記念 ログインボーナス*
*開催期間中、1日1回 最大21回 ログインボーナスをプレゼント！*
`白銀の果実 X 1
`_2024-03-23 19:35:07_
--------
*216fc160119ce734295777f23a6deca0*
`登陆天数: 46天 / 1436天
等级: 143
石头: 1342
呼符: 101
体力: 66.34333333333333 / 141
友情点: 0 / 2378600`
*連続ログイン4日目
※ログインが途切れるか、7日到達すると
1日目から再開されます*
`聖晶石 X 1
3月交換券(2024) X 1
`*CBC2024 シャルルマーニュのモンジョワ・騎士道！開幕記念 ログインボーナス*
*開催期間中、1日1回 最大21回 ログインボーナスをプレゼント！*
`白銀の果実 X 1
`_2024-03-23 19:35:16_
--------
*4478643a8c6909faa4d33190cccacbc9*
`登陆天数: 394天 / 2959天
等级: 161
石头: 838
呼符: 42
体力: 81.03999999999999 / 144
友情点: 40 / 3403785`
*連続ログイン2日目
※ログインが途切れるか、7日到達すると
1日目から再開されます*
`聖晶石 X 1
3月交換券(2024) X 1
`*CBC2024 シャルルマーニュのモンジョワ・騎士道！開幕記念 ログインボーナス*
*開催期間中、1日1回 最大21回 ログインボーナスをプレゼント！*
`白銀の果実 X 1
`_2024-03-23 19:35:25_
--------
*d679950706562a7c71e3a5ab4f53a2cf*
`登陆天数: 46天 / 973天
等级: 133
石头: 314
呼符: 31
体力: 69.09 / 139
友情点: 0 / 770590`
*連続ログイン4日目
※ログインが途切れるか、7日到達すると
1日目から再開されます*
`聖晶石 X 1
3月交換券(2024) X 1
`*CBC2024 シャルルマーニュのモンジョワ・騎士道！開幕記念 ログインボーナス*
*開催期間中、1日1回 最大21回 ログインボーナスをプレゼント！*
`白銀の果実 X 1
`_2024-03-23 19:35:35_
--------
*bd5dad2e34e30589543305c48da9558a*
`登陆天数: 15天 / 29天
等级: 114
石头: 555
呼符: 11
体力: 13.719999999999999 / 132
友情点: 0 / 55770`
*連続ログイン1日目
※ログインが途切れるか、7日到達すると
1日目から再開されます*
`フレンドポイント X 2000
3月交換券(2024) X 1
`*CBC2024 シャルルマーニュのモンジョワ・騎士道！開幕記念 ログインボーナス*
*開催期間中、1日1回 最大21回 ログインボーナスをプレゼント！*
`黄金の果実 X 1
`_2024-03-23 19:35:43_
--------
*cbd11d2d7e06a1c2b2f1f789757cd0ac*
`登陆天数: 15天 / 1169天
等级: 132
石头: 314
呼符: 25
体力: 50402.513333333336 / 138
友情点: 300 / 1127485`
*連続ログイン1日目
※ログインが途切れるか、7日到達すると
1日目から再開されます*
`フレンドポイント X 2000
3月交換券(2024) X 1
`*CBC2024 シャルルマーニュのモンジョワ・騎士道！開幕記念 ログインボーナス*
*開催期間中、1日1回 最大21回 ログインボーナスをプレゼント！*
`黄金の果実 X 1
`_2024-03-23 19:35:51_
--------
*3b4a081645437bf262d528642bcf9a58*
`登陆天数: 15天 / 951天
等级: 127
石头: 1872
呼符: 76
体力: 3807.2233333333334 / 137
友情点: 230 / 702750`
*連続ログイン1日目
※ログインが途切れるか、7日到達すると
1日目から再開されます*
`フレンドポイント X 2000
3月交換券(2024) X 1
`*CBC2024 シャルルマーニュのモンジョワ・騎士道！開幕記念 ログインボーナス*
*開催期間中、1日1回 最大21回 ログインボーナスをプレゼント！*
`黄金の果実 X 1
`_2024-03-23 19:36:00_
--------
*f63f20327d7c1cebab4aa0591334ecbc*
`登陆天数: 14天 / 233天
等级: 130
石头: 317
呼符: 19
体力: 90.61333333333334 / 138
友情点: 10 / 6626065`
*連続ログイン7日間到達おめでとうございます！
明日は1日目からリスタートされます。*
`獣の足跡 X 1
呼符 X 1
3月交換券(2024) X 1
`*CBC2024 シャルルマーニュのモンジョワ・騎士道！開幕記念 ログインボーナス*
*開催期間中、1日1回 最大21回 ログインボーナスをプレゼント！*
`白銀の果実 X 1
`_2024-03-23 19:36:08_
--------
