【登录信息】
*af75cc75e91933b02640c226238c1012*
`登陆天数: 16天 / 1405天
等级: 133
石头: 19
呼符: 10
体力: 33.64666666666666 / 139
友情点: 10 / 1194165`
_2024-03-24 19:34:39_
--------
*abc026429421bc613b47d71381f48072*
`登陆天数: 17天 / 2658天
等级: 167
石头: 156
呼符: 7
体力: 95.71333333333334 / 146
友情点: 0 / 2566575`
*連続ログイン3日目
※ログインが途切れるか、7日到達すると
1日目から再開されます*
`叡智の業火 X 1
3月交換券(2024) X 1
`*「AnimeJapan 2024」出展記念 初回ログインボーナス*
*開催期間中、初回ログインで「聖晶石×10」をプレゼント！*
`聖晶石 X 10
`_2024-03-24 19:34:47_
--------
*8e4325a8da78dc6b19d6911a1e803d30*
`登陆天数: 87天 / 792天
等级: 138
石头: 241
呼符: 29
体力: 66.63 / 140
友情点: 70 / 986945`
*連続ログイン3日目
※ログインが途切れるか、7日到達すると
1日目から再開されます*
`叡智の業火 X 1
3月交換券(2024) X 1
`*「AnimeJapan 2024」出展記念 初回ログインボーナス*
*開催期間中、初回ログインで「聖晶石×10」をプレゼント！*
`聖晶石 X 10
`_2024-03-24 19:34:57_
--------
*216fc160119ce734295777f23a6deca0*
`登陆天数: 47天 / 1437天
等级: 143
石头: 1342
呼符: 101
体力: 60.31 / 141
友情点: 20 / 2379130`
*連続ログイン5日目
※ログインが途切れるか、7日到達すると
1日目から再開されます*
`叡智の業火 X 2
3月交換券(2024) X 1
`*「AnimeJapan 2024」出展記念 初回ログインボーナス*
*開催期間中、初回ログインで「聖晶石×10」をプレゼント！*
`聖晶石 X 10
`_2024-03-24 19:35:06_
--------
*4478643a8c6909faa4d33190cccacbc9*
`登陆天数: 395天 / 2960天
等级: 161
石头: 842
呼符: 42
体力: 69.01333333333334 / 144
友情点: 60 / 3404825`
*連続ログイン3日目
※ログインが途切れるか、7日到達すると
1日目から再開されます*
`叡智の業火 X 1
3月交換券(2024) X 1
`*「AnimeJapan 2024」出展記念 初回ログインボーナス*
*開催期間中、初回ログインで「聖晶石×10」をプレゼント！*
`聖晶石 X 10
`_2024-03-24 19:35:16_
--------
*d679950706562a7c71e3a5ab4f53a2cf*
`登陆天数: 47天 / 974天
等级: 133
石头: 314
呼符: 31
体力: 77.06333333333333 / 139
友情点: 20 / 770885`
*連続ログイン5日目
※ログインが途切れるか、7日到達すると
1日目から再開されます*
`叡智の業火 X 2
3月交換券(2024) X 1
`*「AnimeJapan 2024」出展記念 初回ログインボーナス*
*開催期間中、初回ログインで「聖晶石×10」をプレゼント！*
`聖晶石 X 10
`_2024-03-24 19:35:27_
--------
*bd5dad2e34e30589543305c48da9558a*
`登陆天数: 16天 / 30天
等级: 115
石头: 566
呼符: 11
体力: 30.50333333333333 / 133
友情点: 0 / 57095`
_2024-03-24 19:35:36_
--------
*cbd11d2d7e06a1c2b2f1f789757cd0ac*
`登陆天数: 16天 / 1170天
等级: 132
石头: 314
呼符: 25
体力: 50690.49 / 138
友情点: 90 / 1127575`
*連続ログイン2日目
※ログインが途切れるか、7日到達すると
1日目から再開されます*
`聖晶石 X 1
3月交換券(2024) X 1
`*「AnimeJapan 2024」出展記念 初回ログインボーナス*
*開催期間中、初回ログインで「聖晶石×10」をプレゼント！*
`聖晶石 X 10
`_2024-03-24 19:35:44_
--------
*3b4a081645437bf262d528642bcf9a58*
`登陆天数: 16天 / 952天
等级: 127
石头: 1872
呼符: 76
体力: 4095.2 / 137
友情点: 10 / 702760`
*連続ログイン2日目
※ログインが途切れるか、7日到達すると
1日目から再開されます*
`聖晶石 X 1
3月交換券(2024) X 1
`*「AnimeJapan 2024」出展記念 初回ログインボーナス*
*開催期間中、初回ログインで「聖晶石×10」をプレゼント！*
`聖晶石 X 10
`_2024-03-24 19:35:52_
--------
*f63f20327d7c1cebab4aa0591334ecbc*
`登陆天数: 15天 / 234天
等级: 131
石头: 324
呼符: 19
体力: 93.46666666666667 / 138
友情点: 0 / 6627905`
*連続ログイン1日目
※ログインが途切れるか、7日到達すると
1日目から再開されます*
`フレンドポイント X 2000
3月交換券(2024) X 1
`*「AnimeJapan 2024」出展記念 初回ログインボーナス*
*開催期間中、初回ログインで「聖晶石×10」をプレゼント！*
`聖晶石 X 10
`_2024-03-24 19:36:00_
--------
