【登录信息】
*af75cc75e91933b02640c226238c1012*
`登陆天数: 17天 / 1406天
等级: 133
石头: 19
呼符: 10
体力: 1.636666666666656 / 139
友情点: 30 / 1194315`
_2024-03-25 19:34:36_
--------
*abc026429421bc613b47d71381f48072*
`登陆天数: 18天 / 2659天
等级: 167
石头: 156
呼符: 7
体力: 103.71000000000001 / 146
友情点: 0 / 2566825`
*連続ログイン4日目
※ログインが途切れるか、7日到達すると
1日目から再開されます*
`聖晶石 X 1
3月交換券(2024) X 1
`*CBC2024 シャルルマーニュのモンジョワ・騎士道！開幕記念 ログインボーナス*
*開催期間中、1日1回 最大21回 ログインボーナスをプレゼント！*
`白銀の果実 X 1
`_2024-03-25 19:34:44_
--------
*8e4325a8da78dc6b19d6911a1e803d30*
`登陆天数: 88天 / 793天
等级: 138
石头: 241
呼符: 29
体力: 60.626666666666665 / 140
友情点: 60 / 987535`
*連続ログイン4日目
※ログインが途切れるか、7日到達すると
1日目から再開されます*
`聖晶石 X 1
3月交換券(2024) X 1
`*CBC2024 シャルルマーニュのモンジョワ・騎士道！開幕記念 ログインボーナス*
*開催期間中、1日1回 最大21回 ログインボーナスをプレゼント！*
`白銀の果実 X 1
`_2024-03-25 19:34:56_
--------
*216fc160119ce734295777f23a6deca0*
`登陆天数: 48天 / 1438天
等级: 143
石头: 1342
呼符: 101
体力: 54.30666666666667 / 141
友情点: 50 / 2379680`
*連続ログイン6日目
※ログインが途切れるか、7日到達すると
1日目から再開されます*
`聖晶石 X 2
3月交換券(2024) X 1
`*CBC2024 シャルルマーニュのモンジョワ・騎士道！開幕記念 ログインボーナス*
*開催期間中、1日1回 最大21回 ログインボーナスをプレゼント！*
`白銀の果実 X 1
`_2024-03-25 19:35:05_
--------
*4478643a8c6909faa4d33190cccacbc9*
`登陆天数: 396天 / 2961天
等级: 161
石头: 847
呼符: 42
体力: 63.00333333333333 / 144
友情点: 30 / 3405370`
*連続ログイン4日目
※ログインが途切れるか、7日到達すると
1日目から再開されます*
`聖晶石 X 1
3月交換券(2024) X 1
`*CBC2024 シャルルマーニュのモンジョワ・騎士道！開幕記念 ログインボーナス*
*開催期間中、1日1回 最大21回 ログインボーナスをプレゼント！*
`白銀の果実 X 1
`_2024-03-25 19:35:15_
--------
*d679950706562a7c71e3a5ab4f53a2cf*
`登陆天数: 48天 / 975天
等级: 133
石头: 314
呼符: 31
体力: 85.05333333333334 / 139
友情点: 20 / 771280`
*連続ログイン6日目
※ログインが途切れるか、7日到達すると
1日目から再開されます*
`聖晶石 X 2
3月交換券(2024) X 1
`*CBC2024 シャルルマーニュのモンジョワ・騎士道！開幕記念 ログインボーナス*
*開催期間中、1日1回 最大21回 ログインボーナスをプレゼント！*
`白銀の果実 X 1
`_2024-03-25 19:35:25_
--------
*bd5dad2e34e30589543305c48da9558a*
`登陆天数: 17天 / 31天
等级: 115
石头: 571
呼符: 11
体力: 72.49666666666667 / 133
友情点: 0 / 57395`
*連続ログイン3日目
※ログインが途切れるか、7日到達すると
1日目から再開されます*
`叡智の業火 X 1
3月交換券(2024) X 1
`*CBC2024 シャルルマーニュのモンジョワ・騎士道！開幕記念 ログインボーナス*
*開催期間中、1日1回 最大21回 ログインボーナスをプレゼント！*
`白銀の果実 X 1
`_2024-03-25 19:35:33_
--------
*cbd11d2d7e06a1c2b2f1f789757cd0ac*
`登陆天数: 17天 / 1171天
等级: 132
石头: 314
呼符: 25
体力: 50978.48 / 138
友情点: 50 / 1127625`
*連続ログイン3日目
※ログインが途切れるか、7日到達すると
1日目から再開されます*
`叡智の業火 X 1
3月交換券(2024) X 1
`*CBC2024 シャルルマーニュのモンジョワ・騎士道！開幕記念 ログインボーナス*
*開催期間中、1日1回 最大21回 ログインボーナスをプレゼント！*
`白銀の果実 X 1
`_2024-03-25 19:35:41_
--------
*3b4a081645437bf262d528642bcf9a58*
`登陆天数: 17天 / 953天
等级: 127
石头: 1872
呼符: 76
体力: 4383.19 / 137
友情点: 40 / 702800`
*連続ログイン3日目
※ログインが途切れるか、7日到達すると
1日目から再開されます*
`叡智の業火 X 1
3月交換券(2024) X 1
`*CBC2024 シャルルマーニュのモンジョワ・騎士道！開幕記念 ログインボーナス*
*開催期間中、1日1回 最大21回 ログインボーナスをプレゼント！*
`白銀の果実 X 1
`_2024-03-25 19:35:49_
--------
*f63f20327d7c1cebab4aa0591334ecbc*
`登陆天数: 16天 / 235天
等级: 131
石头: 331
呼符: 19
体力: 7.75 / 138
友情点: 50 / 6629400`
_2024-03-25 19:35:58_
--------
