【登录信息】
*af75cc75e91933b02640c226238c1012*
`登陆天数: 18天 / 1407天
等级: 133
石头: 21
呼符: 10
体力: 90.88666666666666 / 139
友情点: 40 / 1194875`
*連続ログイン4日目
※ログインが途切れるか、7日到達すると
1日目から再開されます*
`聖晶石 X 1
3月交換券(2024) X 1
`*CBC2024 シャルルマーニュのモンジョワ・騎士道！開幕記念 ログインボーナス*
*開催期間中、1日1回 最大21回 ログインボーナスをプレゼント！*
`白銀の果実 X 1
`_2024-03-26 19:36:21_
--------
*abc026429421bc613b47d71381f48072*
`登陆天数: 19天 / 2660天
等级: 167
石头: 156
呼符: 7
体力: 72.05333333333333 / 146
友情点: 0 / 2567025`
*連続ログイン5日目
※ログインが途切れるか、7日到達すると
1日目から再開されます*
`叡智の業火 X 2
3月交換券(2024) X 1
`*CBC2024 シャルルマーニュのモンジョワ・騎士道！開幕記念 ログインボーナス*
*開催期間中、1日1回 最大21回 ログインボーナスをプレゼント！*
`白銀の果実 X 1
`_2024-03-26 19:36:29_
--------
*8e4325a8da78dc6b19d6911a1e803d30*
`登陆天数: 89天 / 794天
等级: 138
石头: 241
呼符: 29
体力: 54.96666666666667 / 140
友情点: 140 / 988220`
*連続ログイン5日目
※ログインが途切れるか、7日到達すると
1日目から再開されます*
`叡智の業火 X 2
3月交換券(2024) X 1
`_2024-03-26 19:36:39_
--------
*216fc160119ce734295777f23a6deca0*
`登陆天数: 49天 / 1439天
等级: 143
石头: 1342
呼符: 101
体力: 48.64666666666666 / 141
友情点: 40 / 2380190`
*連続ログイン7日間到達おめでとうございます！
明日は1日目からリスタートされます。*
`獣の足跡 X 1
呼符 X 1
3月交換券(2024) X 1
`_2024-03-26 19:36:48_
--------
*4478643a8c6909faa4d33190cccacbc9*
`登陆天数: 397天 / 2962天
等级: 161
石头: 852
呼符: 42
体力: 54.343333333333334 / 144
友情点: 100 / 3406000`
*連続ログイン5日目
※ログインが途切れるか、7日到達すると
1日目から再開されます*
`叡智の業火 X 2
3月交換券(2024) X 1
`_2024-03-26 19:36:56_
--------
*d679950706562a7c71e3a5ab4f53a2cf*
`登陆天数: 49天 / 976天
等级: 133
石头: 314
呼符: 31
体力: 53.39333333333333 / 139
友情点: 40 / 771590`
*連続ログイン7日間到達おめでとうございます！
明日は1日目からリスタートされます。*
`獣の足跡 X 1
呼符 X 1
3月交換券(2024) X 1
`_2024-03-26 19:37:06_
--------
*bd5dad2e34e30589543305c48da9558a*
`登陆天数: 18天 / 32天
等级: 115
石头: 576
呼符: 11
体力: 66.83333333333333 / 133
友情点: 0 / 57745`
*連続ログイン4日目
※ログインが途切れるか、7日到達すると
1日目から再開されます*
`聖晶石 X 1
3月交換券(2024) X 1
`*CBC2024 シャルルマーニュのモンジョワ・騎士道！開幕記念 ログインボーナス*
*開催期間中、1日1回 最大21回 ログインボーナスをプレゼント！*
`白銀の果実 X 1
`_2024-03-26 19:37:14_
--------
*cbd11d2d7e06a1c2b2f1f789757cd0ac*
`登陆天数: 18天 / 1172天
等级: 132
石头: 314
呼符: 25
体力: 51266.816666666666 / 138
友情点: 30 / 1127675`
*連続ログイン4日目
※ログインが途切れるか、7日到達すると
1日目から再開されます*
`聖晶石 X 1
3月交換券(2024) X 1
`*CBC2024 シャルルマーニュのモンジョワ・騎士道！開幕記念 ログインボーナス*
*開催期間中、1日1回 最大21回 ログインボーナスをプレゼント！*
`白銀の果実 X 1
`_2024-03-26 19:37:22_
--------
*3b4a081645437bf262d528642bcf9a58*
`登陆天数: 18天 / 954天
等级: 127
石头: 1872
呼符: 76
体力: 4671.526666666667 / 137
友情点: 60 / 702860`
*連続ログイン4日目
※ログインが途切れるか、7日到達すると
1日目から再開されます*
`聖晶石 X 1
3月交換券(2024) X 1
`*CBC2024 シャルルマーニュのモンジョワ・騎士道！開幕記念 ログインボーナス*
*開催期間中、1日1回 最大21回 ログインボーナスをプレゼント！*
`白銀の果実 X 1
`_2024-03-26 19:37:30_
--------
*f63f20327d7c1cebab4aa0591334ecbc*
`登陆天数: 17天 / 236天
等级: 131
石头: 334
呼符: 19
体力: 103.08666666666667 / 138
友情点: 20 / 6629695`
*連続ログイン3日目
※ログインが途切れるか、7日到達すると
1日目から再開されます*
`叡智の業火 X 1
3月交換券(2024) X 1
`*CBC2024 シャルルマーニュのモンジョワ・騎士道！開幕記念 ログインボーナス*
*開催期間中、1日1回 最大21回 ログインボーナスをプレゼント！*
`白銀の果実 X 1
`_2024-03-26 19:37:38_
--------
