【登录信息】
*af75cc75e91933b02640c226238c1012*
`登陆天数: 19天 / 1408天
等级: 133
石头: 23
呼符: 10
体力: 48.153333333333336 / 139
友情点: 40 / 1195235`
*連続ログイン5日目
※ログインが途切れるか、7日到達すると
1日目から再開されます*
`叡智の業火 X 2
3月交換券(2024) X 1
`_2024-03-27 19:35:29_
--------
*abc026429421bc613b47d71381f48072*
`登陆天数: 20天 / 2661天
等级: 167
石头: 168
呼符: 7
体力: 79.88333333333334 / 146
友情点: 0 / 2567200`
*連続ログイン6日目
※ログインが途切れるか、7日到達すると
1日目から再開されます*
`聖晶石 X 2
3月交換券(2024) X 1
`_2024-03-27 19:35:38_
--------
*8e4325a8da78dc6b19d6911a1e803d30*
`登陆天数: 90天 / 795天
等级: 138
石头: 241
呼符: 29
体力: 48.8 / 140
友情点: 50 / 988865`
*連続ログイン6日目
※ログインが途切れるか、7日到達すると
1日目から再開されます*
`聖晶石 X 2
3月交換券(2024) X 1
`_2024-03-27 19:35:48_
--------
*216fc160119ce734295777f23a6deca0*
`登陆天数: 50天 / 1440天
等级: 143
石头: 1342
呼符: 101
体力: 42.480000000000004 / 141
友情点: 20 / 2380855`
*連続ログイン1日目
※ログインが途切れるか、7日到達すると
1日目から再開されます*
`フレンドポイント X 2000
3月交換券(2024) X 1
`_2024-03-27 19:35:57_
--------
*4478643a8c6909faa4d33190cccacbc9*
`登陆天数: 398天 / 2963天
等级: 162
石头: 861
呼符: 42
体力: 37.93333333333334 / 144
友情点: 40 / 3407160`
*連続ログイン6日目
※ログインが途切れるか、7日到達すると
1日目から再開されます*
`聖晶石 X 2
3月交換券(2024) X 1
`_2024-03-27 19:36:07_
--------
*d679950706562a7c71e3a5ab4f53a2cf*
`登陆天数: 50天 / 977天
等级: 133
石头: 314
呼符: 31
体力: 61.230000000000004 / 139
友情点: 50 / 771985`
*連続ログイン1日目
※ログインが途切れるか、7日到達すると
1日目から再開されます*
`フレンドポイント X 2000
3月交換券(2024) X 1
`_2024-03-27 19:36:17_
--------
*bd5dad2e34e30589543305c48da9558a*
`登陆天数: 19天 / 33天
等级: 116
石头: 597
呼符: 11
体力: 29.53333333333333 / 133
友情点: 0 / 59695`
*連続ログイン5日目
※ログインが途切れるか、7日到達すると
1日目から再開されます*
`叡智の業火 X 2
3月交換券(2024) X 1
`_2024-03-27 19:36:26_
--------
*cbd11d2d7e06a1c2b2f1f789757cd0ac*
`登陆天数: 19天 / 1173天
等级: 132
石头: 314
呼符: 25
体力: 51554.65666666667 / 138
友情点: 50 / 1127725`
*連続ログイン5日目
※ログインが途切れるか、7日到達すると
1日目から再開されます*
`叡智の業火 X 2
3月交換券(2024) X 1
`_2024-03-27 19:36:34_
--------
*3b4a081645437bf262d528642bcf9a58*
`登陆天数: 19天 / 955天
等级: 127
石头: 1872
呼符: 76
体力: 4959.366666666667 / 137
友情点: 40 / 702900`
*連続ログイン5日目
※ログインが途切れるか、7日到達すると
1日目から再開されます*
`叡智の業火 X 2
3月交換券(2024) X 1
`_2024-03-27 19:36:43_
--------
*f63f20327d7c1cebab4aa0591334ecbc*
`登陆天数: 18天 / 237天
等级: 131
石头: 339
呼符: 19
体力: 92.93 / 138
友情点: 20 / 6630175`
*連続ログイン4日目
※ログインが途切れるか、7日到達すると
1日目から再開されます*
`聖晶石 X 1
3月交換券(2024) X 1
`_2024-03-27 19:36:51_
--------
