【登录信息】
*af75cc75e91933b02640c226238c1012*
`登陆天数: 20天 / 1409天
等级: 133
石头: 25
呼符: 10
体力: 36.05 / 139
友情点: 110 / 1195675`
*連続ログイン6日目
※ログインが途切れるか、7日到達すると
1日目から再開されます*
`聖晶石 X 2
3月交換券(2024) X 1
`_2024-03-28 19:34:59_
--------
*abc026429421bc613b47d71381f48072*
`登陆天数: 21天 / 2662天
等级: 167
石头: 168
呼符: 7
体力: 87.78 / 146
友情点: 0 / 2567375`
*連続ログイン7日間到達おめでとうございます！
明日は1日目からリスタートされます。*
`獣の足跡 X 1
呼符 X 1
3月交換券(2024) X 1
`_2024-03-28 19:35:07_
--------
*8e4325a8da78dc6b19d6911a1e803d30*
`登陆天数: 91天 / 796天
等级: 138
石头: 241
呼符: 29
体力: 42.69333333333333 / 140
友情点: 220 / 989865`
*連続ログイン7日間到達おめでとうございます！
明日は1日目からリスタートされます。*
`獣の足跡 X 1
呼符 X 1
3月交換券(2024) X 1
`_2024-03-28 19:35:17_
--------
*216fc160119ce734295777f23a6deca0*
`登陆天数: 51天 / 1441天
等级: 143
石头: 1342
呼符: 101
体力: 36.376666666666665 / 141
友情点: 90 / 2381615`
*連続ログイン2日目
※ログインが途切れるか、7日到達すると
1日目から再開されます*
`聖晶石 X 1
3月交換券(2024) X 1
`_2024-03-28 19:35:26_
--------
*4478643a8c6909faa4d33190cccacbc9*
`登陆天数: 399天 / 2964天
等级: 162
石头: 865
呼符: 42
体力: 48.82333333333334 / 144
友情点: 390 / 3408775`
*連続ログイン7日間到達おめでとうございます！
明日は1日目からリスタートされます。*
`獣の足跡 X 1
呼符 X 1
3月交換券(2024) X 1
`_2024-03-28 19:35:35_
--------
*d679950706562a7c71e3a5ab4f53a2cf*
`登陆天数: 51天 / 978天
等级: 133
石头: 314
呼符: 31
体力: 69.12333333333333 / 139
友情点: 80 / 772480`
*連続ログイン2日目
※ログインが途切れるか、7日到達すると
1日目から再開されます*
`聖晶石 X 1
3月交換券(2024) X 1
`_2024-03-28 19:35:45_
--------
*bd5dad2e34e30589543305c48da9558a*
`登陆天数: 20天 / 34天
等级: 117
石头: 609
呼符: 11
体力: 21.96333333333334 / 134
友情点: 0 / 62695`
*連続ログイン6日目
※ログインが途切れるか、7日到達すると
1日目から再開されます*
`聖晶石 X 2
3月交換券(2024) X 1
`_2024-03-28 19:35:53_
--------
*cbd11d2d7e06a1c2b2f1f789757cd0ac*
`登陆天数: 20天 / 1174天
等级: 132
石头: 314
呼符: 25
体力: 51842.54666666667 / 138
友情点: 20 / 1127745`
*連続ログイン6日目
※ログインが途切れるか、7日到達すると
1日目から再開されます*
`聖晶石 X 2
3月交換券(2024) X 1
`_2024-03-28 19:36:01_
--------
*3b4a081645437bf262d528642bcf9a58*
`登陆天数: 20天 / 956天
等级: 127
石头: 1872
呼符: 76
体力: 5247.26 / 137
友情点: 20 / 702920`
*連続ログイン6日目
※ログインが途切れるか、7日到達すると
1日目から再開されます*
`聖晶石 X 2
3月交換券(2024) X 1
`_2024-03-28 19:36:10_
--------
*f63f20327d7c1cebab4aa0591334ecbc*
`登陆天数: 19天 / 238天
等级: 131
石头: 362
呼符: 19
体力: 54.629999999999995 / 138
友情点: 30 / 6630505`
*連続ログイン5日目
※ログインが途切れるか、7日到達すると
1日目から再開されます*
`叡智の業火 X 2
3月交換券(2024) X 1
`_2024-03-28 19:36:18_
--------
