【登录信息】
*af75cc75e91933b02640c226238c1012*
`登陆天数: 21天 / 1410天
等级: 133
石头: 25
呼符: 10
体力: 23.96666666666667 / 139
友情点: 360 / 1196695`
*連続ログイン7日間到達おめでとうございます！
明日は1日目からリスタートされます。*
`獣の足跡 X 1
呼符 X 1
3月交換券(2024) X 1
`*Fate/Grand Order 春の新米マスター応援キャンペーン2024！
特別ログインボーナス*
*開催期間中、1日1回 最大7回 回数ログインボーナスをプレゼント！*
`聖晶石 X 1
`_2024-03-29 19:34:34_
--------
*abc026429421bc613b47d71381f48072*
`登陆天数: 22天 / 2663天
等级: 167
石头: 170
呼符: 8
体力: 74.69666666666667 / 146
友情点: 0 / 2569675`
*連続ログイン1日目
※ログインが途切れるか、7日到達すると
1日目から再開されます*
`フレンドポイント X 2000
3月交換券(2024) X 1
`*Fate/Grand Order 春の新米マスター応援キャンペーン2024！
特別ログインボーナス*
*開催期間中、1日1回 最大7回 回数ログインボーナスをプレゼント！*
`聖晶石 X 1
`_2024-03-29 19:34:42_
--------
*8e4325a8da78dc6b19d6911a1e803d30*
`登陆天数: 92天 / 797天
等级: 138
石头: 241
呼符: 29
体力: 36.61333333333333 / 140
友情点: 140 / 991090`
*連続ログイン1日目
※ログインが途切れるか、7日到達すると
1日目から再開されます*
`フレンドポイント X 2000
3月交換券(2024) X 1
`*Fate/Grand Order 春の新米マスター応援キャンペーン2024！
特別ログインボーナス*
*開催期間中、1日1回 最大7回 回数ログインボーナスをプレゼント！*
`聖晶石 X 1
`_2024-03-29 19:34:52_
--------
*216fc160119ce734295777f23a6deca0*
`登陆天数: 52天 / 1442天
等级: 143
石头: 1376
呼符: 102
体力: 30.293333333333337 / 141
友情点: 140 / 2387040`
*連続ログイン3日目
※ログインが途切れるか、7日到達すると
1日目から再開されます*
`叡智の業火 X 1
3月交換券(2024) X 1
`*Fate/Grand Order 春の新米マスター応援キャンペーン2024！
特別ログインボーナス*
*開催期間中、1日1回 最大7回 回数ログインボーナスをプレゼント！*
`聖晶石 X 1
`_2024-03-29 19:35:01_
--------
*d679950706562a7c71e3a5ab4f53a2cf*
`登陆天数: 52天 / 979天
等级: 133
石头: 314
呼符: 31
体力: 56.016666666666666 / 139
友情点: 80 / 773315`
*連続ログイン3日目
※ログインが途切れるか、7日到達すると
1日目から再開されます*
`叡智の業火 X 1
3月交換券(2024) X 1
`*Fate/Grand Order 春の新米マスター応援キャンペーン2024！
特別ログインボーナス*
*開催期間中、1日1回 最大7回 回数ログインボーナスをプレゼント！*
`聖晶石 X 1
`_2024-03-29 19:35:13_
--------
*bd5dad2e34e30589543305c48da9558a*
`登陆天数: 21天 / 35天
等级: 120
石头: 775
呼符: 13
体力: 307.51 / 135
友情点: 0 / 72695`
*連続ログイン7日間到達おめでとうございます！
明日は1日目からリスタートされます。*
`獣の足跡 X 1
呼符 X 1
3月交換券(2024) X 1
`*Fate/Grand Order 春の新米マスター応援キャンペーン2024！
開催記念 初回ログインボーナス*
*開催期間中、初回ログインで「呼符×1」をプレゼント！*
`呼符 X 1
`_2024-03-29 19:35:22_
--------
*cbd11d2d7e06a1c2b2f1f789757cd0ac*
`登陆天数: 21天 / 1175天
等级: 132
石头: 314
呼符: 25
体力: 52130.443333333336 / 138
友情点: 70 / 1127815`
*連続ログイン7日間到達おめでとうございます！
明日は1日目からリスタートされます。*
`獣の足跡 X 1
呼符 X 1
3月交換券(2024) X 1
`*Fate/Grand Order 春の新米マスター応援キャンペーン2024！
開催記念 初回ログインボーナス*
*開催期間中、初回ログインで「呼符×1」をプレゼント！*
`呼符 X 1
`_2024-03-29 19:35:30_
--------
*3b4a081645437bf262d528642bcf9a58*
`登陆天数: 21天 / 957天
等级: 127
石头: 1872
呼符: 76
体力: 5535.156666666667 / 137
友情点: 60 / 702990`
*連続ログイン7日間到達おめでとうございます！
明日は1日目からリスタートされます。*
`獣の足跡 X 1
呼符 X 1
3月交換券(2024) X 1
`*Fate/Grand Order 春の新米マスター応援キャンペーン2024！
開催記念 初回ログインボーナス*
*開催期間中、初回ログインで「呼符×1」をプレゼント！*
`呼符 X 1
`_2024-03-29 19:35:39_
--------
*f63f20327d7c1cebab4aa0591334ecbc*
`登陆天数: 20天 / 239天
等级: 131
石头: 367
呼符: 19
体力: 49.52666666666667 / 138
友情点: 200 / 6632585`
*連続ログイン6日目
※ログインが途切れるか、7日到達すると
1日目から再開されます*
`聖晶石 X 2
3月交換券(2024) X 1
`*Fate/Grand Order 春の新米マスター応援キャンペーン2024！
特別ログインボーナス*
*開催期間中、1日1回 最大7回 回数ログインボーナスをプレゼント！*
`聖晶石 X 1
`_2024-03-29 19:35:47_
--------
