【登录信息】
*af75cc75e91933b02640c226238c1012*
`登陆天数: 22天 / 1411天
等级: 133
石头: 111
呼符: 14
体力: 12.14 / 139
友情点: 320 / 1202175`
*連続ログイン1日目
※ログインが途切れるか、7日到達すると
1日目から再開されます*
`フレンドポイント X 2000
3月交換券(2024) X 1
`*Fate/Grand Order 春の新米マスター応援キャンペーン2024！
特別ログインボーナス*
*開催期間中、1日1回 最大7回 回数ログインボーナスをプレゼント！*
`聖晶石 X 1
`_2024-03-30 19:35:26_
--------
*abc026429421bc613b47d71381f48072*
`登陆天数: 23天 / 2664天
等级: 167
石头: 170
呼符: 8
体力: 82.87 / 146
友情点: 0 / 2570025`
*連続ログイン2日目
※ログインが途切れるか、7日到達すると
1日目から再開されます*
`聖晶石 X 1
3月交換券(2024) X 1
`*Fate/Grand Order 春の新米マスター応援キャンペーン2024！
特別ログインボーナス*
*開催期間中、1日1回 最大7回 回数ログインボーナスをプレゼント！*
`聖晶石 X 1
`_2024-03-30 19:35:34_
--------
*8e4325a8da78dc6b19d6911a1e803d30*
`登陆天数: 93天 / 798天
等级: 138
石头: 241
呼符: 29
体力: 30.78333333333333 / 140
友情点: 440 / 993080`
*連続ログイン2日目
※ログインが途切れるか、7日到達すると
1日目から再開されます*
`聖晶石 X 1
3月交換券(2024) X 1
`*Fate/Grand Order 春の新米マスター応援キャンペーン2024！
特別ログインボーナス*
*開催期間中、1日1回 最大7回 回数ログインボーナスをプレゼント！*
`聖晶石 X 1
`_2024-03-30 19:35:44_
--------
*216fc160119ce734295777f23a6deca0*
`登陆天数: 53天 / 1443天
等级: 143
石头: 1376
呼符: 102
体力: 24.46333333333334 / 141
友情点: 230 / 2388240`
*連続ログイン4日目
※ログインが途切れるか、7日到達すると
1日目から再開されます*
`聖晶石 X 1
3月交換券(2024) X 1
`*Fate/Grand Order 春の新米マスター応援キャンペーン2024！
特別ログインボーナス*
*開催期間中、1日1回 最大7回 回数ログインボーナスをプレゼント！*
`聖晶石 X 1
`_2024-03-30 19:35:53_
--------
*d679950706562a7c71e3a5ab4f53a2cf*
`登陆天数: 53天 / 980天
等级: 133
石头: 317
呼符: 31
体力: 24.186666666666667 / 139
友情点: 160 / 774215`
*連続ログイン4日目
※ログインが途切れるか、7日到達すると
1日目から再開されます*
`聖晶石 X 1
3月交換券(2024) X 1
`*Fate/Grand Order 春の新米マスター応援キャンペーン2024！
特別ログインボーナス*
*開催期間中、1日1回 最大7回 回数ログインボーナスをプレゼント！*
`聖晶石 X 1
`_2024-03-30 19:36:04_
--------
*bd5dad2e34e30589543305c48da9558a*
`登陆天数: 22天 / 36天
等级: 120
石头: 775
呼符: 13
体力: 595.6766666666667 / 135
友情点: 0 / 72695`
*連続ログイン1日目
※ログインが途切れるか、7日到達すると
1日目から再開されます*
`フレンドポイント X 2000
3月交換券(2024) X 1
`*Fate/Grand Order 春の新米マスター応援キャンペーン2024！
特別ログインボーナス*
*開催期間中、1日1回 最大7回 回数ログインボーナスをプレゼント！*
`聖晶石 X 1
`_2024-03-30 19:36:12_
--------
*cbd11d2d7e06a1c2b2f1f789757cd0ac*
`登陆天数: 22天 / 1176天
等级: 132
石头: 314
呼符: 25
体力: 52418.61 / 138
友情点: 120 / 1127935`
*連続ログイン1日目
※ログインが途切れるか、7日到達すると
1日目から再開されます*
`フレンドポイント X 2000
3月交換券(2024) X 1
`*Fate/Grand Order 春の新米マスター応援キャンペーン2024！
特別ログインボーナス*
*開催期間中、1日1回 最大7回 回数ログインボーナスをプレゼント！*
`聖晶石 X 1
`_2024-03-30 19:36:20_
--------
*3b4a081645437bf262d528642bcf9a58*
`登陆天数: 22天 / 958天
等级: 127
石头: 422
呼符: 1
体力: 5823.32 / 137
友情点: 60 / 707250`
*連続ログイン1日目
※ログインが途切れるか、7日到達すると
1日目から再開されます*
`フレンドポイント X 2000
3月交換券(2024) X 1
`*Fate/Grand Order 春の新米マスター応援キャンペーン2024！
特別ログインボーナス*
*開催期間中、1日1回 最大7回 回数ログインボーナスをプレゼント！*
`聖晶石 X 1
`_2024-03-30 19:36:28_
--------
*f63f20327d7c1cebab4aa0591334ecbc*
`登陆天数: 21天 / 240天
等级: 131
石头: 372
呼符: 19
体力: 30.689999999999998 / 138
友情点: 40 / 6633645`
*連続ログイン7日間到達おめでとうございます！
明日は1日目からリスタートされます。*
`獣の足跡 X 1
呼符 X 1
3月交換券(2024) X 1
`*Fate/Grand Order 春の新米マスター応援キャンペーン2024！
特別ログインボーナス*
*開催期間中、1日1回 最大7回 回数ログインボーナスをプレゼント！*
`聖晶石 X 1
`_2024-03-30 19:36:36_
--------
